[ 2016-09-01T09:20:18+08:00 ] 127.0.0.1 /index.php?s=/addon/Wecome/Wecome/config.html&mdm=45
INFO: [ app_init ] --START--
INFO: Run Behavior\BuildLiteBehavior [ RunTime:0.000050s ]
INFO: Run Common\Behavior\InitHookBehavior [ RunTime:0.594566s ]
INFO: [ app_init ] --END-- [ RunTime:0.655305s ]
INFO: [ app_begin ] --START--
INFO: Run Behavior\ReadHtmlCacheBehavior [ RunTime:0.143581s ]
INFO: [ app_begin ] --END-- [ RunTime:0.143711s ]
SQL: SELECT `value` FROM `wp_config` WHERE ( name="FOLLOW_YOUKE_UID" ) LIMIT 1   [ RunTime:0.2276s ]
SQL: UPDATE `wp_config` SET `value`='-12040' WHERE ( name="FOLLOW_YOUKE_UID" ) [ RunTime:0.0005s ]
NOTIC: [8] Undefined index: uid /Users/mac/eclipse_php/weiphp/ThinkPHP/Library/Think/Controller.class.php 第 506 行.
SQL: SHOW COLUMNS FROM `wp_auth_group_access` [ RunTime:1.5652s ]
SQL: SELECT a.uid,a.group_id,g.title,g.rules FROM wp_auth_group_access a INNER JOIN wp_auth_group g on a.group_id=g.id  WHERE ( a.uid='-12040' and g.status='1' )  [ RunTime:0.0006s ]
SQL: SELECT `id`,`token` FROM `wp_public`  [ RunTime:0.0005s ]
NOTIC: [8] Undefined offset: -1 /Users/mac/eclipse_php/weiphp/Application/Common/Model/PublicModel.class.php 第 38 行.
NOTIC: [8] Undefined index: addon_status /Users/mac/eclipse_php/weiphp/Application/Common/Model/AddonStatusModel.class.php 第 47 行.
NOTIC: [8] Undefined index: group_id /Users/mac/eclipse_php/weiphp/Application/Common/Model/AddonStatusModel.class.php 第 50 行.
NOTIC: [8] Undefined variable: addons /Users/mac/eclipse_php/weiphp/Application/Common/Common/function.php 第 501 行.
NOTIC: [8] Undefined variable: addons /Users/mac/eclipse_php/weiphp/Application/Common/Common/function.php 第 501 行.
NOTIC: [8] Undefined variable: addons /Users/mac/eclipse_php/weiphp/Application/Common/Common/function.php 第 501 行.
NOTIC: [8] Undefined variable: addons /Users/mac/eclipse_php/weiphp/Application/Common/Common/function.php 第 501 行.
NOTIC: [8] Undefined variable: addons /Users/mac/eclipse_php/weiphp/Application/Common/Common/function.php 第 501 行.
NOTIC: [8] Undefined variable: addons /Users/mac/eclipse_php/weiphp/Application/Common/Common/function.php 第 501 行.
NOTIC: [8] Undefined variable: addons /Users/mac/eclipse_php/weiphp/Application/Common/Common/function.php 第 501 行.
NOTIC: [8] Undefined variable: addons /Users/mac/eclipse_php/weiphp/Application/Common/Common/function.php 第 501 行.
NOTIC: [8] Undefined variable: addons /Users/mac/eclipse_php/weiphp/Application/Common/Common/function.php 第 501 行.
NOTIC: [8] Undefined variable: addons /Users/mac/eclipse_php/weiphp/Application/Common/Common/function.php 第 501 行.
NOTIC: [8] Undefined variable: addons /Users/mac/eclipse_php/weiphp/Application/Common/Common/function.php 第 501 行.
NOTIC: [8] Undefined variable: addons /Users/mac/eclipse_php/weiphp/Application/Common/Common/function.php 第 501 行.
NOTIC: [8] Undefined variable: addons /Users/mac/eclipse_php/weiphp/Application/Common/Common/function.php 第 501 行.
NOTIC: [8] Undefined variable: addons /Users/mac/eclipse_php/weiphp/Application/Common/Common/function.php 第 501 行.
NOTIC: [8] Undefined variable: addons /Users/mac/eclipse_php/weiphp/Application/Common/Common/function.php 第 501 行.
NOTIC: [8] Undefined variable: addons /Users/mac/eclipse_php/weiphp/Application/Common/Common/function.php 第 501 行.
NOTIC: [8] Undefined variable: addons /Users/mac/eclipse_php/weiphp/Application/Common/Common/function.php 第 501 行.
NOTIC: [8] Undefined variable: addons /Users/mac/eclipse_php/weiphp/Application/Common/Common/function.php 第 501 行.
NOTIC: [8] Undefined variable: addons /Users/mac/eclipse_php/weiphp/Application/Common/Common/function.php 第 501 行.
NOTIC: [8] Undefined variable: addons /Users/mac/eclipse_php/weiphp/Application/Common/Common/function.php 第 501 行.
NOTIC: [8] Undefined variable: addons /Users/mac/eclipse_php/weiphp/Application/Common/Common/function.php 第 501 行.
NOTIC: [8] Undefined variable: addons /Users/mac/eclipse_php/weiphp/Application/Common/Common/function.php 第 501 行.
NOTIC: [8] Undefined variable: addons /Users/mac/eclipse_php/weiphp/Application/Common/Common/function.php 第 501 行.
NOTIC: [8] Undefined variable: addons /Users/mac/eclipse_php/weiphp/Application/Common/Common/function.php 第 501 行.
NOTIC: [8] Undefined variable: addons /Users/mac/eclipse_php/weiphp/Application/Common/Common/function.php 第 501 行.
NOTIC: [8] Undefined variable: addons /Users/mac/eclipse_php/weiphp/Application/Common/Common/function.php 第 501 行.
NOTIC: [8] Undefined variable: addons /Users/mac/eclipse_php/weiphp/Application/Common/Common/function.php 第 501 行.
NOTIC: [8] Undefined variable: addons /Users/mac/eclipse_php/weiphp/Application/Common/Common/function.php 第 501 行.
NOTIC: [8] Undefined variable: addons /Users/mac/eclipse_php/weiphp/Application/Common/Common/function.php 第 501 行.
NOTIC: [8] Undefined variable: addons /Users/mac/eclipse_php/weiphp/Application/Common/Common/function.php 第 501 行.
NOTIC: [8] Undefined variable: addons /Users/mac/eclipse_php/weiphp/Application/Common/Common/function.php 第 501 行.
NOTIC: [8] Undefined variable: addons /Users/mac/eclipse_php/weiphp/Application/Common/Common/function.php 第 501 行.
NOTIC: [8] Undefined variable: addons /Users/mac/eclipse_php/weiphp/Application/Common/Common/function.php 第 501 行.
NOTIC: [8] Undefined variable: addons /Users/mac/eclipse_php/weiphp/Application/Common/Common/function.php 第 501 行.
NOTIC: [8] Undefined variable: addons /Users/mac/eclipse_php/weiphp/Application/Common/Common/function.php 第 501 行.
NOTIC: [8] Undefined variable: addons /Users/mac/eclipse_php/weiphp/Application/Common/Common/function.php 第 501 行.
NOTIC: [8] Undefined variable: addons /Users/mac/eclipse_php/weiphp/Application/Common/Common/function.php 第 501 行.
NOTIC: [8] Undefined variable: addons /Users/mac/eclipse_php/weiphp/Application/Common/Common/function.php 第 501 行.
NOTIC: [8] Undefined variable: addons /Users/mac/eclipse_php/weiphp/Application/Common/Common/function.php 第 501 行.
NOTIC: [8] Undefined variable: addons /Users/mac/eclipse_php/weiphp/Application/Common/Common/function.php 第 501 行.
NOTIC: [8] Undefined variable: addons /Users/mac/eclipse_php/weiphp/Application/Common/Common/function.php 第 501 行.
SQL: SELECT * FROM `wp_manager_menu` WHERE `uid` = 0 AND `is_hide` = 0 ORDER BY sort asc, id asc  [ RunTime:0.0005s ]
SQL: SELECT * FROM `wp_manager_menu` WHERE `uid` = 1 AND `is_hide` = 0 ORDER BY sort asc, id asc  [ RunTime:0.0008s ]
NOTIC: [8] Undefined variable: addons /Users/mac/eclipse_php/weiphp/Application/Common/Common/function.php 第 501 行.
NOTIC: [8] Undefined variable: addons /Users/mac/eclipse_php/weiphp/Application/Common/Common/function.php 第 501 行.
NOTIC: [8] Undefined variable: addons /Users/mac/eclipse_php/weiphp/Application/Common/Common/function.php 第 501 行.
NOTIC: [8] Undefined variable: addons /Users/mac/eclipse_php/weiphp/Application/Common/Common/function.php 第 501 行.
NOTIC: [8] Undefined variable: addons /Users/mac/eclipse_php/weiphp/Application/Common/Common/function.php 第 501 行.
NOTIC: [8] Undefined variable: addons /Users/mac/eclipse_php/weiphp/Application/Common/Common/function.php 第 501 行.
NOTIC: [8] Undefined variable: addons /Users/mac/eclipse_php/weiphp/Application/Common/Common/function.php 第 501 行.
NOTIC: [8] Undefined variable: addons /Users/mac/eclipse_php/weiphp/Application/Common/Common/function.php 第 501 行.
NOTIC: [8] Undefined variable: addons /Users/mac/eclipse_php/weiphp/Application/Common/Common/function.php 第 501 行.
NOTIC: [8] Undefined variable: addons /Users/mac/eclipse_php/weiphp/Application/Common/Common/function.php 第 501 行.
NOTIC: [8] Undefined variable: addons /Users/mac/eclipse_php/weiphp/Application/Common/Common/function.php 第 501 行.
NOTIC: [8] Undefined variable: addons /Users/mac/eclipse_php/weiphp/Application/Common/Common/function.php 第 501 行.
NOTIC: [8] Undefined variable: addons /Users/mac/eclipse_php/weiphp/Application/Common/Common/function.php 第 501 行.
NOTIC: [8] Undefined variable: addons /Users/mac/eclipse_php/weiphp/Application/Common/Common/function.php 第 501 行.
NOTIC: [8] Undefined variable: addons /Users/mac/eclipse_php/weiphp/Application/Common/Common/function.php 第 501 行.
NOTIC: [8] Undefined variable: addons /Users/mac/eclipse_php/weiphp/Application/Common/Common/function.php 第 501 行.
NOTIC: [8] Undefined offset: 14 /Users/mac/eclipse_php/weiphp/Application/Common/Model/ManagerMenuModel.class.php 第 94 行.
NOTIC: [8] Undefined offset: 14 /Users/mac/eclipse_php/weiphp/Application/Common/Model/ManagerMenuModel.class.php 第 104 行.
NOTIC: [8] Undefined offset: 60 /Users/mac/eclipse_php/weiphp/Application/Common/Model/ManagerMenuModel.class.php 第 94 行.
NOTIC: [8] Undefined offset: 60 /Users/mac/eclipse_php/weiphp/Application/Common/Model/ManagerMenuModel.class.php 第 104 行.
NOTIC: [8] Undefined variable: addons /Users/mac/eclipse_php/weiphp/Application/Common/Common/function.php 第 501 行.
NOTIC: [8] Undefined index: HTTP_REFERER /Users/mac/eclipse_php/weiphp/Application/Common/Model/ManagerMenuModel.class.php 第 127 行.
NOTIC: [8] Undefined offset: 1 /Users/mac/eclipse_php/weiphp/Application/Common/Model/ManagerMenuModel.class.php 第 131 行.
SQL: SELECT * FROM `wp_public_link` WHERE `uid` = 0  [ RunTime:0.0005s ]
NOTIC: [2] Invalid argument supplied for foreach() /Users/mac/eclipse_php/weiphp/Application/Common/Model/PublicModel.class.php 第 46 行.
NOTIC: [8] Undefined variable: res /Users/mac/eclipse_php/weiphp/Application/Common/Model/PublicModel.class.php 第 50 行.

[ 2016-09-01T09:20:21+08:00 ] 127.0.0.1 /index.php?s=/Home/Public/step_0/from/2.html
INFO: [ app_init ] --START--
INFO: Run Behavior\BuildLiteBehavior [ RunTime:0.000028s ]
INFO: Run Common\Behavior\InitHookBehavior [ RunTime:0.001242s ]
INFO: [ app_init ] --END-- [ RunTime:0.001778s ]
INFO: [ app_begin ] --START--
INFO: Run Behavior\ReadHtmlCacheBehavior [ RunTime:0.000379s ]
INFO: [ app_begin ] --END-- [ RunTime:0.000467s ]
SQL: SELECT `value` FROM `wp_config` WHERE ( name="FOLLOW_YOUKE_UID" ) LIMIT 1   [ RunTime:0.0004s ]
SQL: UPDATE `wp_config` SET `value`='-12041' WHERE ( name="FOLLOW_YOUKE_UID" ) [ RunTime:0.0003s ]
NOTIC: [8] Undefined index: uid /Users/mac/eclipse_php/weiphp/ThinkPHP/Library/Think/Controller.class.php 第 506 行.
SQL: SHOW COLUMNS FROM `wp_auth_group_access` [ RunTime:1.3344s ]
SQL: SELECT a.uid,a.group_id,g.title,g.rules FROM wp_auth_group_access a INNER JOIN wp_auth_group g on a.group_id=g.id  WHERE ( a.uid='-12041' and g.status='1' )  [ RunTime:0.0005s ]

[ 2016-09-01T09:20:30+08:00 ] 127.0.0.1 /index.php?s=/home/user/login/from/6.html
INFO: [ app_init ] --START--
INFO: Run Behavior\BuildLiteBehavior [ RunTime:0.000021s ]
INFO: Run Common\Behavior\InitHookBehavior [ RunTime:0.000969s ]
INFO: [ app_init ] --END-- [ RunTime:0.001325s ]
INFO: [ app_begin ] --START--
INFO: Run Behavior\ReadHtmlCacheBehavior [ RunTime:0.000304s ]
INFO: [ app_begin ] --END-- [ RunTime:0.000376s ]
SQL: SELECT `value` FROM `wp_config` WHERE ( name="FOLLOW_YOUKE_UID" ) LIMIT 1   [ RunTime:0.0005s ]
SQL: UPDATE `wp_config` SET `value`='-12042' WHERE ( name="FOLLOW_YOUKE_UID" ) [ RunTime:0.0005s ]
NOTIC: [8] Undefined index: uid /Users/mac/eclipse_php/weiphp/ThinkPHP/Library/Think/Controller.class.php 第 506 行.
SQL: SHOW COLUMNS FROM `wp_auth_group_access` [ RunTime:0.8780s ]
SQL: SELECT a.uid,a.group_id,g.title,g.rules FROM wp_auth_group_access a INNER JOIN wp_auth_group g on a.group_id=g.id  WHERE ( a.uid='-12042' and g.status='1' )  [ RunTime:0.0005s ]
SQL: SELECT `id`,`token` FROM `wp_public`  [ RunTime:0.0004s ]
NOTIC: [8] Undefined offset: -1 /Users/mac/eclipse_php/weiphp/Application/Common/Model/PublicModel.class.php 第 38 行.
NOTIC: [8] Undefined index: addon_status /Users/mac/eclipse_php/weiphp/Application/Common/Model/AddonStatusModel.class.php 第 47 行.
NOTIC: [8] Undefined index: group_id /Users/mac/eclipse_php/weiphp/Application/Common/Model/AddonStatusModel.class.php 第 50 行.
NOTIC: [8] Undefined variable: addons /Users/mac/eclipse_php/weiphp/Application/Common/Common/function.php 第 501 行.
NOTIC: [8] Undefined variable: addons /Users/mac/eclipse_php/weiphp/Application/Common/Common/function.php 第 501 行.
NOTIC: [8] Undefined variable: addons /Users/mac/eclipse_php/weiphp/Application/Common/Common/function.php 第 501 行.
NOTIC: [8] Undefined variable: addons /Users/mac/eclipse_php/weiphp/Application/Common/Common/function.php 第 501 行.
NOTIC: [8] Undefined variable: addons /Users/mac/eclipse_php/weiphp/Application/Common/Common/function.php 第 501 行.
NOTIC: [8] Undefined variable: addons /Users/mac/eclipse_php/weiphp/Application/Common/Common/function.php 第 501 行.
NOTIC: [8] Undefined variable: addons /Users/mac/eclipse_php/weiphp/Application/Common/Common/function.php 第 501 行.
NOTIC: [8] Undefined variable: addons /Users/mac/eclipse_php/weiphp/Application/Common/Common/function.php 第 501 行.
NOTIC: [8] Undefined variable: addons /Users/mac/eclipse_php/weiphp/Application/Common/Common/function.php 第 501 行.
NOTIC: [8] Undefined variable: addons /Users/mac/eclipse_php/weiphp/Application/Common/Common/function.php 第 501 行.
NOTIC: [8] Undefined variable: addons /Users/mac/eclipse_php/weiphp/Application/Common/Common/function.php 第 501 行.
NOTIC: [8] Undefined variable: addons /Users/mac/eclipse_php/weiphp/Application/Common/Common/function.php 第 501 行.
NOTIC: [8] Undefined variable: addons /Users/mac/eclipse_php/weiphp/Application/Common/Common/function.php 第 501 行.
NOTIC: [8] Undefined variable: addons /Users/mac/eclipse_php/weiphp/Application/Common/Common/function.php 第 501 行.
NOTIC: [8] Undefined variable: addons /Users/mac/eclipse_php/weiphp/Application/Common/Common/function.php 第 501 行.
NOTIC: [8] Undefined variable: addons /Users/mac/eclipse_php/weiphp/Application/Common/Common/function.php 第 501 行.
NOTIC: [8] Undefined variable: addons /Users/mac/eclipse_php/weiphp/Application/Common/Common/function.php 第 501 行.
NOTIC: [8] Undefined variable: addons /Users/mac/eclipse_php/weiphp/Application/Common/Common/function.php 第 501 行.
NOTIC: [8] Undefined variable: addons /Users/mac/eclipse_php/weiphp/Application/Common/Common/function.php 第 501 行.
NOTIC: [8] Undefined variable: addons /Users/mac/eclipse_php/weiphp/Application/Common/Common/function.php 第 501 行.
NOTIC: [8] Undefined variable: addons /Users/mac/eclipse_php/weiphp/Application/Common/Common/function.php 第 501 行.
NOTIC: [8] Undefined variable: addons /Users/mac/eclipse_php/weiphp/Application/Common/Common/function.php 第 501 行.
NOTIC: [8] Undefined variable: addons /Users/mac/eclipse_php/weiphp/Application/Common/Common/function.php 第 501 行.
NOTIC: [8] Undefined variable: addons /Users/mac/eclipse_php/weiphp/Application/Common/Common/function.php 第 501 行.
NOTIC: [8] Undefined variable: addons /Users/mac/eclipse_php/weiphp/Application/Common/Common/function.php 第 501 行.
NOTIC: [8] Undefined variable: addons /Users/mac/eclipse_php/weiphp/Application/Common/Common/function.php 第 501 行.
NOTIC: [8] Undefined variable: addons /Users/mac/eclipse_php/weiphp/Application/Common/Common/function.php 第 501 行.
NOTIC: [8] Undefined variable: addons /Users/mac/eclipse_php/weiphp/Application/Common/Common/function.php 第 501 行.
NOTIC: [8] Undefined variable: addons /Users/mac/eclipse_php/weiphp/Application/Common/Common/function.php 第 501 行.
NOTIC: [8] Undefined variable: addons /Users/mac/eclipse_php/weiphp/Application/Common/Common/function.php 第 501 行.
NOTIC: [8] Undefined variable: addons /Users/mac/eclipse_php/weiphp/Application/Common/Common/function.php 第 501 行.
NOTIC: [8] Undefined variable: addons /Users/mac/eclipse_php/weiphp/Application/Common/Common/function.php 第 501 行.
NOTIC: [8] Undefined variable: addons /Users/mac/eclipse_php/weiphp/Application/Common/Common/function.php 第 501 行.
NOTIC: [8] Undefined variable: addons /Users/mac/eclipse_php/weiphp/Application/Common/Common/function.php 第 501 行.
NOTIC: [8] Undefined variable: addons /Users/mac/eclipse_php/weiphp/Application/Common/Common/function.php 第 501 行.
NOTIC: [8] Undefined variable: addons /Users/mac/eclipse_php/weiphp/Application/Common/Common/function.php 第 501 行.
NOTIC: [8] Undefined variable: addons /Users/mac/eclipse_php/weiphp/Application/Common/Common/function.php 第 501 行.
NOTIC: [8] Undefined variable: addons /Users/mac/eclipse_php/weiphp/Application/Common/Common/function.php 第 501 行.
NOTIC: [8] Undefined variable: addons /Users/mac/eclipse_php/weiphp/Application/Common/Common/function.php 第 501 行.
NOTIC: [8] Undefined variable: addons /Users/mac/eclipse_php/weiphp/Application/Common/Common/function.php 第 501 行.
NOTIC: [8] Undefined variable: addons /Users/mac/eclipse_php/weiphp/Application/Common/Common/function.php 第 501 行.
SQL: SELECT * FROM `wp_manager_menu` WHERE `uid` = 0 AND `is_hide` = 0 ORDER BY sort asc, id asc  [ RunTime:0.0006s ]
SQL: SELECT * FROM `wp_manager_menu` WHERE `uid` = 1 AND `is_hide` = 0 ORDER BY sort asc, id asc  [ RunTime:0.0007s ]
NOTIC: [8] Undefined variable: addons /Users/mac/eclipse_php/weiphp/Application/Common/Common/function.php 第 501 行.
NOTIC: [8] Undefined variable: addons /Users/mac/eclipse_php/weiphp/Application/Common/Common/function.php 第 501 行.
NOTIC: [8] Undefined variable: addons /Users/mac/eclipse_php/weiphp/Application/Common/Common/function.php 第 501 行.
NOTIC: [8] Undefined variable: addons /Users/mac/eclipse_php/weiphp/Application/Common/Common/function.php 第 501 行.
NOTIC: [8] Undefined variable: addons /Users/mac/eclipse_php/weiphp/Application/Common/Common/function.php 第 501 行.
NOTIC: [8] Undefined variable: addons /Users/mac/eclipse_php/weiphp/Application/Common/Common/function.php 第 501 行.
NOTIC: [8] Undefined variable: addons /Users/mac/eclipse_php/weiphp/Application/Common/Common/function.php 第 501 行.
NOTIC: [8] Undefined variable: addons /Users/mac/eclipse_php/weiphp/Application/Common/Common/function.php 第 501 行.
NOTIC: [8] Undefined variable: addons /Users/mac/eclipse_php/weiphp/Application/Common/Common/function.php 第 501 行.
NOTIC: [8] Undefined variable: addons /Users/mac/eclipse_php/weiphp/Application/Common/Common/function.php 第 501 行.
NOTIC: [8] Undefined variable: addons /Users/mac/eclipse_php/weiphp/Application/Common/Common/function.php 第 501 行.
NOTIC: [8] Undefined variable: addons /Users/mac/eclipse_php/weiphp/Application/Common/Common/function.php 第 501 行.
NOTIC: [8] Undefined variable: addons /Users/mac/eclipse_php/weiphp/Application/Common/Common/function.php 第 501 行.
NOTIC: [8] Undefined variable: addons /Users/mac/eclipse_php/weiphp/Application/Common/Common/function.php 第 501 行.
NOTIC: [8] Undefined variable: addons /Users/mac/eclipse_php/weiphp/Application/Common/Common/function.php 第 501 行.
NOTIC: [8] Undefined variable: addons /Users/mac/eclipse_php/weiphp/Application/Common/Common/function.php 第 501 行.
NOTIC: [8] Undefined offset: 14 /Users/mac/eclipse_php/weiphp/Application/Common/Model/ManagerMenuModel.class.php 第 94 行.
NOTIC: [8] Undefined offset: 14 /Users/mac/eclipse_php/weiphp/Application/Common/Model/ManagerMenuModel.class.php 第 104 行.
NOTIC: [8] Undefined offset: 60 /Users/mac/eclipse_php/weiphp/Application/Common/Model/ManagerMenuModel.class.php 第 94 行.
NOTIC: [8] Undefined offset: 60 /Users/mac/eclipse_php/weiphp/Application/Common/Model/ManagerMenuModel.class.php 第 104 行.
NOTIC: [8] Undefined variable: addons /Users/mac/eclipse_php/weiphp/Application/Common/Common/function.php 第 501 行.
NOTIC: [8] Undefined index: HTTP_REFERER /Users/mac/eclipse_php/weiphp/Application/Common/Model/ManagerMenuModel.class.php 第 127 行.
NOTIC: [8] Undefined index: side /Users/mac/eclipse_php/weiphp/Application/Common/Model/ManagerMenuModel.class.php 第 167 行.
NOTIC: [8] Undefined index: side /Users/mac/eclipse_php/weiphp/Application/Common/Model/ManagerMenuModel.class.php 第 167 行.
NOTIC: [8] Undefined index: side /Users/mac/eclipse_php/weiphp/Application/Common/Model/ManagerMenuModel.class.php 第 167 行.
NOTIC: [8] Undefined index: side /Users/mac/eclipse_php/weiphp/Application/Common/Model/ManagerMenuModel.class.php 第 167 行.
NOTIC: [8] Undefined index: side /Users/mac/eclipse_php/weiphp/Application/Common/Model/ManagerMenuModel.class.php 第 167 行.
NOTIC: [8] Undefined index: side /Users/mac/eclipse_php/weiphp/Application/Common/Model/ManagerMenuModel.class.php 第 167 行.
NOTIC: [8] Undefined index: side /Users/mac/eclipse_php/weiphp/Application/Common/Model/ManagerMenuModel.class.php 第 167 行.
NOTIC: [8] Undefined index: side /Users/mac/eclipse_php/weiphp/Application/Common/Model/ManagerMenuModel.class.php 第 167 行.
NOTIC: [8] Undefined index: side /Users/mac/eclipse_php/weiphp/Application/Common/Model/ManagerMenuModel.class.php 第 167 行.
NOTIC: [8] Undefined index: side /Users/mac/eclipse_php/weiphp/Application/Common/Model/ManagerMenuModel.class.php 第 167 行.
NOTIC: [8] Undefined index: side /Users/mac/eclipse_php/weiphp/Application/Common/Model/ManagerMenuModel.class.php 第 167 行.
NOTIC: [8] Undefined index: side /Users/mac/eclipse_php/weiphp/Application/Common/Model/ManagerMenuModel.class.php 第 167 行.
NOTIC: [8] Undefined index: side /Users/mac/eclipse_php/weiphp/Application/Common/Model/ManagerMenuModel.class.php 第 167 行.
NOTIC: [8] Undefined index: side /Users/mac/eclipse_php/weiphp/Application/Common/Model/ManagerMenuModel.class.php 第 167 行.
NOTIC: [8] Undefined index: side /Users/mac/eclipse_php/weiphp/Application/Common/Model/ManagerMenuModel.class.php 第 167 行.
NOTIC: [8] Undefined index: side /Users/mac/eclipse_php/weiphp/Application/Common/Model/ManagerMenuModel.class.php 第 167 行.
NOTIC: [8] Undefined index: side /Users/mac/eclipse_php/weiphp/Application/Common/Model/ManagerMenuModel.class.php 第 167 行.
NOTIC: [8] Undefined index: side /Users/mac/eclipse_php/weiphp/Application/Common/Model/ManagerMenuModel.class.php 第 167 行.
NOTIC: [8] Undefined index: side /Users/mac/eclipse_php/weiphp/Application/Common/Model/ManagerMenuModel.class.php 第 167 行.
NOTIC: [8] Undefined index: side /Users/mac/eclipse_php/weiphp/Application/Common/Model/ManagerMenuModel.class.php 第 167 行.
NOTIC: [8] Undefined index: side /Users/mac/eclipse_php/weiphp/Application/Common/Model/ManagerMenuModel.class.php 第 167 行.
NOTIC: [8] Undefined index: side /Users/mac/eclipse_php/weiphp/Application/Common/Model/ManagerMenuModel.class.php 第 167 行.
NOTIC: [8] Undefined index: side /Users/mac/eclipse_php/weiphp/Application/Common/Model/ManagerMenuModel.class.php 第 167 行.
NOTIC: [8] Undefined index: side /Users/mac/eclipse_php/weiphp/Application/Common/Model/ManagerMenuModel.class.php 第 167 行.
NOTIC: [8] Undefined index: side /Users/mac/eclipse_php/weiphp/Application/Common/Model/ManagerMenuModel.class.php 第 167 行.
NOTIC: [8] Undefined index: side /Users/mac/eclipse_php/weiphp/Application/Common/Model/ManagerMenuModel.class.php 第 167 行.
NOTIC: [8] Undefined index: side /Users/mac/eclipse_php/weiphp/Application/Common/Model/ManagerMenuModel.class.php 第 167 行.
NOTIC: [8] Undefined index: side /Users/mac/eclipse_php/weiphp/Application/Common/Model/ManagerMenuModel.class.php 第 167 行.
NOTIC: [8] Undefined index: side /Users/mac/eclipse_php/weiphp/Application/Common/Model/ManagerMenuModel.class.php 第 167 行.
NOTIC: [8] Undefined index: side /Users/mac/eclipse_php/weiphp/Application/Common/Model/ManagerMenuModel.class.php 第 167 行.
NOTIC: [8] Undefined index: side /Users/mac/eclipse_php/weiphp/Application/Common/Model/ManagerMenuModel.class.php 第 167 行.
NOTIC: [8] Undefined index: side /Users/mac/eclipse_php/weiphp/Application/Common/Model/ManagerMenuModel.class.php 第 167 行.
NOTIC: [8] Undefined index: side /Users/mac/eclipse_php/weiphp/Application/Common/Model/ManagerMenuModel.class.php 第 167 行.
NOTIC: [8] Undefined index: side /Users/mac/eclipse_php/weiphp/Application/Common/Model/ManagerMenuModel.class.php 第 167 行.
NOTIC: [8] Undefined index: side /Users/mac/eclipse_php/weiphp/Application/Common/Model/ManagerMenuModel.class.php 第 167 行.
NOTIC: [8] Undefined index: side /Users/mac/eclipse_php/weiphp/Application/Common/Model/ManagerMenuModel.class.php 第 167 行.
NOTIC: [8] Undefined index: side /Users/mac/eclipse_php/weiphp/Application/Common/Model/ManagerMenuModel.class.php 第 167 行.
NOTIC: [8] Undefined index: side /Users/mac/eclipse_php/weiphp/Application/Common/Model/ManagerMenuModel.class.php 第 167 行.
NOTIC: [8] Undefined index: side /Users/mac/eclipse_php/weiphp/Application/Common/Model/ManagerMenuModel.class.php 第 167 行.
NOTIC: [8] Undefined index: side /Users/mac/eclipse_php/weiphp/Application/Common/Model/ManagerMenuModel.class.php 第 167 行.
NOTIC: [8] Undefined index: side /Users/mac/eclipse_php/weiphp/Application/Common/Model/ManagerMenuModel.class.php 第 167 行.
NOTIC: [8] Undefined index: side /Users/mac/eclipse_php/weiphp/Application/Common/Model/ManagerMenuModel.class.php 第 167 行.
NOTIC: [8] Undefined index: side /Users/mac/eclipse_php/weiphp/Application/Common/Model/ManagerMenuModel.class.php 第 167 行.
NOTIC: [8] Undefined index: side /Users/mac/eclipse_php/weiphp/Application/Common/Model/ManagerMenuModel.class.php 第 167 行.
NOTIC: [8] Undefined index: side /Users/mac/eclipse_php/weiphp/Application/Common/Model/ManagerMenuModel.class.php 第 167 行.
NOTIC: [8] Undefined offset: 14 /Users/mac/eclipse_php/weiphp/Application/Common/Model/ManagerMenuModel.class.php 第 173 行.
SQL: SELECT * FROM `wp_public_link` WHERE `uid` = 0  [ RunTime:0.0006s ]
NOTIC: [2] Invalid argument supplied for foreach() /Users/mac/eclipse_php/weiphp/Application/Common/Model/PublicModel.class.php 第 46 行.
NOTIC: [8] Undefined variable: res /Users/mac/eclipse_php/weiphp/Application/Common/Model/PublicModel.class.php 第 50 行.
INFO: [ view_parse ] --START--
INFO: [ template_filter ] --START--
INFO: Run Behavior\ContentReplaceBehavior [ RunTime:0.000127s ]
INFO: [ template_filter ] --END-- [ RunTime:0.000250s ]
INFO: Run Behavior\ParseTemplateBehavior [ RunTime:5.547064s ]
INFO: [ view_parse ] --END-- [ RunTime:5.547225s ]
INFO: [ view_filter ] --START--
INFO: Run Behavior\WriteHtmlCacheBehavior [ RunTime:0.176089s ]
INFO: [ view_filter ] --END-- [ RunTime:0.176240s ]
INFO: [ app_end ] --START--
INFO: Run Behavior\ShowPageTraceBehavior [ RunTime:0.285160s ]
INFO: Run Behavior\CronRunBehavior [ RunTime:0.597287s ]
INFO: [ app_end ] --END-- [ RunTime:0.882869s ]

[ 2016-09-01T09:20:38+08:00 ] 127.0.0.1 /index.php?s=/addon/Wecome/Wecome/config.html&mdm=45
INFO: [ app_init ] --START--
INFO: Run Behavior\BuildLiteBehavior [ RunTime:0.000042s ]
INFO: Run Common\Behavior\InitHookBehavior [ RunTime:0.001367s ]
INFO: [ app_init ] --END-- [ RunTime:0.002031s ]
INFO: [ app_begin ] --START--
INFO: Run Behavior\ReadHtmlCacheBehavior [ RunTime:0.000361s ]
INFO: [ app_begin ] --END-- [ RunTime:0.000442s ]
SQL: SELECT `value` FROM `wp_config` WHERE ( name="FOLLOW_YOUKE_UID" ) LIMIT 1   [ RunTime:0.0005s ]
SQL: UPDATE `wp_config` SET `value`='-12043' WHERE ( name="FOLLOW_YOUKE_UID" ) [ RunTime:0.0005s ]
NOTIC: [8] Undefined index: uid /Users/mac/eclipse_php/weiphp/ThinkPHP/Library/Think/Controller.class.php 第 506 行.
SQL: SHOW COLUMNS FROM `wp_auth_group_access` [ RunTime:0.5162s ]
SQL: SELECT a.uid,a.group_id,g.title,g.rules FROM wp_auth_group_access a INNER JOIN wp_auth_group g on a.group_id=g.id  WHERE ( a.uid='-12043' and g.status='1' )  [ RunTime:0.0006s ]
SQL: SELECT `id`,`token` FROM `wp_public`  [ RunTime:0.0006s ]
NOTIC: [8] Undefined offset: -1 /Users/mac/eclipse_php/weiphp/Application/Common/Model/PublicModel.class.php 第 38 行.
NOTIC: [8] Undefined index: addon_status /Users/mac/eclipse_php/weiphp/Application/Common/Model/AddonStatusModel.class.php 第 47 行.
NOTIC: [8] Undefined index: group_id /Users/mac/eclipse_php/weiphp/Application/Common/Model/AddonStatusModel.class.php 第 50 行.
NOTIC: [8] Undefined variable: addons /Users/mac/eclipse_php/weiphp/Application/Common/Common/function.php 第 501 行.
NOTIC: [8] Undefined variable: addons /Users/mac/eclipse_php/weiphp/Application/Common/Common/function.php 第 501 行.
NOTIC: [8] Undefined variable: addons /Users/mac/eclipse_php/weiphp/Application/Common/Common/function.php 第 501 行.
NOTIC: [8] Undefined variable: addons /Users/mac/eclipse_php/weiphp/Application/Common/Common/function.php 第 501 行.
NOTIC: [8] Undefined variable: addons /Users/mac/eclipse_php/weiphp/Application/Common/Common/function.php 第 501 行.
NOTIC: [8] Undefined variable: addons /Users/mac/eclipse_php/weiphp/Application/Common/Common/function.php 第 501 行.
NOTIC: [8] Undefined variable: addons /Users/mac/eclipse_php/weiphp/Application/Common/Common/function.php 第 501 行.
NOTIC: [8] Undefined variable: addons /Users/mac/eclipse_php/weiphp/Application/Common/Common/function.php 第 501 行.
NOTIC: [8] Undefined variable: addons /Users/mac/eclipse_php/weiphp/Application/Common/Common/function.php 第 501 行.
NOTIC: [8] Undefined variable: addons /Users/mac/eclipse_php/weiphp/Application/Common/Common/function.php 第 501 行.
NOTIC: [8] Undefined variable: addons /Users/mac/eclipse_php/weiphp/Application/Common/Common/function.php 第 501 行.
NOTIC: [8] Undefined variable: addons /Users/mac/eclipse_php/weiphp/Application/Common/Common/function.php 第 501 行.
NOTIC: [8] Undefined variable: addons /Users/mac/eclipse_php/weiphp/Application/Common/Common/function.php 第 501 行.
NOTIC: [8] Undefined variable: addons /Users/mac/eclipse_php/weiphp/Application/Common/Common/function.php 第 501 行.
NOTIC: [8] Undefined variable: addons /Users/mac/eclipse_php/weiphp/Application/Common/Common/function.php 第 501 行.
NOTIC: [8] Undefined variable: addons /Users/mac/eclipse_php/weiphp/Application/Common/Common/function.php 第 501 行.
NOTIC: [8] Undefined variable: addons /Users/mac/eclipse_php/weiphp/Application/Common/Common/function.php 第 501 行.
NOTIC: [8] Undefined variable: addons /Users/mac/eclipse_php/weiphp/Application/Common/Common/function.php 第 501 行.
NOTIC: [8] Undefined variable: addons /Users/mac/eclipse_php/weiphp/Application/Common/Common/function.php 第 501 行.
NOTIC: [8] Undefined variable: addons /Users/mac/eclipse_php/weiphp/Application/Common/Common/function.php 第 501 行.
NOTIC: [8] Undefined variable: addons /Users/mac/eclipse_php/weiphp/Application/Common/Common/function.php 第 501 行.
NOTIC: [8] Undefined variable: addons /Users/mac/eclipse_php/weiphp/Application/Common/Common/function.php 第 501 行.
NOTIC: [8] Undefined variable: addons /Users/mac/eclipse_php/weiphp/Application/Common/Common/function.php 第 501 行.
NOTIC: [8] Undefined variable: addons /Users/mac/eclipse_php/weiphp/Application/Common/Common/function.php 第 501 行.
NOTIC: [8] Undefined variable: addons /Users/mac/eclipse_php/weiphp/Application/Common/Common/function.php 第 501 行.
NOTIC: [8] Undefined variable: addons /Users/mac/eclipse_php/weiphp/Application/Common/Common/function.php 第 501 行.
NOTIC: [8] Undefined variable: addons /Users/mac/eclipse_php/weiphp/Application/Common/Common/function.php 第 501 行.
NOTIC: [8] Undefined variable: addons /Users/mac/eclipse_php/weiphp/Application/Common/Common/function.php 第 501 行.
NOTIC: [8] Undefined variable: addons /Users/mac/eclipse_php/weiphp/Application/Common/Common/function.php 第 501 行.
NOTIC: [8] Undefined variable: addons /Users/mac/eclipse_php/weiphp/Application/Common/Common/function.php 第 501 行.
NOTIC: [8] Undefined variable: addons /Users/mac/eclipse_php/weiphp/Application/Common/Common/function.php 第 501 行.
NOTIC: [8] Undefined variable: addons /Users/mac/eclipse_php/weiphp/Application/Common/Common/function.php 第 501 行.
NOTIC: [8] Undefined variable: addons /Users/mac/eclipse_php/weiphp/Application/Common/Common/function.php 第 501 行.
NOTIC: [8] Undefined variable: addons /Users/mac/eclipse_php/weiphp/Application/Common/Common/function.php 第 501 行.
NOTIC: [8] Undefined variable: addons /Users/mac/eclipse_php/weiphp/Application/Common/Common/function.php 第 501 行.
NOTIC: [8] Undefined variable: addons /Users/mac/eclipse_php/weiphp/Application/Common/Common/function.php 第 501 行.
NOTIC: [8] Undefined variable: addons /Users/mac/eclipse_php/weiphp/Application/Common/Common/function.php 第 501 行.
NOTIC: [8] Undefined variable: addons /Users/mac/eclipse_php/weiphp/Application/Common/Common/function.php 第 501 行.
NOTIC: [8] Undefined variable: addons /Users/mac/eclipse_php/weiphp/Application/Common/Common/function.php 第 501 行.
NOTIC: [8] Undefined variable: addons /Users/mac/eclipse_php/weiphp/Application/Common/Common/function.php 第 501 行.
NOTIC: [8] Undefined variable: addons /Users/mac/eclipse_php/weiphp/Application/Common/Common/function.php 第 501 行.
SQL: SELECT * FROM `wp_manager_menu` WHERE `uid` = 0 AND `is_hide` = 0 ORDER BY sort asc, id asc  [ RunTime:0.0006s ]
SQL: SELECT * FROM `wp_manager_menu` WHERE `uid` = 1 AND `is_hide` = 0 ORDER BY sort asc, id asc  [ RunTime:0.0008s ]
NOTIC: [8] Undefined variable: addons /Users/mac/eclipse_php/weiphp/Application/Common/Common/function.php 第 501 行.
NOTIC: [8] Undefined variable: addons /Users/mac/eclipse_php/weiphp/Application/Common/Common/function.php 第 501 行.
NOTIC: [8] Undefined variable: addons /Users/mac/eclipse_php/weiphp/Application/Common/Common/function.php 第 501 行.
NOTIC: [8] Undefined variable: addons /Users/mac/eclipse_php/weiphp/Application/Common/Common/function.php 第 501 行.
NOTIC: [8] Undefined variable: addons /Users/mac/eclipse_php/weiphp/Application/Common/Common/function.php 第 501 行.
NOTIC: [8] Undefined variable: addons /Users/mac/eclipse_php/weiphp/Application/Common/Common/function.php 第 501 行.
NOTIC: [8] Undefined variable: addons /Users/mac/eclipse_php/weiphp/Application/Common/Common/function.php 第 501 行.
NOTIC: [8] Undefined variable: addons /Users/mac/eclipse_php/weiphp/Application/Common/Common/function.php 第 501 行.
NOTIC: [8] Undefined variable: addons /Users/mac/eclipse_php/weiphp/Application/Common/Common/function.php 第 501 行.
NOTIC: [8] Undefined variable: addons /Users/mac/eclipse_php/weiphp/Application/Common/Common/function.php 第 501 行.
NOTIC: [8] Undefined variable: addons /Users/mac/eclipse_php/weiphp/Application/Common/Common/function.php 第 501 行.
NOTIC: [8] Undefined variable: addons /Users/mac/eclipse_php/weiphp/Application/Common/Common/function.php 第 501 行.
NOTIC: [8] Undefined variable: addons /Users/mac/eclipse_php/weiphp/Application/Common/Common/function.php 第 501 行.
NOTIC: [8] Undefined variable: addons /Users/mac/eclipse_php/weiphp/Application/Common/Common/function.php 第 501 行.
NOTIC: [8] Undefined variable: addons /Users/mac/eclipse_php/weiphp/Application/Common/Common/function.php 第 501 行.
NOTIC: [8] Undefined variable: addons /Users/mac/eclipse_php/weiphp/Application/Common/Common/function.php 第 501 行.
NOTIC: [8] Undefined offset: 14 /Users/mac/eclipse_php/weiphp/Application/Common/Model/ManagerMenuModel.class.php 第 94 行.
NOTIC: [8] Undefined offset: 14 /Users/mac/eclipse_php/weiphp/Application/Common/Model/ManagerMenuModel.class.php 第 104 行.
NOTIC: [8] Undefined offset: 60 /Users/mac/eclipse_php/weiphp/Application/Common/Model/ManagerMenuModel.class.php 第 94 行.
NOTIC: [8] Undefined offset: 60 /Users/mac/eclipse_php/weiphp/Application/Common/Model/ManagerMenuModel.class.php 第 104 行.
NOTIC: [8] Undefined variable: addons /Users/mac/eclipse_php/weiphp/Application/Common/Common/function.php 第 501 行.
NOTIC: [8] Undefined index: HTTP_REFERER /Users/mac/eclipse_php/weiphp/Application/Common/Model/ManagerMenuModel.class.php 第 127 行.
NOTIC: [8] Undefined offset: 1 /Users/mac/eclipse_php/weiphp/Application/Common/Model/ManagerMenuModel.class.php 第 131 行.
SQL: SELECT * FROM `wp_public_link` WHERE `uid` = 0  [ RunTime:0.0005s ]
NOTIC: [2] Invalid argument supplied for foreach() /Users/mac/eclipse_php/weiphp/Application/Common/Model/PublicModel.class.php 第 46 行.
NOTIC: [8] Undefined variable: res /Users/mac/eclipse_php/weiphp/Application/Common/Model/PublicModel.class.php 第 50 行.

[ 2016-09-01T09:20:38+08:00 ] 127.0.0.1 /index.php?s=/Home/Public/step_0/from/2.html
INFO: [ app_init ] --START--
INFO: Run Behavior\BuildLiteBehavior [ RunTime:0.000022s ]
INFO: Run Common\Behavior\InitHookBehavior [ RunTime:0.001037s ]
INFO: [ app_init ] --END-- [ RunTime:0.001424s ]
INFO: [ app_begin ] --START--
INFO: Run Behavior\ReadHtmlCacheBehavior [ RunTime:0.000391s ]
INFO: [ app_begin ] --END-- [ RunTime:0.000471s ]
SQL: SELECT `value` FROM `wp_config` WHERE ( name="FOLLOW_YOUKE_UID" ) LIMIT 1   [ RunTime:0.0003s ]
SQL: UPDATE `wp_config` SET `value`='-12044' WHERE ( name="FOLLOW_YOUKE_UID" ) [ RunTime:0.0003s ]
NOTIC: [8] Undefined index: uid /Users/mac/eclipse_php/weiphp/ThinkPHP/Library/Think/Controller.class.php 第 506 行.
SQL: SHOW COLUMNS FROM `wp_auth_group_access` [ RunTime:0.5325s ]
SQL: SELECT a.uid,a.group_id,g.title,g.rules FROM wp_auth_group_access a INNER JOIN wp_auth_group g on a.group_id=g.id  WHERE ( a.uid='-12044' and g.status='1' )  [ RunTime:0.0004s ]

[ 2016-09-01T09:20:39+08:00 ] 127.0.0.1 /index.php?s=/home/user/login/from/6.html
INFO: [ app_init ] --START--
INFO: Run Behavior\BuildLiteBehavior [ RunTime:0.000023s ]
INFO: Run Common\Behavior\InitHookBehavior [ RunTime:0.001002s ]
INFO: [ app_init ] --END-- [ RunTime:0.001393s ]
INFO: [ app_begin ] --START--
INFO: Run Behavior\ReadHtmlCacheBehavior [ RunTime:0.000304s ]
INFO: [ app_begin ] --END-- [ RunTime:0.000377s ]
SQL: SELECT `value` FROM `wp_config` WHERE ( name="FOLLOW_YOUKE_UID" ) LIMIT 1   [ RunTime:0.0004s ]
SQL: UPDATE `wp_config` SET `value`='-12045' WHERE ( name="FOLLOW_YOUKE_UID" ) [ RunTime:0.0003s ]
NOTIC: [8] Undefined index: uid /Users/mac/eclipse_php/weiphp/ThinkPHP/Library/Think/Controller.class.php 第 506 行.
SQL: SHOW COLUMNS FROM `wp_auth_group_access` [ RunTime:0.5460s ]
SQL: SELECT a.uid,a.group_id,g.title,g.rules FROM wp_auth_group_access a INNER JOIN wp_auth_group g on a.group_id=g.id  WHERE ( a.uid='-12045' and g.status='1' )  [ RunTime:0.0004s ]
SQL: SELECT `id`,`token` FROM `wp_public`  [ RunTime:0.0004s ]
NOTIC: [8] Undefined offset: -1 /Users/mac/eclipse_php/weiphp/Application/Common/Model/PublicModel.class.php 第 38 行.
NOTIC: [8] Undefined index: addon_status /Users/mac/eclipse_php/weiphp/Application/Common/Model/AddonStatusModel.class.php 第 47 行.
NOTIC: [8] Undefined index: group_id /Users/mac/eclipse_php/weiphp/Application/Common/Model/AddonStatusModel.class.php 第 50 行.
NOTIC: [8] Undefined variable: addons /Users/mac/eclipse_php/weiphp/Application/Common/Common/function.php 第 501 行.
NOTIC: [8] Undefined variable: addons /Users/mac/eclipse_php/weiphp/Application/Common/Common/function.php 第 501 行.
NOTIC: [8] Undefined variable: addons /Users/mac/eclipse_php/weiphp/Application/Common/Common/function.php 第 501 行.
NOTIC: [8] Undefined variable: addons /Users/mac/eclipse_php/weiphp/Application/Common/Common/function.php 第 501 行.
NOTIC: [8] Undefined variable: addons /Users/mac/eclipse_php/weiphp/Application/Common/Common/function.php 第 501 行.
NOTIC: [8] Undefined variable: addons /Users/mac/eclipse_php/weiphp/Application/Common/Common/function.php 第 501 行.
NOTIC: [8] Undefined variable: addons /Users/mac/eclipse_php/weiphp/Application/Common/Common/function.php 第 501 行.
NOTIC: [8] Undefined variable: addons /Users/mac/eclipse_php/weiphp/Application/Common/Common/function.php 第 501 行.
NOTIC: [8] Undefined variable: addons /Users/mac/eclipse_php/weiphp/Application/Common/Common/function.php 第 501 行.
NOTIC: [8] Undefined variable: addons /Users/mac/eclipse_php/weiphp/Application/Common/Common/function.php 第 501 行.
NOTIC: [8] Undefined variable: addons /Users/mac/eclipse_php/weiphp/Application/Common/Common/function.php 第 501 行.
NOTIC: [8] Undefined variable: addons /Users/mac/eclipse_php/weiphp/Application/Common/Common/function.php 第 501 行.
NOTIC: [8] Undefined variable: addons /Users/mac/eclipse_php/weiphp/Application/Common/Common/function.php 第 501 行.
NOTIC: [8] Undefined variable: addons /Users/mac/eclipse_php/weiphp/Application/Common/Common/function.php 第 501 行.
NOTIC: [8] Undefined variable: addons /Users/mac/eclipse_php/weiphp/Application/Common/Common/function.php 第 501 行.
NOTIC: [8] Undefined variable: addons /Users/mac/eclipse_php/weiphp/Application/Common/Common/function.php 第 501 行.
NOTIC: [8] Undefined variable: addons /Users/mac/eclipse_php/weiphp/Application/Common/Common/function.php 第 501 行.
NOTIC: [8] Undefined variable: addons /Users/mac/eclipse_php/weiphp/Application/Common/Common/function.php 第 501 行.
NOTIC: [8] Undefined variable: addons /Users/mac/eclipse_php/weiphp/Application/Common/Common/function.php 第 501 行.
NOTIC: [8] Undefined variable: addons /Users/mac/eclipse_php/weiphp/Application/Common/Common/function.php 第 501 行.
NOTIC: [8] Undefined variable: addons /Users/mac/eclipse_php/weiphp/Application/Common/Common/function.php 第 501 行.
NOTIC: [8] Undefined variable: addons /Users/mac/eclipse_php/weiphp/Application/Common/Common/function.php 第 501 行.
NOTIC: [8] Undefined variable: addons /Users/mac/eclipse_php/weiphp/Application/Common/Common/function.php 第 501 行.
NOTIC: [8] Undefined variable: addons /Users/mac/eclipse_php/weiphp/Application/Common/Common/function.php 第 501 行.
NOTIC: [8] Undefined variable: addons /Users/mac/eclipse_php/weiphp/Application/Common/Common/function.php 第 501 行.
NOTIC: [8] Undefined variable: addons /Users/mac/eclipse_php/weiphp/Application/Common/Common/function.php 第 501 行.
NOTIC: [8] Undefined variable: addons /Users/mac/eclipse_php/weiphp/Application/Common/Common/function.php 第 501 行.
NOTIC: [8] Undefined variable: addons /Users/mac/eclipse_php/weiphp/Application/Common/Common/function.php 第 501 行.
NOTIC: [8] Undefined variable: addons /Users/mac/eclipse_php/weiphp/Application/Common/Common/function.php 第 501 行.
NOTIC: [8] Undefined variable: addons /Users/mac/eclipse_php/weiphp/Application/Common/Common/function.php 第 501 行.
NOTIC: [8] Undefined variable: addons /Users/mac/eclipse_php/weiphp/Application/Common/Common/function.php 第 501 行.
NOTIC: [8] Undefined variable: addons /Users/mac/eclipse_php/weiphp/Application/Common/Common/function.php 第 501 行.
NOTIC: [8] Undefined variable: addons /Users/mac/eclipse_php/weiphp/Application/Common/Common/function.php 第 501 行.
NOTIC: [8] Undefined variable: addons /Users/mac/eclipse_php/weiphp/Application/Common/Common/function.php 第 501 行.
NOTIC: [8] Undefined variable: addons /Users/mac/eclipse_php/weiphp/Application/Common/Common/function.php 第 501 行.
NOTIC: [8] Undefined variable: addons /Users/mac/eclipse_php/weiphp/Application/Common/Common/function.php 第 501 行.
NOTIC: [8] Undefined variable: addons /Users/mac/eclipse_php/weiphp/Application/Common/Common/function.php 第 501 行.
NOTIC: [8] Undefined variable: addons /Users/mac/eclipse_php/weiphp/Application/Common/Common/function.php 第 501 行.
NOTIC: [8] Undefined variable: addons /Users/mac/eclipse_php/weiphp/Application/Common/Common/function.php 第 501 行.
NOTIC: [8] Undefined variable: addons /Users/mac/eclipse_php/weiphp/Application/Common/Common/function.php 第 501 行.
NOTIC: [8] Undefined variable: addons /Users/mac/eclipse_php/weiphp/Application/Common/Common/function.php 第 501 行.
SQL: SELECT * FROM `wp_manager_menu` WHERE `uid` = 0 AND `is_hide` = 0 ORDER BY sort asc, id asc  [ RunTime:0.0005s ]
SQL: SELECT * FROM `wp_manager_menu` WHERE `uid` = 1 AND `is_hide` = 0 ORDER BY sort asc, id asc  [ RunTime:0.0008s ]
NOTIC: [8] Undefined variable: addons /Users/mac/eclipse_php/weiphp/Application/Common/Common/function.php 第 501 行.
NOTIC: [8] Undefined variable: addons /Users/mac/eclipse_php/weiphp/Application/Common/Common/function.php 第 501 行.
NOTIC: [8] Undefined variable: addons /Users/mac/eclipse_php/weiphp/Application/Common/Common/function.php 第 501 行.
NOTIC: [8] Undefined variable: addons /Users/mac/eclipse_php/weiphp/Application/Common/Common/function.php 第 501 行.
NOTIC: [8] Undefined variable: addons /Users/mac/eclipse_php/weiphp/Application/Common/Common/function.php 第 501 行.
NOTIC: [8] Undefined variable: addons /Users/mac/eclipse_php/weiphp/Application/Common/Common/function.php 第 501 行.
NOTIC: [8] Undefined variable: addons /Users/mac/eclipse_php/weiphp/Application/Common/Common/function.php 第 501 行.
NOTIC: [8] Undefined variable: addons /Users/mac/eclipse_php/weiphp/Application/Common/Common/function.php 第 501 行.
NOTIC: [8] Undefined variable: addons /Users/mac/eclipse_php/weiphp/Application/Common/Common/function.php 第 501 行.
NOTIC: [8] Undefined variable: addons /Users/mac/eclipse_php/weiphp/Application/Common/Common/function.php 第 501 行.
NOTIC: [8] Undefined variable: addons /Users/mac/eclipse_php/weiphp/Application/Common/Common/function.php 第 501 行.
NOTIC: [8] Undefined variable: addons /Users/mac/eclipse_php/weiphp/Application/Common/Common/function.php 第 501 行.
NOTIC: [8] Undefined variable: addons /Users/mac/eclipse_php/weiphp/Application/Common/Common/function.php 第 501 行.
NOTIC: [8] Undefined variable: addons /Users/mac/eclipse_php/weiphp/Application/Common/Common/function.php 第 501 行.
NOTIC: [8] Undefined variable: addons /Users/mac/eclipse_php/weiphp/Application/Common/Common/function.php 第 501 行.
NOTIC: [8] Undefined variable: addons /Users/mac/eclipse_php/weiphp/Application/Common/Common/function.php 第 501 行.
NOTIC: [8] Undefined offset: 14 /Users/mac/eclipse_php/weiphp/Application/Common/Model/ManagerMenuModel.class.php 第 94 行.
NOTIC: [8] Undefined offset: 14 /Users/mac/eclipse_php/weiphp/Application/Common/Model/ManagerMenuModel.class.php 第 104 行.
NOTIC: [8] Undefined offset: 60 /Users/mac/eclipse_php/weiphp/Application/Common/Model/ManagerMenuModel.class.php 第 94 行.
NOTIC: [8] Undefined offset: 60 /Users/mac/eclipse_php/weiphp/Application/Common/Model/ManagerMenuModel.class.php 第 104 行.
NOTIC: [8] Undefined variable: addons /Users/mac/eclipse_php/weiphp/Application/Common/Common/function.php 第 501 行.
NOTIC: [8] Undefined index: HTTP_REFERER /Users/mac/eclipse_php/weiphp/Application/Common/Model/ManagerMenuModel.class.php 第 127 行.
NOTIC: [8] Undefined index: side /Users/mac/eclipse_php/weiphp/Application/Common/Model/ManagerMenuModel.class.php 第 167 行.
NOTIC: [8] Undefined index: side /Users/mac/eclipse_php/weiphp/Application/Common/Model/ManagerMenuModel.class.php 第 167 行.
NOTIC: [8] Undefined index: side /Users/mac/eclipse_php/weiphp/Application/Common/Model/ManagerMenuModel.class.php 第 167 行.
NOTIC: [8] Undefined index: side /Users/mac/eclipse_php/weiphp/Application/Common/Model/ManagerMenuModel.class.php 第 167 行.
NOTIC: [8] Undefined index: side /Users/mac/eclipse_php/weiphp/Application/Common/Model/ManagerMenuModel.class.php 第 167 行.
NOTIC: [8] Undefined index: side /Users/mac/eclipse_php/weiphp/Application/Common/Model/ManagerMenuModel.class.php 第 167 行.
NOTIC: [8] Undefined index: side /Users/mac/eclipse_php/weiphp/Application/Common/Model/ManagerMenuModel.class.php 第 167 行.
NOTIC: [8] Undefined index: side /Users/mac/eclipse_php/weiphp/Application/Common/Model/ManagerMenuModel.class.php 第 167 行.
NOTIC: [8] Undefined index: side /Users/mac/eclipse_php/weiphp/Application/Common/Model/ManagerMenuModel.class.php 第 167 行.
NOTIC: [8] Undefined index: side /Users/mac/eclipse_php/weiphp/Application/Common/Model/ManagerMenuModel.class.php 第 167 行.
NOTIC: [8] Undefined index: side /Users/mac/eclipse_php/weiphp/Application/Common/Model/ManagerMenuModel.class.php 第 167 行.
NOTIC: [8] Undefined index: side /Users/mac/eclipse_php/weiphp/Application/Common/Model/ManagerMenuModel.class.php 第 167 行.
NOTIC: [8] Undefined index: side /Users/mac/eclipse_php/weiphp/Application/Common/Model/ManagerMenuModel.class.php 第 167 行.
NOTIC: [8] Undefined index: side /Users/mac/eclipse_php/weiphp/Application/Common/Model/ManagerMenuModel.class.php 第 167 行.
NOTIC: [8] Undefined index: side /Users/mac/eclipse_php/weiphp/Application/Common/Model/ManagerMenuModel.class.php 第 167 行.
NOTIC: [8] Undefined index: side /Users/mac/eclipse_php/weiphp/Application/Common/Model/ManagerMenuModel.class.php 第 167 行.
NOTIC: [8] Undefined index: side /Users/mac/eclipse_php/weiphp/Application/Common/Model/ManagerMenuModel.class.php 第 167 行.
NOTIC: [8] Undefined index: side /Users/mac/eclipse_php/weiphp/Application/Common/Model/ManagerMenuModel.class.php 第 167 行.
NOTIC: [8] Undefined index: side /Users/mac/eclipse_php/weiphp/Application/Common/Model/ManagerMenuModel.class.php 第 167 行.
NOTIC: [8] Undefined index: side /Users/mac/eclipse_php/weiphp/Application/Common/Model/ManagerMenuModel.class.php 第 167 行.
NOTIC: [8] Undefined index: side /Users/mac/eclipse_php/weiphp/Application/Common/Model/ManagerMenuModel.class.php 第 167 行.
NOTIC: [8] Undefined index: side /Users/mac/eclipse_php/weiphp/Application/Common/Model/ManagerMenuModel.class.php 第 167 行.
NOTIC: [8] Undefined index: side /Users/mac/eclipse_php/weiphp/Application/Common/Model/ManagerMenuModel.class.php 第 167 行.
NOTIC: [8] Undefined index: side /Users/mac/eclipse_php/weiphp/Application/Common/Model/ManagerMenuModel.class.php 第 167 行.
NOTIC: [8] Undefined index: side /Users/mac/eclipse_php/weiphp/Application/Common/Model/ManagerMenuModel.class.php 第 167 行.
NOTIC: [8] Undefined index: side /Users/mac/eclipse_php/weiphp/Application/Common/Model/ManagerMenuModel.class.php 第 167 行.
NOTIC: [8] Undefined index: side /Users/mac/eclipse_php/weiphp/Application/Common/Model/ManagerMenuModel.class.php 第 167 行.
NOTIC: [8] Undefined index: side /Users/mac/eclipse_php/weiphp/Application/Common/Model/ManagerMenuModel.class.php 第 167 行.
NOTIC: [8] Undefined index: side /Users/mac/eclipse_php/weiphp/Application/Common/Model/ManagerMenuModel.class.php 第 167 行.
NOTIC: [8] Undefined index: side /Users/mac/eclipse_php/weiphp/Application/Common/Model/ManagerMenuModel.class.php 第 167 行.
NOTIC: [8] Undefined index: side /Users/mac/eclipse_php/weiphp/Application/Common/Model/ManagerMenuModel.class.php 第 167 行.
NOTIC: [8] Undefined index: side /Users/mac/eclipse_php/weiphp/Application/Common/Model/ManagerMenuModel.class.php 第 167 行.
NOTIC: [8] Undefined index: side /Users/mac/eclipse_php/weiphp/Application/Common/Model/ManagerMenuModel.class.php 第 167 行.
NOTIC: [8] Undefined index: side /Users/mac/eclipse_php/weiphp/Application/Common/Model/ManagerMenuModel.class.php 第 167 行.
NOTIC: [8] Undefined index: side /Users/mac/eclipse_php/weiphp/Application/Common/Model/ManagerMenuModel.class.php 第 167 行.
NOTIC: [8] Undefined index: side /Users/mac/eclipse_php/weiphp/Application/Common/Model/ManagerMenuModel.class.php 第 167 行.
NOTIC: [8] Undefined index: side /Users/mac/eclipse_php/weiphp/Application/Common/Model/ManagerMenuModel.class.php 第 167 行.
NOTIC: [8] Undefined index: side /Users/mac/eclipse_php/weiphp/Application/Common/Model/ManagerMenuModel.class.php 第 167 行.
NOTIC: [8] Undefined index: side /Users/mac/eclipse_php/weiphp/Application/Common/Model/ManagerMenuModel.class.php 第 167 行.
NOTIC: [8] Undefined index: side /Users/mac/eclipse_php/weiphp/Application/Common/Model/ManagerMenuModel.class.php 第 167 行.
NOTIC: [8] Undefined index: side /Users/mac/eclipse_php/weiphp/Application/Common/Model/ManagerMenuModel.class.php 第 167 行.
NOTIC: [8] Undefined index: side /Users/mac/eclipse_php/weiphp/Application/Common/Model/ManagerMenuModel.class.php 第 167 行.
NOTIC: [8] Undefined index: side /Users/mac/eclipse_php/weiphp/Application/Common/Model/ManagerMenuModel.class.php 第 167 行.
NOTIC: [8] Undefined index: side /Users/mac/eclipse_php/weiphp/Application/Common/Model/ManagerMenuModel.class.php 第 167 行.
NOTIC: [8] Undefined index: side /Users/mac/eclipse_php/weiphp/Application/Common/Model/ManagerMenuModel.class.php 第 167 行.
NOTIC: [8] Undefined offset: 14 /Users/mac/eclipse_php/weiphp/Application/Common/Model/ManagerMenuModel.class.php 第 173 行.
SQL: SELECT * FROM `wp_public_link` WHERE `uid` = 0  [ RunTime:0.0004s ]
NOTIC: [2] Invalid argument supplied for foreach() /Users/mac/eclipse_php/weiphp/Application/Common/Model/PublicModel.class.php 第 46 行.
NOTIC: [8] Undefined variable: res /Users/mac/eclipse_php/weiphp/Application/Common/Model/PublicModel.class.php 第 50 行.
NOTIC: [8] Undefined variable: addons /Users/mac/eclipse_php/weiphp/Application/Common/Common/function.php 第 501 行.

[ 2016-09-01T09:20:56+08:00 ] 127.0.0.1 /index.php?s=/addon/UserCenter/Wap/userCenter/from/1.html
INFO: [ app_init ] --START--
INFO: Run Behavior\BuildLiteBehavior [ RunTime:0.000021s ]
INFO: Run Common\Behavior\InitHookBehavior [ RunTime:0.001011s ]
INFO: [ app_init ] --END-- [ RunTime:0.001367s ]
INFO: [ app_begin ] --START--
INFO: Run Behavior\ReadHtmlCacheBehavior [ RunTime:0.000325s ]
INFO: [ app_begin ] --END-- [ RunTime:0.000404s ]
SQL: SELECT `id`,`token` FROM `wp_public`  [ RunTime:0.0003s ]
NOTIC: [8] Undefined offset: -1 /Users/mac/eclipse_php/weiphp/Application/Common/Model/PublicModel.class.php 第 38 行.
NOTIC: [8] Undefined index: openid /Users/mac/eclipse_php/weiphp/Application/Common/Common/function.php 第 1433 行.
NOTIC: [8] Undefined index: token /Users/mac/eclipse_php/weiphp/Application/Common/Common/function.php 第 2607 行.
SQL: SHOW COLUMNS FROM `wp_public_follow` [ RunTime:5.5323s ]
SQL: SELECT `uid` FROM `wp_public_follow` WHERE `openid` = '-1' AND `token` = null LIMIT 1   [ RunTime:0.0004s ]
SQL: SHOW COLUMNS FROM `wp_user` [ RunTime:2.6322s ]
SQL: SHOW COLUMNS FROM `wp_weixin_log` [ RunTime:3.4114s ]
SQL: INSERT INTO `wp_weixin_log` (`cTime`,`cTime_format`,`data`,`data_post`) VALUES ('1472692850','2016-09-01 09:20:50','-1::_-1','init_follow_in') [ RunTime:1.3030s ]
SQL: SELECT `value` FROM `wp_config` WHERE ( name="FOLLOW_YOUKE_UID" ) LIMIT 1   [ RunTime:0.0005s ]
SQL: UPDATE `wp_config` SET `value`='-12046' WHERE ( name="FOLLOW_YOUKE_UID" ) [ RunTime:0.0004s ]
NOTIC: [8] Undefined index: uid /Users/mac/eclipse_php/weiphp/ThinkPHP/Library/Think/Controller.class.php 第 506 行.
SQL: SELECT `id`,`token` FROM `wp_public`  [ RunTime:0.0004s ]
NOTIC: [8] Undefined offset: -1 /Users/mac/eclipse_php/weiphp/Application/Common/Model/PublicModel.class.php 第 38 行.
NOTIC: [8] Undefined variable: addons /Users/mac/eclipse_php/weiphp/Application/Common/Common/function.php 第 501 行.

[ 2016-09-01T09:21:13+08:00 ] 127.0.0.1 /index.php?s=/addon/Shop/Wap/user_center.html
INFO: [ app_init ] --START--
INFO: Run Behavior\BuildLiteBehavior [ RunTime:0.000023s ]
INFO: Run Common\Behavior\InitHookBehavior [ RunTime:0.000945s ]
INFO: [ app_init ] --END-- [ RunTime:0.001286s ]
INFO: [ app_begin ] --START--
INFO: Run Behavior\ReadHtmlCacheBehavior [ RunTime:0.000309s ]
INFO: [ app_begin ] --END-- [ RunTime:0.000395s ]
NOTIC: [2048] Declaration of Addons\Shop\Controller\WapController::lists() should be compatible with Home\Controller\AddonsController::lists($model = NULL, $page = 0) /Users/mac/eclipse_php/weiphp/Addons/Shop/Controller/WapController.class.php 第 7 行.
SQL: SELECT `id`,`token` FROM `wp_public`  [ RunTime:0.0003s ]
NOTIC: [8] Undefined offset: -1 /Users/mac/eclipse_php/weiphp/Application/Common/Model/PublicModel.class.php 第 38 行.
NOTIC: [8] Undefined index: openid /Users/mac/eclipse_php/weiphp/Application/Common/Common/function.php 第 1433 行.
NOTIC: [8] Undefined index: token /Users/mac/eclipse_php/weiphp/Application/Common/Common/function.php 第 2607 行.
SQL: SELECT `uid` FROM `wp_public_follow` WHERE `openid` = '-1' AND `token` = null LIMIT 1   [ RunTime:0.0004s ]
SQL: INSERT INTO `wp_weixin_log` (`cTime`,`cTime_format`,`data`,`data_post`) VALUES ('1472692860','2016-09-01 09:21:00','-1::_-1','init_follow_in') [ RunTime:0.0003s ]
SQL: SELECT `value` FROM `wp_config` WHERE ( name="FOLLOW_YOUKE_UID" ) LIMIT 1   [ RunTime:0.0003s ]
SQL: UPDATE `wp_config` SET `value`='-12047' WHERE ( name="FOLLOW_YOUKE_UID" ) [ RunTime:0.0003s ]
NOTIC: [8] Undefined index: uid /Users/mac/eclipse_php/weiphp/ThinkPHP/Library/Think/Controller.class.php 第 506 行.
SQL: SELECT `id`,`token` FROM `wp_public`  [ RunTime:0.0004s ]
NOTIC: [8] Undefined offset: -1 /Users/mac/eclipse_php/weiphp/Application/Common/Model/PublicModel.class.php 第 38 行.
SQL: SHOW COLUMNS FROM `wp_shop` [ RunTime:1.7270s ]
SQL: SELECT * FROM `wp_shop` WHERE `token` = '-1' LIMIT 1   [ RunTime:0.1723s ]
SQL: SHOW COLUMNS FROM `wp_shop_cart` [ RunTime:2.5488s ]
SQL: SELECT * FROM `wp_shop_cart` WHERE `uid` = 0  [ RunTime:0.0005s ]
SQL: SHOW COLUMNS FROM `wp_shop_goods` [ RunTime:2.4299s ]
NOTIC: [2] Invalid argument supplied for foreach() /Users/mac/eclipse_php/weiphp/Addons/Shop/Model/CartModel.class.php 第 21 行.
NOTIC: [2] unlink(./Runtime/Temp/weiphp_428114b9385d5fc8142a5df141477483.php): No such file or directory /Users/mac/eclipse_php/weiphp/ThinkPHP/Library/Think/Cache/Driver/File.class.php 第 157 行.
NOTIC: [8] Undefined variable: addons /Users/mac/eclipse_php/weiphp/Application/Common/Common/function.php 第 501 行.
NOTIC: [8] Undefined variable: addons /Users/mac/eclipse_php/weiphp/Application/Common/Common/function.php 第 501 行.
NOTIC: [8] Undefined variable: addons /Users/mac/eclipse_php/weiphp/Application/Common/Common/function.php 第 501 行.
NOTIC: [8] Undefined variable: addons /Users/mac/eclipse_php/weiphp/Application/Common/Common/function.php 第 501 行.
NOTIC: [8] Undefined variable: addons /Users/mac/eclipse_php/weiphp/Application/Common/Common/function.php 第 501 行.
INFO: [ view_parse ] --START--
INFO: [ template_filter ] --START--
INFO: Run Behavior\ContentReplaceBehavior [ RunTime:0.000088s ]
INFO: [ template_filter ] --END-- [ RunTime:0.000197s ]
NOTIC: [8] Undefined variable: jsapiParams /Users/mac/eclipse_php/weiphp/Runtime/Cache/Home/a15f9471fb770c6847f3fea5babcc39d.php 第 21 行.
NOTIC: [8] Undefined variable: jsapiParams /Users/mac/eclipse_php/weiphp/Runtime/Cache/Home/a15f9471fb770c6847f3fea5babcc39d.php 第 22 行.
NOTIC: [8] Undefined variable: jsapiParams /Users/mac/eclipse_php/weiphp/Runtime/Cache/Home/a15f9471fb770c6847f3fea5babcc39d.php 第 23 行.
NOTIC: [8] Undefined variable: jsapiParams /Users/mac/eclipse_php/weiphp/Runtime/Cache/Home/a15f9471fb770c6847f3fea5babcc39d.php 第 24 行.
NOTIC: [8] Undefined index: query /Users/mac/eclipse_php/weiphp/ThinkPHP/Common/functions.php 第 855 行.
NOTIC: [8] Undefined index: query /Users/mac/eclipse_php/weiphp/ThinkPHP/Common/functions.php 第 855 行.
NOTIC: [8] Undefined index: query /Users/mac/eclipse_php/weiphp/ThinkPHP/Common/functions.php 第 855 行.
NOTIC: [8] Undefined index: query /Users/mac/eclipse_php/weiphp/ThinkPHP/Common/functions.php 第 855 行.
NOTIC: [8] Undefined variable: system_copy_right /Users/mac/eclipse_php/weiphp/Runtime/Cache/Home/a15f9471fb770c6847f3fea5babcc39d.php 第 60 行.
NOTIC: [8] Undefined variable: tongji_code /Users/mac/eclipse_php/weiphp/Runtime/Cache/Home/a15f9471fb770c6847f3fea5babcc39d.php 第 60 行.
INFO: Run Behavior\ParseTemplateBehavior [ RunTime:1.744946s ]
INFO: [ view_parse ] --END-- [ RunTime:1.745109s ]
INFO: [ view_filter ] --START--
INFO: Run Behavior\WriteHtmlCacheBehavior [ RunTime:0.000222s ]
INFO: [ view_filter ] --END-- [ RunTime:0.000353s ]
INFO: [ app_end ] --START--
INFO: Run Behavior\ShowPageTraceBehavior [ RunTime:0.000521s ]
INFO: Run Behavior\CronRunBehavior [ RunTime:1.546000s ]
INFO: [ app_end ] --END-- [ RunTime:1.546801s ]

