[ 2016-09-08T09:51:34+08:00 ] 127.0.0.1 /
INFO: [ app_init ] --START--
INFO: Run Behavior\BuildLiteBehavior [ RunTime:0.000103s ]
INFO: Run Common\Behavior\InitHookBehavior [ RunTime:0.116559s ]
INFO: [ app_init ] --END-- [ RunTime:0.157907s ]
INFO: [ app_begin ] --START--
INFO: Run Behavior\ReadHtmlCacheBehavior [ RunTime:0.020978s ]
INFO: [ app_begin ] --END-- [ RunTime:0.021282s ]
SQL: SELECT `value` FROM `wp_config` WHERE ( name="FOLLOW_YOUKE_UID" ) LIMIT 1   [ RunTime:0.0931s ]
SQL: UPDATE `wp_config` SET `value`='-12057' WHERE ( name="FOLLOW_YOUKE_UID" ) [ RunTime:0.0247s ]
NOTIC: [8] Undefined index: uid /Users/mac/eclipse_php/weiphp/ThinkPHP/Library/Think/Controller.class.php 第 506 行.
SQL: SHOW COLUMNS FROM `wp_auth_group_access` [ RunTime:0.0985s ]
SQL: SELECT a.uid,a.group_id,g.title,g.rules FROM wp_auth_group_access a INNER JOIN wp_auth_group g on a.group_id=g.id  WHERE ( a.uid='-12057' and g.status='1' )  [ RunTime:0.0022s ]
SQL: SELECT `id`,`token` FROM `wp_public`  [ RunTime:0.0961s ]
NOTIC: [8] Undefined offset: -1 /Users/mac/eclipse_php/weiphp/Application/Common/Model/PublicModel.class.php 第 38 行.
NOTIC: [8] Undefined index: addon_status /Users/mac/eclipse_php/weiphp/Application/Common/Model/AddonStatusModel.class.php 第 47 行.
NOTIC: [8] Undefined index: group_id /Users/mac/eclipse_php/weiphp/Application/Common/Model/AddonStatusModel.class.php 第 50 行.
NOTIC: [8] Undefined variable: addons /Users/mac/eclipse_php/weiphp/Application/Common/Common/function.php 第 501 行.
NOTIC: [8] Undefined variable: addons /Users/mac/eclipse_php/weiphp/Application/Common/Common/function.php 第 501 行.
NOTIC: [8] Undefined variable: addons /Users/mac/eclipse_php/weiphp/Application/Common/Common/function.php 第 501 行.
NOTIC: [8] Undefined variable: addons /Users/mac/eclipse_php/weiphp/Application/Common/Common/function.php 第 501 行.
NOTIC: [8] Undefined variable: addons /Users/mac/eclipse_php/weiphp/Application/Common/Common/function.php 第 501 行.
NOTIC: [8] Undefined variable: addons /Users/mac/eclipse_php/weiphp/Application/Common/Common/function.php 第 501 行.
NOTIC: [8] Undefined variable: addons /Users/mac/eclipse_php/weiphp/Application/Common/Common/function.php 第 501 行.
NOTIC: [8] Undefined variable: addons /Users/mac/eclipse_php/weiphp/Application/Common/Common/function.php 第 501 行.
NOTIC: [8] Undefined variable: addons /Users/mac/eclipse_php/weiphp/Application/Common/Common/function.php 第 501 行.
NOTIC: [8] Undefined variable: addons /Users/mac/eclipse_php/weiphp/Application/Common/Common/function.php 第 501 行.
NOTIC: [8] Undefined variable: addons /Users/mac/eclipse_php/weiphp/Application/Common/Common/function.php 第 501 行.
NOTIC: [8] Undefined variable: addons /Users/mac/eclipse_php/weiphp/Application/Common/Common/function.php 第 501 行.
NOTIC: [8] Undefined variable: addons /Users/mac/eclipse_php/weiphp/Application/Common/Common/function.php 第 501 行.
NOTIC: [8] Undefined variable: addons /Users/mac/eclipse_php/weiphp/Application/Common/Common/function.php 第 501 行.
NOTIC: [8] Undefined variable: addons /Users/mac/eclipse_php/weiphp/Application/Common/Common/function.php 第 501 行.
NOTIC: [8] Undefined variable: addons /Users/mac/eclipse_php/weiphp/Application/Common/Common/function.php 第 501 行.
NOTIC: [8] Undefined variable: addons /Users/mac/eclipse_php/weiphp/Application/Common/Common/function.php 第 501 行.
NOTIC: [8] Undefined variable: addons /Users/mac/eclipse_php/weiphp/Application/Common/Common/function.php 第 501 行.
NOTIC: [8] Undefined variable: addons /Users/mac/eclipse_php/weiphp/Application/Common/Common/function.php 第 501 行.
NOTIC: [8] Undefined variable: addons /Users/mac/eclipse_php/weiphp/Application/Common/Common/function.php 第 501 行.
NOTIC: [8] Undefined variable: addons /Users/mac/eclipse_php/weiphp/Application/Common/Common/function.php 第 501 行.
NOTIC: [8] Undefined variable: addons /Users/mac/eclipse_php/weiphp/Application/Common/Common/function.php 第 501 行.
NOTIC: [8] Undefined variable: addons /Users/mac/eclipse_php/weiphp/Application/Common/Common/function.php 第 501 行.
NOTIC: [8] Undefined variable: addons /Users/mac/eclipse_php/weiphp/Application/Common/Common/function.php 第 501 行.
NOTIC: [8] Undefined variable: addons /Users/mac/eclipse_php/weiphp/Application/Common/Common/function.php 第 501 行.
NOTIC: [8] Undefined variable: addons /Users/mac/eclipse_php/weiphp/Application/Common/Common/function.php 第 501 行.
NOTIC: [8] Undefined variable: addons /Users/mac/eclipse_php/weiphp/Application/Common/Common/function.php 第 501 行.
NOTIC: [8] Undefined variable: addons /Users/mac/eclipse_php/weiphp/Application/Common/Common/function.php 第 501 行.
NOTIC: [8] Undefined variable: addons /Users/mac/eclipse_php/weiphp/Application/Common/Common/function.php 第 501 行.
NOTIC: [8] Undefined variable: addons /Users/mac/eclipse_php/weiphp/Application/Common/Common/function.php 第 501 行.
NOTIC: [8] Undefined variable: addons /Users/mac/eclipse_php/weiphp/Application/Common/Common/function.php 第 501 行.
NOTIC: [8] Undefined variable: addons /Users/mac/eclipse_php/weiphp/Application/Common/Common/function.php 第 501 行.
NOTIC: [8] Undefined variable: addons /Users/mac/eclipse_php/weiphp/Application/Common/Common/function.php 第 501 行.
NOTIC: [8] Undefined variable: addons /Users/mac/eclipse_php/weiphp/Application/Common/Common/function.php 第 501 行.
NOTIC: [8] Undefined variable: addons /Users/mac/eclipse_php/weiphp/Application/Common/Common/function.php 第 501 行.
NOTIC: [8] Undefined variable: addons /Users/mac/eclipse_php/weiphp/Application/Common/Common/function.php 第 501 行.
NOTIC: [8] Undefined variable: addons /Users/mac/eclipse_php/weiphp/Application/Common/Common/function.php 第 501 行.
NOTIC: [8] Undefined variable: addons /Users/mac/eclipse_php/weiphp/Application/Common/Common/function.php 第 501 行.
NOTIC: [8] Undefined variable: addons /Users/mac/eclipse_php/weiphp/Application/Common/Common/function.php 第 501 行.
NOTIC: [8] Undefined variable: addons /Users/mac/eclipse_php/weiphp/Application/Common/Common/function.php 第 501 行.
NOTIC: [8] Undefined variable: addons /Users/mac/eclipse_php/weiphp/Application/Common/Common/function.php 第 501 行.
SQL: SELECT * FROM `wp_manager_menu` WHERE `uid` = 0 AND `is_hide` = 0 ORDER BY sort asc, id asc  [ RunTime:0.0630s ]
SQL: SELECT * FROM `wp_manager_menu` WHERE `uid` = 1 AND `is_hide` = 0 ORDER BY sort asc, id asc  [ RunTime:0.0011s ]
NOTIC: [8] Undefined variable: addons /Users/mac/eclipse_php/weiphp/Application/Common/Common/function.php 第 501 行.
NOTIC: [8] Undefined variable: addons /Users/mac/eclipse_php/weiphp/Application/Common/Common/function.php 第 501 行.
NOTIC: [8] Undefined variable: addons /Users/mac/eclipse_php/weiphp/Application/Common/Common/function.php 第 501 行.
NOTIC: [8] Undefined variable: addons /Users/mac/eclipse_php/weiphp/Application/Common/Common/function.php 第 501 行.
NOTIC: [8] Undefined variable: addons /Users/mac/eclipse_php/weiphp/Application/Common/Common/function.php 第 501 行.
NOTIC: [8] Undefined variable: addons /Users/mac/eclipse_php/weiphp/Application/Common/Common/function.php 第 501 行.
NOTIC: [8] Undefined variable: addons /Users/mac/eclipse_php/weiphp/Application/Common/Common/function.php 第 501 行.
NOTIC: [8] Undefined variable: addons /Users/mac/eclipse_php/weiphp/Application/Common/Common/function.php 第 501 行.
NOTIC: [8] Undefined variable: addons /Users/mac/eclipse_php/weiphp/Application/Common/Common/function.php 第 501 行.
NOTIC: [8] Undefined variable: addons /Users/mac/eclipse_php/weiphp/Application/Common/Common/function.php 第 501 行.
NOTIC: [8] Undefined variable: addons /Users/mac/eclipse_php/weiphp/Application/Common/Common/function.php 第 501 行.
NOTIC: [8] Undefined variable: addons /Users/mac/eclipse_php/weiphp/Application/Common/Common/function.php 第 501 行.
NOTIC: [8] Undefined variable: addons /Users/mac/eclipse_php/weiphp/Application/Common/Common/function.php 第 501 行.
NOTIC: [8] Undefined variable: addons /Users/mac/eclipse_php/weiphp/Application/Common/Common/function.php 第 501 行.
NOTIC: [8] Undefined variable: addons /Users/mac/eclipse_php/weiphp/Application/Common/Common/function.php 第 501 行.
NOTIC: [8] Undefined variable: addons /Users/mac/eclipse_php/weiphp/Application/Common/Common/function.php 第 501 行.
NOTIC: [8] Undefined offset: 14 /Users/mac/eclipse_php/weiphp/Application/Common/Model/ManagerMenuModel.class.php 第 94 行.
NOTIC: [8] Undefined offset: 14 /Users/mac/eclipse_php/weiphp/Application/Common/Model/ManagerMenuModel.class.php 第 104 行.
NOTIC: [8] Undefined offset: 60 /Users/mac/eclipse_php/weiphp/Application/Common/Model/ManagerMenuModel.class.php 第 94 行.
NOTIC: [8] Undefined offset: 60 /Users/mac/eclipse_php/weiphp/Application/Common/Model/ManagerMenuModel.class.php 第 104 行.
NOTIC: [8] Undefined variable: addons /Users/mac/eclipse_php/weiphp/Application/Common/Common/function.php 第 501 行.
NOTIC: [8] Undefined index: HTTP_REFERER /Users/mac/eclipse_php/weiphp/Application/Common/Model/ManagerMenuModel.class.php 第 127 行.
NOTIC: [8] Undefined index: side /Users/mac/eclipse_php/weiphp/Application/Common/Model/ManagerMenuModel.class.php 第 167 行.
NOTIC: [8] Undefined index: side /Users/mac/eclipse_php/weiphp/Application/Common/Model/ManagerMenuModel.class.php 第 167 行.
NOTIC: [8] Undefined index: side /Users/mac/eclipse_php/weiphp/Application/Common/Model/ManagerMenuModel.class.php 第 167 行.
NOTIC: [8] Undefined index: side /Users/mac/eclipse_php/weiphp/Application/Common/Model/ManagerMenuModel.class.php 第 167 行.
NOTIC: [8] Undefined index: side /Users/mac/eclipse_php/weiphp/Application/Common/Model/ManagerMenuModel.class.php 第 167 行.
NOTIC: [8] Undefined index: side /Users/mac/eclipse_php/weiphp/Application/Common/Model/ManagerMenuModel.class.php 第 167 行.
NOTIC: [8] Undefined index: side /Users/mac/eclipse_php/weiphp/Application/Common/Model/ManagerMenuModel.class.php 第 167 行.
NOTIC: [8] Undefined index: side /Users/mac/eclipse_php/weiphp/Application/Common/Model/ManagerMenuModel.class.php 第 167 行.
NOTIC: [8] Undefined index: side /Users/mac/eclipse_php/weiphp/Application/Common/Model/ManagerMenuModel.class.php 第 167 行.
NOTIC: [8] Undefined index: side /Users/mac/eclipse_php/weiphp/Application/Common/Model/ManagerMenuModel.class.php 第 167 行.
NOTIC: [8] Undefined index: side /Users/mac/eclipse_php/weiphp/Application/Common/Model/ManagerMenuModel.class.php 第 167 行.
NOTIC: [8] Undefined index: side /Users/mac/eclipse_php/weiphp/Application/Common/Model/ManagerMenuModel.class.php 第 167 行.
NOTIC: [8] Undefined index: side /Users/mac/eclipse_php/weiphp/Application/Common/Model/ManagerMenuModel.class.php 第 167 行.
NOTIC: [8] Undefined index: side /Users/mac/eclipse_php/weiphp/Application/Common/Model/ManagerMenuModel.class.php 第 167 行.
NOTIC: [8] Undefined index: side /Users/mac/eclipse_php/weiphp/Application/Common/Model/ManagerMenuModel.class.php 第 167 行.
NOTIC: [8] Undefined index: side /Users/mac/eclipse_php/weiphp/Application/Common/Model/ManagerMenuModel.class.php 第 167 行.
NOTIC: [8] Undefined index: side /Users/mac/eclipse_php/weiphp/Application/Common/Model/ManagerMenuModel.class.php 第 167 行.
NOTIC: [8] Undefined index: side /Users/mac/eclipse_php/weiphp/Application/Common/Model/ManagerMenuModel.class.php 第 167 行.
NOTIC: [8] Undefined index: side /Users/mac/eclipse_php/weiphp/Application/Common/Model/ManagerMenuModel.class.php 第 167 行.
NOTIC: [8] Undefined index: side /Users/mac/eclipse_php/weiphp/Application/Common/Model/ManagerMenuModel.class.php 第 167 行.
NOTIC: [8] Undefined index: side /Users/mac/eclipse_php/weiphp/Application/Common/Model/ManagerMenuModel.class.php 第 167 行.
NOTIC: [8] Undefined index: side /Users/mac/eclipse_php/weiphp/Application/Common/Model/ManagerMenuModel.class.php 第 167 行.
NOTIC: [8] Undefined index: side /Users/mac/eclipse_php/weiphp/Application/Common/Model/ManagerMenuModel.class.php 第 167 行.
NOTIC: [8] Undefined index: side /Users/mac/eclipse_php/weiphp/Application/Common/Model/ManagerMenuModel.class.php 第 167 行.
NOTIC: [8] Undefined index: side /Users/mac/eclipse_php/weiphp/Application/Common/Model/ManagerMenuModel.class.php 第 167 行.
NOTIC: [8] Undefined index: side /Users/mac/eclipse_php/weiphp/Application/Common/Model/ManagerMenuModel.class.php 第 167 行.
NOTIC: [8] Undefined index: side /Users/mac/eclipse_php/weiphp/Application/Common/Model/ManagerMenuModel.class.php 第 167 行.
NOTIC: [8] Undefined index: side /Users/mac/eclipse_php/weiphp/Application/Common/Model/ManagerMenuModel.class.php 第 167 行.
NOTIC: [8] Undefined index: side /Users/mac/eclipse_php/weiphp/Application/Common/Model/ManagerMenuModel.class.php 第 167 行.
NOTIC: [8] Undefined index: side /Users/mac/eclipse_php/weiphp/Application/Common/Model/ManagerMenuModel.class.php 第 167 行.
NOTIC: [8] Undefined index: side /Users/mac/eclipse_php/weiphp/Application/Common/Model/ManagerMenuModel.class.php 第 167 行.
NOTIC: [8] Undefined index: side /Users/mac/eclipse_php/weiphp/Application/Common/Model/ManagerMenuModel.class.php 第 167 行.
NOTIC: [8] Undefined index: side /Users/mac/eclipse_php/weiphp/Application/Common/Model/ManagerMenuModel.class.php 第 167 行.
NOTIC: [8] Undefined index: side /Users/mac/eclipse_php/weiphp/Application/Common/Model/ManagerMenuModel.class.php 第 167 行.
NOTIC: [8] Undefined index: side /Users/mac/eclipse_php/weiphp/Application/Common/Model/ManagerMenuModel.class.php 第 167 行.
NOTIC: [8] Undefined index: side /Users/mac/eclipse_php/weiphp/Application/Common/Model/ManagerMenuModel.class.php 第 167 行.
NOTIC: [8] Undefined index: side /Users/mac/eclipse_php/weiphp/Application/Common/Model/ManagerMenuModel.class.php 第 167 行.
NOTIC: [8] Undefined index: side /Users/mac/eclipse_php/weiphp/Application/Common/Model/ManagerMenuModel.class.php 第 167 行.
NOTIC: [8] Undefined index: side /Users/mac/eclipse_php/weiphp/Application/Common/Model/ManagerMenuModel.class.php 第 167 行.
NOTIC: [8] Undefined index: side /Users/mac/eclipse_php/weiphp/Application/Common/Model/ManagerMenuModel.class.php 第 167 行.
NOTIC: [8] Undefined index: side /Users/mac/eclipse_php/weiphp/Application/Common/Model/ManagerMenuModel.class.php 第 167 行.
NOTIC: [8] Undefined index: side /Users/mac/eclipse_php/weiphp/Application/Common/Model/ManagerMenuModel.class.php 第 167 行.
NOTIC: [8] Undefined index: side /Users/mac/eclipse_php/weiphp/Application/Common/Model/ManagerMenuModel.class.php 第 167 行.
NOTIC: [8] Undefined index: side /Users/mac/eclipse_php/weiphp/Application/Common/Model/ManagerMenuModel.class.php 第 167 行.
NOTIC: [8] Undefined index: side /Users/mac/eclipse_php/weiphp/Application/Common/Model/ManagerMenuModel.class.php 第 167 行.
NOTIC: [8] Undefined offset: 14 /Users/mac/eclipse_php/weiphp/Application/Common/Model/ManagerMenuModel.class.php 第 173 行.
SQL: SELECT * FROM `wp_public_link` WHERE `uid` = 0  [ RunTime:0.0468s ]
NOTIC: [2] Invalid argument supplied for foreach() /Users/mac/eclipse_php/weiphp/Application/Common/Model/PublicModel.class.php 第 46 行.
NOTIC: [8] Undefined variable: res /Users/mac/eclipse_php/weiphp/Application/Common/Model/PublicModel.class.php 第 50 行.

[ 2016-09-08T09:51:35+08:00 ] 127.0.0.1 /index.php?s=/Home/User/login/from/1.html
INFO: [ app_init ] --START--
INFO: Run Behavior\BuildLiteBehavior [ RunTime:0.000059s ]
INFO: Run Common\Behavior\InitHookBehavior [ RunTime:0.001441s ]
INFO: [ app_init ] --END-- [ RunTime:0.002113s ]
INFO: [ app_begin ] --START--
INFO: Run Behavior\ReadHtmlCacheBehavior [ RunTime:0.000378s ]
INFO: [ app_begin ] --END-- [ RunTime:0.000602s ]
NOTIC: [8] Undefined index: uid /Users/mac/eclipse_php/weiphp/ThinkPHP/Library/Think/Controller.class.php 第 506 行.
SQL: SHOW COLUMNS FROM `wp_auth_group_access` [ RunTime:0.0045s ]
SQL: SELECT a.uid,a.group_id,g.title,g.rules FROM wp_auth_group_access a INNER JOIN wp_auth_group g on a.group_id=g.id  WHERE ( a.uid='-12057' and g.status='1' )  [ RunTime:0.0005s ]
SQL: SELECT `id`,`token` FROM `wp_public`  [ RunTime:0.0004s ]
NOTIC: [8] Undefined offset: -1 /Users/mac/eclipse_php/weiphp/Application/Common/Model/PublicModel.class.php 第 38 行.
NOTIC: [8] Undefined index: addon_status /Users/mac/eclipse_php/weiphp/Application/Common/Model/AddonStatusModel.class.php 第 47 行.
NOTIC: [8] Undefined index: group_id /Users/mac/eclipse_php/weiphp/Application/Common/Model/AddonStatusModel.class.php 第 50 行.
NOTIC: [8] Undefined variable: addons /Users/mac/eclipse_php/weiphp/Application/Common/Common/function.php 第 501 行.
NOTIC: [8] Undefined variable: addons /Users/mac/eclipse_php/weiphp/Application/Common/Common/function.php 第 501 行.
NOTIC: [8] Undefined variable: addons /Users/mac/eclipse_php/weiphp/Application/Common/Common/function.php 第 501 行.
NOTIC: [8] Undefined variable: addons /Users/mac/eclipse_php/weiphp/Application/Common/Common/function.php 第 501 行.
NOTIC: [8] Undefined variable: addons /Users/mac/eclipse_php/weiphp/Application/Common/Common/function.php 第 501 行.
NOTIC: [8] Undefined variable: addons /Users/mac/eclipse_php/weiphp/Application/Common/Common/function.php 第 501 行.
NOTIC: [8] Undefined variable: addons /Users/mac/eclipse_php/weiphp/Application/Common/Common/function.php 第 501 行.
NOTIC: [8] Undefined variable: addons /Users/mac/eclipse_php/weiphp/Application/Common/Common/function.php 第 501 行.
NOTIC: [8] Undefined variable: addons /Users/mac/eclipse_php/weiphp/Application/Common/Common/function.php 第 501 行.
NOTIC: [8] Undefined variable: addons /Users/mac/eclipse_php/weiphp/Application/Common/Common/function.php 第 501 行.
NOTIC: [8] Undefined variable: addons /Users/mac/eclipse_php/weiphp/Application/Common/Common/function.php 第 501 行.
NOTIC: [8] Undefined variable: addons /Users/mac/eclipse_php/weiphp/Application/Common/Common/function.php 第 501 行.
NOTIC: [8] Undefined variable: addons /Users/mac/eclipse_php/weiphp/Application/Common/Common/function.php 第 501 行.
NOTIC: [8] Undefined variable: addons /Users/mac/eclipse_php/weiphp/Application/Common/Common/function.php 第 501 行.
NOTIC: [8] Undefined variable: addons /Users/mac/eclipse_php/weiphp/Application/Common/Common/function.php 第 501 行.
NOTIC: [8] Undefined variable: addons /Users/mac/eclipse_php/weiphp/Application/Common/Common/function.php 第 501 行.
NOTIC: [8] Undefined variable: addons /Users/mac/eclipse_php/weiphp/Application/Common/Common/function.php 第 501 行.
NOTIC: [8] Undefined variable: addons /Users/mac/eclipse_php/weiphp/Application/Common/Common/function.php 第 501 行.
NOTIC: [8] Undefined variable: addons /Users/mac/eclipse_php/weiphp/Application/Common/Common/function.php 第 501 行.
NOTIC: [8] Undefined variable: addons /Users/mac/eclipse_php/weiphp/Application/Common/Common/function.php 第 501 行.
NOTIC: [8] Undefined variable: addons /Users/mac/eclipse_php/weiphp/Application/Common/Common/function.php 第 501 行.
NOTIC: [8] Undefined variable: addons /Users/mac/eclipse_php/weiphp/Application/Common/Common/function.php 第 501 行.
NOTIC: [8] Undefined variable: addons /Users/mac/eclipse_php/weiphp/Application/Common/Common/function.php 第 501 行.
NOTIC: [8] Undefined variable: addons /Users/mac/eclipse_php/weiphp/Application/Common/Common/function.php 第 501 行.
NOTIC: [8] Undefined variable: addons /Users/mac/eclipse_php/weiphp/Application/Common/Common/function.php 第 501 行.
NOTIC: [8] Undefined variable: addons /Users/mac/eclipse_php/weiphp/Application/Common/Common/function.php 第 501 行.
NOTIC: [8] Undefined variable: addons /Users/mac/eclipse_php/weiphp/Application/Common/Common/function.php 第 501 行.
NOTIC: [8] Undefined variable: addons /Users/mac/eclipse_php/weiphp/Application/Common/Common/function.php 第 501 行.
NOTIC: [8] Undefined variable: addons /Users/mac/eclipse_php/weiphp/Application/Common/Common/function.php 第 501 行.
NOTIC: [8] Undefined variable: addons /Users/mac/eclipse_php/weiphp/Application/Common/Common/function.php 第 501 行.
NOTIC: [8] Undefined variable: addons /Users/mac/eclipse_php/weiphp/Application/Common/Common/function.php 第 501 行.
NOTIC: [8] Undefined variable: addons /Users/mac/eclipse_php/weiphp/Application/Common/Common/function.php 第 501 行.
NOTIC: [8] Undefined variable: addons /Users/mac/eclipse_php/weiphp/Application/Common/Common/function.php 第 501 行.
NOTIC: [8] Undefined variable: addons /Users/mac/eclipse_php/weiphp/Application/Common/Common/function.php 第 501 行.
NOTIC: [8] Undefined variable: addons /Users/mac/eclipse_php/weiphp/Application/Common/Common/function.php 第 501 行.
NOTIC: [8] Undefined variable: addons /Users/mac/eclipse_php/weiphp/Application/Common/Common/function.php 第 501 行.
NOTIC: [8] Undefined variable: addons /Users/mac/eclipse_php/weiphp/Application/Common/Common/function.php 第 501 行.
NOTIC: [8] Undefined variable: addons /Users/mac/eclipse_php/weiphp/Application/Common/Common/function.php 第 501 行.
NOTIC: [8] Undefined variable: addons /Users/mac/eclipse_php/weiphp/Application/Common/Common/function.php 第 501 行.
NOTIC: [8] Undefined variable: addons /Users/mac/eclipse_php/weiphp/Application/Common/Common/function.php 第 501 行.
NOTIC: [8] Undefined variable: addons /Users/mac/eclipse_php/weiphp/Application/Common/Common/function.php 第 501 行.
SQL: SELECT * FROM `wp_manager_menu` WHERE `uid` = -12057 AND `is_hide` = 0 ORDER BY sort asc, id asc  [ RunTime:0.0127s ]
SQL: SELECT * FROM `wp_manager_menu` WHERE `uid` = 1 AND `is_hide` = 0 ORDER BY sort asc, id asc  [ RunTime:0.0010s ]
NOTIC: [8] Undefined variable: addons /Users/mac/eclipse_php/weiphp/Application/Common/Common/function.php 第 501 行.
NOTIC: [8] Undefined variable: addons /Users/mac/eclipse_php/weiphp/Application/Common/Common/function.php 第 501 行.
NOTIC: [8] Undefined variable: addons /Users/mac/eclipse_php/weiphp/Application/Common/Common/function.php 第 501 行.
NOTIC: [8] Undefined variable: addons /Users/mac/eclipse_php/weiphp/Application/Common/Common/function.php 第 501 行.
NOTIC: [8] Undefined variable: addons /Users/mac/eclipse_php/weiphp/Application/Common/Common/function.php 第 501 行.
NOTIC: [8] Undefined variable: addons /Users/mac/eclipse_php/weiphp/Application/Common/Common/function.php 第 501 行.
NOTIC: [8] Undefined variable: addons /Users/mac/eclipse_php/weiphp/Application/Common/Common/function.php 第 501 行.
NOTIC: [8] Undefined variable: addons /Users/mac/eclipse_php/weiphp/Application/Common/Common/function.php 第 501 行.
NOTIC: [8] Undefined variable: addons /Users/mac/eclipse_php/weiphp/Application/Common/Common/function.php 第 501 行.
NOTIC: [8] Undefined variable: addons /Users/mac/eclipse_php/weiphp/Application/Common/Common/function.php 第 501 行.
NOTIC: [8] Undefined variable: addons /Users/mac/eclipse_php/weiphp/Application/Common/Common/function.php 第 501 行.
NOTIC: [8] Undefined variable: addons /Users/mac/eclipse_php/weiphp/Application/Common/Common/function.php 第 501 行.
NOTIC: [8] Undefined variable: addons /Users/mac/eclipse_php/weiphp/Application/Common/Common/function.php 第 501 行.
NOTIC: [8] Undefined variable: addons /Users/mac/eclipse_php/weiphp/Application/Common/Common/function.php 第 501 行.
NOTIC: [8] Undefined variable: addons /Users/mac/eclipse_php/weiphp/Application/Common/Common/function.php 第 501 行.
NOTIC: [8] Undefined variable: addons /Users/mac/eclipse_php/weiphp/Application/Common/Common/function.php 第 501 行.
NOTIC: [8] Undefined offset: 14 /Users/mac/eclipse_php/weiphp/Application/Common/Model/ManagerMenuModel.class.php 第 94 行.
NOTIC: [8] Undefined offset: 14 /Users/mac/eclipse_php/weiphp/Application/Common/Model/ManagerMenuModel.class.php 第 104 行.
NOTIC: [8] Undefined offset: 60 /Users/mac/eclipse_php/weiphp/Application/Common/Model/ManagerMenuModel.class.php 第 94 行.
NOTIC: [8] Undefined offset: 60 /Users/mac/eclipse_php/weiphp/Application/Common/Model/ManagerMenuModel.class.php 第 104 行.
NOTIC: [8] Undefined variable: addons /Users/mac/eclipse_php/weiphp/Application/Common/Common/function.php 第 501 行.
NOTIC: [8] Undefined index: HTTP_REFERER /Users/mac/eclipse_php/weiphp/Application/Common/Model/ManagerMenuModel.class.php 第 127 行.
NOTIC: [8] Undefined index: side /Users/mac/eclipse_php/weiphp/Application/Common/Model/ManagerMenuModel.class.php 第 167 行.
NOTIC: [8] Undefined index: side /Users/mac/eclipse_php/weiphp/Application/Common/Model/ManagerMenuModel.class.php 第 167 行.
NOTIC: [8] Undefined index: side /Users/mac/eclipse_php/weiphp/Application/Common/Model/ManagerMenuModel.class.php 第 167 行.
NOTIC: [8] Undefined index: side /Users/mac/eclipse_php/weiphp/Application/Common/Model/ManagerMenuModel.class.php 第 167 行.
NOTIC: [8] Undefined index: side /Users/mac/eclipse_php/weiphp/Application/Common/Model/ManagerMenuModel.class.php 第 167 行.
NOTIC: [8] Undefined index: side /Users/mac/eclipse_php/weiphp/Application/Common/Model/ManagerMenuModel.class.php 第 167 行.
NOTIC: [8] Undefined index: side /Users/mac/eclipse_php/weiphp/Application/Common/Model/ManagerMenuModel.class.php 第 167 行.
NOTIC: [8] Undefined index: side /Users/mac/eclipse_php/weiphp/Application/Common/Model/ManagerMenuModel.class.php 第 167 行.
NOTIC: [8] Undefined index: side /Users/mac/eclipse_php/weiphp/Application/Common/Model/ManagerMenuModel.class.php 第 167 行.
NOTIC: [8] Undefined index: side /Users/mac/eclipse_php/weiphp/Application/Common/Model/ManagerMenuModel.class.php 第 167 行.
NOTIC: [8] Undefined index: side /Users/mac/eclipse_php/weiphp/Application/Common/Model/ManagerMenuModel.class.php 第 167 行.
NOTIC: [8] Undefined index: side /Users/mac/eclipse_php/weiphp/Application/Common/Model/ManagerMenuModel.class.php 第 167 行.
NOTIC: [8] Undefined index: side /Users/mac/eclipse_php/weiphp/Application/Common/Model/ManagerMenuModel.class.php 第 167 行.
NOTIC: [8] Undefined index: side /Users/mac/eclipse_php/weiphp/Application/Common/Model/ManagerMenuModel.class.php 第 167 行.
NOTIC: [8] Undefined index: side /Users/mac/eclipse_php/weiphp/Application/Common/Model/ManagerMenuModel.class.php 第 167 行.
NOTIC: [8] Undefined index: side /Users/mac/eclipse_php/weiphp/Application/Common/Model/ManagerMenuModel.class.php 第 167 行.
NOTIC: [8] Undefined index: side /Users/mac/eclipse_php/weiphp/Application/Common/Model/ManagerMenuModel.class.php 第 167 行.
NOTIC: [8] Undefined index: side /Users/mac/eclipse_php/weiphp/Application/Common/Model/ManagerMenuModel.class.php 第 167 行.
NOTIC: [8] Undefined index: side /Users/mac/eclipse_php/weiphp/Application/Common/Model/ManagerMenuModel.class.php 第 167 行.
NOTIC: [8] Undefined index: side /Users/mac/eclipse_php/weiphp/Application/Common/Model/ManagerMenuModel.class.php 第 167 行.
NOTIC: [8] Undefined index: side /Users/mac/eclipse_php/weiphp/Application/Common/Model/ManagerMenuModel.class.php 第 167 行.
NOTIC: [8] Undefined index: side /Users/mac/eclipse_php/weiphp/Application/Common/Model/ManagerMenuModel.class.php 第 167 行.
NOTIC: [8] Undefined index: side /Users/mac/eclipse_php/weiphp/Application/Common/Model/ManagerMenuModel.class.php 第 167 行.
NOTIC: [8] Undefined index: side /Users/mac/eclipse_php/weiphp/Application/Common/Model/ManagerMenuModel.class.php 第 167 行.
NOTIC: [8] Undefined index: side /Users/mac/eclipse_php/weiphp/Application/Common/Model/ManagerMenuModel.class.php 第 167 行.
NOTIC: [8] Undefined index: side /Users/mac/eclipse_php/weiphp/Application/Common/Model/ManagerMenuModel.class.php 第 167 行.
NOTIC: [8] Undefined index: side /Users/mac/eclipse_php/weiphp/Application/Common/Model/ManagerMenuModel.class.php 第 167 行.
NOTIC: [8] Undefined index: side /Users/mac/eclipse_php/weiphp/Application/Common/Model/ManagerMenuModel.class.php 第 167 行.
NOTIC: [8] Undefined index: side /Users/mac/eclipse_php/weiphp/Application/Common/Model/ManagerMenuModel.class.php 第 167 行.
NOTIC: [8] Undefined index: side /Users/mac/eclipse_php/weiphp/Application/Common/Model/ManagerMenuModel.class.php 第 167 行.
NOTIC: [8] Undefined index: side /Users/mac/eclipse_php/weiphp/Application/Common/Model/ManagerMenuModel.class.php 第 167 行.
NOTIC: [8] Undefined index: side /Users/mac/eclipse_php/weiphp/Application/Common/Model/ManagerMenuModel.class.php 第 167 行.
NOTIC: [8] Undefined index: side /Users/mac/eclipse_php/weiphp/Application/Common/Model/ManagerMenuModel.class.php 第 167 行.
NOTIC: [8] Undefined index: side /Users/mac/eclipse_php/weiphp/Application/Common/Model/ManagerMenuModel.class.php 第 167 行.
NOTIC: [8] Undefined index: side /Users/mac/eclipse_php/weiphp/Application/Common/Model/ManagerMenuModel.class.php 第 167 行.
NOTIC: [8] Undefined index: side /Users/mac/eclipse_php/weiphp/Application/Common/Model/ManagerMenuModel.class.php 第 167 行.
NOTIC: [8] Undefined index: side /Users/mac/eclipse_php/weiphp/Application/Common/Model/ManagerMenuModel.class.php 第 167 行.
NOTIC: [8] Undefined index: side /Users/mac/eclipse_php/weiphp/Application/Common/Model/ManagerMenuModel.class.php 第 167 行.
NOTIC: [8] Undefined index: side /Users/mac/eclipse_php/weiphp/Application/Common/Model/ManagerMenuModel.class.php 第 167 行.
NOTIC: [8] Undefined index: side /Users/mac/eclipse_php/weiphp/Application/Common/Model/ManagerMenuModel.class.php 第 167 行.
NOTIC: [8] Undefined index: side /Users/mac/eclipse_php/weiphp/Application/Common/Model/ManagerMenuModel.class.php 第 167 行.
NOTIC: [8] Undefined index: side /Users/mac/eclipse_php/weiphp/Application/Common/Model/ManagerMenuModel.class.php 第 167 行.
NOTIC: [8] Undefined index: side /Users/mac/eclipse_php/weiphp/Application/Common/Model/ManagerMenuModel.class.php 第 167 行.
NOTIC: [8] Undefined index: side /Users/mac/eclipse_php/weiphp/Application/Common/Model/ManagerMenuModel.class.php 第 167 行.
NOTIC: [8] Undefined index: side /Users/mac/eclipse_php/weiphp/Application/Common/Model/ManagerMenuModel.class.php 第 167 行.
NOTIC: [8] Undefined offset: 14 /Users/mac/eclipse_php/weiphp/Application/Common/Model/ManagerMenuModel.class.php 第 173 行.
SQL: SELECT * FROM `wp_public_link` WHERE `uid` = -12057  [ RunTime:0.0007s ]
NOTIC: [2] Invalid argument supplied for foreach() /Users/mac/eclipse_php/weiphp/Application/Common/Model/PublicModel.class.php 第 46 行.
NOTIC: [8] Undefined variable: res /Users/mac/eclipse_php/weiphp/Application/Common/Model/PublicModel.class.php 第 50 行.
INFO: [ view_parse ] --START--
INFO: [ template_filter ] --START--
INFO: Run Behavior\ContentReplaceBehavior [ RunTime:0.000214s ]
INFO: [ template_filter ] --END-- [ RunTime:0.000512s ]
INFO: Run Behavior\ParseTemplateBehavior [ RunTime:0.208495s ]
INFO: [ view_parse ] --END-- [ RunTime:0.208893s ]
INFO: [ view_filter ] --START--
INFO: Run Behavior\WriteHtmlCacheBehavior [ RunTime:0.026162s ]
INFO: [ view_filter ] --END-- [ RunTime:0.026521s ]
INFO: [ app_end ] --START--
INFO: Run Behavior\ShowPageTraceBehavior [ RunTime:0.001385s ]
INFO: Run Behavior\CronRunBehavior [ RunTime:0.001773s ]
INFO: [ app_end ] --END-- [ RunTime:0.004097s ]

[ 2016-09-08T09:51:36+08:00 ] 127.0.0.1 /index.php?s=/Home/User/verify.html
INFO: [ app_init ] --START--
INFO: Run Behavior\BuildLiteBehavior [ RunTime:0.000152s ]
INFO: Run Common\Behavior\InitHookBehavior [ RunTime:0.002891s ]
INFO: [ app_init ] --END-- [ RunTime:0.003879s ]
INFO: [ app_begin ] --START--
INFO: Run Behavior\ReadHtmlCacheBehavior [ RunTime:0.000610s ]
INFO: [ app_begin ] --END-- [ RunTime:0.000873s ]
SQL: SELECT `value` FROM `wp_config` WHERE ( name="FOLLOW_YOUKE_UID" ) LIMIT 1   [ RunTime:0.0004s ]
SQL: UPDATE `wp_config` SET `value`='-12058' WHERE ( name="FOLLOW_YOUKE_UID" ) [ RunTime:0.0006s ]
NOTIC: [8] Undefined index: uid /Users/mac/eclipse_php/weiphp/ThinkPHP/Library/Think/Controller.class.php 第 506 行.
SQL: SHOW COLUMNS FROM `wp_auth_group_access` [ RunTime:0.1804s ]
SQL: SELECT a.uid,a.group_id,g.title,g.rules FROM wp_auth_group_access a INNER JOIN wp_auth_group g on a.group_id=g.id  WHERE ( a.uid='-12058' and g.status='1' )  [ RunTime:0.0007s ]
SQL: SELECT `id`,`token` FROM `wp_public`  [ RunTime:0.0005s ]
NOTIC: [8] Undefined offset: -1 /Users/mac/eclipse_php/weiphp/Application/Common/Model/PublicModel.class.php 第 38 行.
NOTIC: [8] Undefined index: addon_status /Users/mac/eclipse_php/weiphp/Application/Common/Model/AddonStatusModel.class.php 第 47 行.
NOTIC: [8] Undefined index: group_id /Users/mac/eclipse_php/weiphp/Application/Common/Model/AddonStatusModel.class.php 第 50 行.
NOTIC: [8] Undefined variable: addons /Users/mac/eclipse_php/weiphp/Application/Common/Common/function.php 第 501 行.
NOTIC: [8] Undefined variable: addons /Users/mac/eclipse_php/weiphp/Application/Common/Common/function.php 第 501 行.
NOTIC: [8] Undefined variable: addons /Users/mac/eclipse_php/weiphp/Application/Common/Common/function.php 第 501 行.
NOTIC: [8] Undefined variable: addons /Users/mac/eclipse_php/weiphp/Application/Common/Common/function.php 第 501 行.
NOTIC: [8] Undefined variable: addons /Users/mac/eclipse_php/weiphp/Application/Common/Common/function.php 第 501 行.
NOTIC: [8] Undefined variable: addons /Users/mac/eclipse_php/weiphp/Application/Common/Common/function.php 第 501 行.
NOTIC: [8] Undefined variable: addons /Users/mac/eclipse_php/weiphp/Application/Common/Common/function.php 第 501 行.
NOTIC: [8] Undefined variable: addons /Users/mac/eclipse_php/weiphp/Application/Common/Common/function.php 第 501 行.
NOTIC: [8] Undefined variable: addons /Users/mac/eclipse_php/weiphp/Application/Common/Common/function.php 第 501 行.
NOTIC: [8] Undefined variable: addons /Users/mac/eclipse_php/weiphp/Application/Common/Common/function.php 第 501 行.
NOTIC: [8] Undefined variable: addons /Users/mac/eclipse_php/weiphp/Application/Common/Common/function.php 第 501 行.
NOTIC: [8] Undefined variable: addons /Users/mac/eclipse_php/weiphp/Application/Common/Common/function.php 第 501 行.
NOTIC: [8] Undefined variable: addons /Users/mac/eclipse_php/weiphp/Application/Common/Common/function.php 第 501 行.
NOTIC: [8] Undefined variable: addons /Users/mac/eclipse_php/weiphp/Application/Common/Common/function.php 第 501 行.
NOTIC: [8] Undefined variable: addons /Users/mac/eclipse_php/weiphp/Application/Common/Common/function.php 第 501 行.
NOTIC: [8] Undefined variable: addons /Users/mac/eclipse_php/weiphp/Application/Common/Common/function.php 第 501 行.
NOTIC: [8] Undefined variable: addons /Users/mac/eclipse_php/weiphp/Application/Common/Common/function.php 第 501 行.
NOTIC: [8] Undefined variable: addons /Users/mac/eclipse_php/weiphp/Application/Common/Common/function.php 第 501 行.
NOTIC: [8] Undefined variable: addons /Users/mac/eclipse_php/weiphp/Application/Common/Common/function.php 第 501 行.
NOTIC: [8] Undefined variable: addons /Users/mac/eclipse_php/weiphp/Application/Common/Common/function.php 第 501 行.
NOTIC: [8] Undefined variable: addons /Users/mac/eclipse_php/weiphp/Application/Common/Common/function.php 第 501 行.
NOTIC: [8] Undefined variable: addons /Users/mac/eclipse_php/weiphp/Application/Common/Common/function.php 第 501 行.
NOTIC: [8] Undefined variable: addons /Users/mac/eclipse_php/weiphp/Application/Common/Common/function.php 第 501 行.
NOTIC: [8] Undefined variable: addons /Users/mac/eclipse_php/weiphp/Application/Common/Common/function.php 第 501 行.
NOTIC: [8] Undefined variable: addons /Users/mac/eclipse_php/weiphp/Application/Common/Common/function.php 第 501 行.
NOTIC: [8] Undefined variable: addons /Users/mac/eclipse_php/weiphp/Application/Common/Common/function.php 第 501 行.
NOTIC: [8] Undefined variable: addons /Users/mac/eclipse_php/weiphp/Application/Common/Common/function.php 第 501 行.
NOTIC: [8] Undefined variable: addons /Users/mac/eclipse_php/weiphp/Application/Common/Common/function.php 第 501 行.
NOTIC: [8] Undefined variable: addons /Users/mac/eclipse_php/weiphp/Application/Common/Common/function.php 第 501 行.
NOTIC: [8] Undefined variable: addons /Users/mac/eclipse_php/weiphp/Application/Common/Common/function.php 第 501 行.
NOTIC: [8] Undefined variable: addons /Users/mac/eclipse_php/weiphp/Application/Common/Common/function.php 第 501 行.
NOTIC: [8] Undefined variable: addons /Users/mac/eclipse_php/weiphp/Application/Common/Common/function.php 第 501 行.
NOTIC: [8] Undefined variable: addons /Users/mac/eclipse_php/weiphp/Application/Common/Common/function.php 第 501 行.
NOTIC: [8] Undefined variable: addons /Users/mac/eclipse_php/weiphp/Application/Common/Common/function.php 第 501 行.
NOTIC: [8] Undefined variable: addons /Users/mac/eclipse_php/weiphp/Application/Common/Common/function.php 第 501 行.
NOTIC: [8] Undefined variable: addons /Users/mac/eclipse_php/weiphp/Application/Common/Common/function.php 第 501 行.
NOTIC: [8] Undefined variable: addons /Users/mac/eclipse_php/weiphp/Application/Common/Common/function.php 第 501 行.
NOTIC: [8] Undefined variable: addons /Users/mac/eclipse_php/weiphp/Application/Common/Common/function.php 第 501 行.
NOTIC: [8] Undefined variable: addons /Users/mac/eclipse_php/weiphp/Application/Common/Common/function.php 第 501 行.
NOTIC: [8] Undefined variable: addons /Users/mac/eclipse_php/weiphp/Application/Common/Common/function.php 第 501 行.
NOTIC: [8] Undefined variable: addons /Users/mac/eclipse_php/weiphp/Application/Common/Common/function.php 第 501 行.
SQL: SELECT * FROM `wp_manager_menu` WHERE `uid` = 0 AND `is_hide` = 0 ORDER BY sort asc, id asc  [ RunTime:0.0005s ]
SQL: SELECT * FROM `wp_manager_menu` WHERE `uid` = 1 AND `is_hide` = 0 ORDER BY sort asc, id asc  [ RunTime:0.0008s ]
NOTIC: [8] Undefined variable: addons /Users/mac/eclipse_php/weiphp/Application/Common/Common/function.php 第 501 行.
NOTIC: [8] Undefined variable: addons /Users/mac/eclipse_php/weiphp/Application/Common/Common/function.php 第 501 行.
NOTIC: [8] Undefined variable: addons /Users/mac/eclipse_php/weiphp/Application/Common/Common/function.php 第 501 行.
NOTIC: [8] Undefined variable: addons /Users/mac/eclipse_php/weiphp/Application/Common/Common/function.php 第 501 行.
NOTIC: [8] Undefined variable: addons /Users/mac/eclipse_php/weiphp/Application/Common/Common/function.php 第 501 行.
NOTIC: [8] Undefined variable: addons /Users/mac/eclipse_php/weiphp/Application/Common/Common/function.php 第 501 行.
NOTIC: [8] Undefined variable: addons /Users/mac/eclipse_php/weiphp/Application/Common/Common/function.php 第 501 行.
NOTIC: [8] Undefined variable: addons /Users/mac/eclipse_php/weiphp/Application/Common/Common/function.php 第 501 行.
NOTIC: [8] Undefined variable: addons /Users/mac/eclipse_php/weiphp/Application/Common/Common/function.php 第 501 行.
NOTIC: [8] Undefined variable: addons /Users/mac/eclipse_php/weiphp/Application/Common/Common/function.php 第 501 行.
NOTIC: [8] Undefined variable: addons /Users/mac/eclipse_php/weiphp/Application/Common/Common/function.php 第 501 行.
NOTIC: [8] Undefined variable: addons /Users/mac/eclipse_php/weiphp/Application/Common/Common/function.php 第 501 行.
NOTIC: [8] Undefined variable: addons /Users/mac/eclipse_php/weiphp/Application/Common/Common/function.php 第 501 行.
NOTIC: [8] Undefined variable: addons /Users/mac/eclipse_php/weiphp/Application/Common/Common/function.php 第 501 行.
NOTIC: [8] Undefined variable: addons /Users/mac/eclipse_php/weiphp/Application/Common/Common/function.php 第 501 行.
NOTIC: [8] Undefined variable: addons /Users/mac/eclipse_php/weiphp/Application/Common/Common/function.php 第 501 行.
NOTIC: [8] Undefined offset: 14 /Users/mac/eclipse_php/weiphp/Application/Common/Model/ManagerMenuModel.class.php 第 94 行.
NOTIC: [8] Undefined offset: 14 /Users/mac/eclipse_php/weiphp/Application/Common/Model/ManagerMenuModel.class.php 第 104 行.
NOTIC: [8] Undefined offset: 60 /Users/mac/eclipse_php/weiphp/Application/Common/Model/ManagerMenuModel.class.php 第 94 行.
NOTIC: [8] Undefined offset: 60 /Users/mac/eclipse_php/weiphp/Application/Common/Model/ManagerMenuModel.class.php 第 104 行.
NOTIC: [8] Undefined variable: addons /Users/mac/eclipse_php/weiphp/Application/Common/Common/function.php 第 501 行.
NOTIC: [8] Undefined index: HTTP_REFERER /Users/mac/eclipse_php/weiphp/Application/Common/Model/ManagerMenuModel.class.php 第 127 行.
NOTIC: [8] Undefined index: side /Users/mac/eclipse_php/weiphp/Application/Common/Model/ManagerMenuModel.class.php 第 167 行.
NOTIC: [8] Undefined index: side /Users/mac/eclipse_php/weiphp/Application/Common/Model/ManagerMenuModel.class.php 第 167 行.
NOTIC: [8] Undefined index: side /Users/mac/eclipse_php/weiphp/Application/Common/Model/ManagerMenuModel.class.php 第 167 行.
NOTIC: [8] Undefined index: side /Users/mac/eclipse_php/weiphp/Application/Common/Model/ManagerMenuModel.class.php 第 167 行.
NOTIC: [8] Undefined index: side /Users/mac/eclipse_php/weiphp/Application/Common/Model/ManagerMenuModel.class.php 第 167 行.
NOTIC: [8] Undefined index: side /Users/mac/eclipse_php/weiphp/Application/Common/Model/ManagerMenuModel.class.php 第 167 行.
NOTIC: [8] Undefined index: side /Users/mac/eclipse_php/weiphp/Application/Common/Model/ManagerMenuModel.class.php 第 167 行.
NOTIC: [8] Undefined index: side /Users/mac/eclipse_php/weiphp/Application/Common/Model/ManagerMenuModel.class.php 第 167 行.
NOTIC: [8] Undefined index: side /Users/mac/eclipse_php/weiphp/Application/Common/Model/ManagerMenuModel.class.php 第 167 行.
NOTIC: [8] Undefined index: side /Users/mac/eclipse_php/weiphp/Application/Common/Model/ManagerMenuModel.class.php 第 167 行.
NOTIC: [8] Undefined index: side /Users/mac/eclipse_php/weiphp/Application/Common/Model/ManagerMenuModel.class.php 第 167 行.
NOTIC: [8] Undefined index: side /Users/mac/eclipse_php/weiphp/Application/Common/Model/ManagerMenuModel.class.php 第 167 行.
NOTIC: [8] Undefined index: side /Users/mac/eclipse_php/weiphp/Application/Common/Model/ManagerMenuModel.class.php 第 167 行.
NOTIC: [8] Undefined index: side /Users/mac/eclipse_php/weiphp/Application/Common/Model/ManagerMenuModel.class.php 第 167 行.
NOTIC: [8] Undefined index: side /Users/mac/eclipse_php/weiphp/Application/Common/Model/ManagerMenuModel.class.php 第 167 行.
NOTIC: [8] Undefined index: side /Users/mac/eclipse_php/weiphp/Application/Common/Model/ManagerMenuModel.class.php 第 167 行.
NOTIC: [8] Undefined index: side /Users/mac/eclipse_php/weiphp/Application/Common/Model/ManagerMenuModel.class.php 第 167 行.
NOTIC: [8] Undefined index: side /Users/mac/eclipse_php/weiphp/Application/Common/Model/ManagerMenuModel.class.php 第 167 行.
NOTIC: [8] Undefined index: side /Users/mac/eclipse_php/weiphp/Application/Common/Model/ManagerMenuModel.class.php 第 167 行.
NOTIC: [8] Undefined index: side /Users/mac/eclipse_php/weiphp/Application/Common/Model/ManagerMenuModel.class.php 第 167 行.
NOTIC: [8] Undefined index: side /Users/mac/eclipse_php/weiphp/Application/Common/Model/ManagerMenuModel.class.php 第 167 行.
NOTIC: [8] Undefined index: side /Users/mac/eclipse_php/weiphp/Application/Common/Model/ManagerMenuModel.class.php 第 167 行.
NOTIC: [8] Undefined index: side /Users/mac/eclipse_php/weiphp/Application/Common/Model/ManagerMenuModel.class.php 第 167 行.
NOTIC: [8] Undefined index: side /Users/mac/eclipse_php/weiphp/Application/Common/Model/ManagerMenuModel.class.php 第 167 行.
NOTIC: [8] Undefined index: side /Users/mac/eclipse_php/weiphp/Application/Common/Model/ManagerMenuModel.class.php 第 167 行.
NOTIC: [8] Undefined index: side /Users/mac/eclipse_php/weiphp/Application/Common/Model/ManagerMenuModel.class.php 第 167 行.
NOTIC: [8] Undefined index: side /Users/mac/eclipse_php/weiphp/Application/Common/Model/ManagerMenuModel.class.php 第 167 行.
NOTIC: [8] Undefined index: side /Users/mac/eclipse_php/weiphp/Application/Common/Model/ManagerMenuModel.class.php 第 167 行.
NOTIC: [8] Undefined index: side /Users/mac/eclipse_php/weiphp/Application/Common/Model/ManagerMenuModel.class.php 第 167 行.
NOTIC: [8] Undefined index: side /Users/mac/eclipse_php/weiphp/Application/Common/Model/ManagerMenuModel.class.php 第 167 行.
NOTIC: [8] Undefined index: side /Users/mac/eclipse_php/weiphp/Application/Common/Model/ManagerMenuModel.class.php 第 167 行.
NOTIC: [8] Undefined index: side /Users/mac/eclipse_php/weiphp/Application/Common/Model/ManagerMenuModel.class.php 第 167 行.
NOTIC: [8] Undefined index: side /Users/mac/eclipse_php/weiphp/Application/Common/Model/ManagerMenuModel.class.php 第 167 行.
NOTIC: [8] Undefined index: side /Users/mac/eclipse_php/weiphp/Application/Common/Model/ManagerMenuModel.class.php 第 167 行.
NOTIC: [8] Undefined index: side /Users/mac/eclipse_php/weiphp/Application/Common/Model/ManagerMenuModel.class.php 第 167 行.
NOTIC: [8] Undefined index: side /Users/mac/eclipse_php/weiphp/Application/Common/Model/ManagerMenuModel.class.php 第 167 行.
NOTIC: [8] Undefined index: side /Users/mac/eclipse_php/weiphp/Application/Common/Model/ManagerMenuModel.class.php 第 167 行.
NOTIC: [8] Undefined index: side /Users/mac/eclipse_php/weiphp/Application/Common/Model/ManagerMenuModel.class.php 第 167 行.
NOTIC: [8] Undefined index: side /Users/mac/eclipse_php/weiphp/Application/Common/Model/ManagerMenuModel.class.php 第 167 行.
NOTIC: [8] Undefined index: side /Users/mac/eclipse_php/weiphp/Application/Common/Model/ManagerMenuModel.class.php 第 167 行.
NOTIC: [8] Undefined index: side /Users/mac/eclipse_php/weiphp/Application/Common/Model/ManagerMenuModel.class.php 第 167 行.
NOTIC: [8] Undefined index: side /Users/mac/eclipse_php/weiphp/Application/Common/Model/ManagerMenuModel.class.php 第 167 行.
NOTIC: [8] Undefined index: side /Users/mac/eclipse_php/weiphp/Application/Common/Model/ManagerMenuModel.class.php 第 167 行.
NOTIC: [8] Undefined index: side /Users/mac/eclipse_php/weiphp/Application/Common/Model/ManagerMenuModel.class.php 第 167 行.
NOTIC: [8] Undefined index: side /Users/mac/eclipse_php/weiphp/Application/Common/Model/ManagerMenuModel.class.php 第 167 行.
NOTIC: [8] Undefined offset: 14 /Users/mac/eclipse_php/weiphp/Application/Common/Model/ManagerMenuModel.class.php 第 173 行.
SQL: SELECT * FROM `wp_public_link` WHERE `uid` = 0  [ RunTime:0.0004s ]
NOTIC: [2] Invalid argument supplied for foreach() /Users/mac/eclipse_php/weiphp/Application/Common/Model/PublicModel.class.php 第 46 行.
NOTIC: [8] Undefined variable: res /Users/mac/eclipse_php/weiphp/Application/Common/Model/PublicModel.class.php 第 50 行.
INFO: [ app_end ] --START--
INFO: Run Behavior\ShowPageTraceBehavior [ RunTime:0.000834s ]
INFO: Run Behavior\CronRunBehavior [ RunTime:0.001038s ]
INFO: [ app_end ] --END-- [ RunTime:0.002478s ]

[ 2016-09-08T09:51:36+08:00 ] 127.0.0.1 /index.php?s=/Home/User/verify.html
INFO: [ app_init ] --START--
INFO: Run Behavior\BuildLiteBehavior [ RunTime:0.000084s ]
INFO: Run Common\Behavior\InitHookBehavior [ RunTime:0.003180s ]
INFO: [ app_init ] --END-- [ RunTime:0.004654s ]
INFO: [ app_begin ] --START--
INFO: Run Behavior\ReadHtmlCacheBehavior [ RunTime:0.000760s ]
INFO: [ app_begin ] --END-- [ RunTime:0.001258s ]
NOTIC: [8] Undefined index: uid /Users/mac/eclipse_php/weiphp/ThinkPHP/Library/Think/Controller.class.php 第 506 行.
SQL: SHOW COLUMNS FROM `wp_auth_group_access` [ RunTime:0.0297s ]
SQL: SELECT a.uid,a.group_id,g.title,g.rules FROM wp_auth_group_access a INNER JOIN wp_auth_group g on a.group_id=g.id  WHERE ( a.uid='-12057' and g.status='1' )  [ RunTime:0.0008s ]
SQL: SELECT `id`,`token` FROM `wp_public`  [ RunTime:0.0005s ]
NOTIC: [8] Undefined offset: -1 /Users/mac/eclipse_php/weiphp/Application/Common/Model/PublicModel.class.php 第 38 行.
NOTIC: [8] Undefined index: addon_status /Users/mac/eclipse_php/weiphp/Application/Common/Model/AddonStatusModel.class.php 第 47 行.
NOTIC: [8] Undefined index: group_id /Users/mac/eclipse_php/weiphp/Application/Common/Model/AddonStatusModel.class.php 第 50 行.
NOTIC: [8] Undefined variable: addons /Users/mac/eclipse_php/weiphp/Application/Common/Common/function.php 第 501 行.
NOTIC: [8] Undefined variable: addons /Users/mac/eclipse_php/weiphp/Application/Common/Common/function.php 第 501 行.
NOTIC: [8] Undefined variable: addons /Users/mac/eclipse_php/weiphp/Application/Common/Common/function.php 第 501 行.
NOTIC: [8] Undefined variable: addons /Users/mac/eclipse_php/weiphp/Application/Common/Common/function.php 第 501 行.
NOTIC: [8] Undefined variable: addons /Users/mac/eclipse_php/weiphp/Application/Common/Common/function.php 第 501 行.
NOTIC: [8] Undefined variable: addons /Users/mac/eclipse_php/weiphp/Application/Common/Common/function.php 第 501 行.
NOTIC: [8] Undefined variable: addons /Users/mac/eclipse_php/weiphp/Application/Common/Common/function.php 第 501 行.
NOTIC: [8] Undefined variable: addons /Users/mac/eclipse_php/weiphp/Application/Common/Common/function.php 第 501 行.
NOTIC: [8] Undefined variable: addons /Users/mac/eclipse_php/weiphp/Application/Common/Common/function.php 第 501 行.
NOTIC: [8] Undefined variable: addons /Users/mac/eclipse_php/weiphp/Application/Common/Common/function.php 第 501 行.
NOTIC: [8] Undefined variable: addons /Users/mac/eclipse_php/weiphp/Application/Common/Common/function.php 第 501 行.
NOTIC: [8] Undefined variable: addons /Users/mac/eclipse_php/weiphp/Application/Common/Common/function.php 第 501 行.
NOTIC: [8] Undefined variable: addons /Users/mac/eclipse_php/weiphp/Application/Common/Common/function.php 第 501 行.
NOTIC: [8] Undefined variable: addons /Users/mac/eclipse_php/weiphp/Application/Common/Common/function.php 第 501 行.
NOTIC: [8] Undefined variable: addons /Users/mac/eclipse_php/weiphp/Application/Common/Common/function.php 第 501 行.
NOTIC: [8] Undefined variable: addons /Users/mac/eclipse_php/weiphp/Application/Common/Common/function.php 第 501 行.
NOTIC: [8] Undefined variable: addons /Users/mac/eclipse_php/weiphp/Application/Common/Common/function.php 第 501 行.
NOTIC: [8] Undefined variable: addons /Users/mac/eclipse_php/weiphp/Application/Common/Common/function.php 第 501 行.
NOTIC: [8] Undefined variable: addons /Users/mac/eclipse_php/weiphp/Application/Common/Common/function.php 第 501 行.
NOTIC: [8] Undefined variable: addons /Users/mac/eclipse_php/weiphp/Application/Common/Common/function.php 第 501 行.
NOTIC: [8] Undefined variable: addons /Users/mac/eclipse_php/weiphp/Application/Common/Common/function.php 第 501 行.
NOTIC: [8] Undefined variable: addons /Users/mac/eclipse_php/weiphp/Application/Common/Common/function.php 第 501 行.
NOTIC: [8] Undefined variable: addons /Users/mac/eclipse_php/weiphp/Application/Common/Common/function.php 第 501 行.
NOTIC: [8] Undefined variable: addons /Users/mac/eclipse_php/weiphp/Application/Common/Common/function.php 第 501 行.
NOTIC: [8] Undefined variable: addons /Users/mac/eclipse_php/weiphp/Application/Common/Common/function.php 第 501 行.
NOTIC: [8] Undefined variable: addons /Users/mac/eclipse_php/weiphp/Application/Common/Common/function.php 第 501 行.
NOTIC: [8] Undefined variable: addons /Users/mac/eclipse_php/weiphp/Application/Common/Common/function.php 第 501 行.
NOTIC: [8] Undefined variable: addons /Users/mac/eclipse_php/weiphp/Application/Common/Common/function.php 第 501 行.
NOTIC: [8] Undefined variable: addons /Users/mac/eclipse_php/weiphp/Application/Common/Common/function.php 第 501 行.
NOTIC: [8] Undefined variable: addons /Users/mac/eclipse_php/weiphp/Application/Common/Common/function.php 第 501 行.
NOTIC: [8] Undefined variable: addons /Users/mac/eclipse_php/weiphp/Application/Common/Common/function.php 第 501 行.
NOTIC: [8] Undefined variable: addons /Users/mac/eclipse_php/weiphp/Application/Common/Common/function.php 第 501 行.
NOTIC: [8] Undefined variable: addons /Users/mac/eclipse_php/weiphp/Application/Common/Common/function.php 第 501 行.
NOTIC: [8] Undefined variable: addons /Users/mac/eclipse_php/weiphp/Application/Common/Common/function.php 第 501 行.
NOTIC: [8] Undefined variable: addons /Users/mac/eclipse_php/weiphp/Application/Common/Common/function.php 第 501 行.
NOTIC: [8] Undefined variable: addons /Users/mac/eclipse_php/weiphp/Application/Common/Common/function.php 第 501 行.
NOTIC: [8] Undefined variable: addons /Users/mac/eclipse_php/weiphp/Application/Common/Common/function.php 第 501 行.
NOTIC: [8] Undefined variable: addons /Users/mac/eclipse_php/weiphp/Application/Common/Common/function.php 第 501 行.
NOTIC: [8] Undefined variable: addons /Users/mac/eclipse_php/weiphp/Application/Common/Common/function.php 第 501 行.
NOTIC: [8] Undefined variable: addons /Users/mac/eclipse_php/weiphp/Application/Common/Common/function.php 第 501 行.
NOTIC: [8] Undefined variable: addons /Users/mac/eclipse_php/weiphp/Application/Common/Common/function.php 第 501 行.
SQL: SELECT * FROM `wp_manager_menu` WHERE `uid` = -12057 AND `is_hide` = 0 ORDER BY sort asc, id asc  [ RunTime:0.0005s ]
SQL: SELECT * FROM `wp_manager_menu` WHERE `uid` = 1 AND `is_hide` = 0 ORDER BY sort asc, id asc  [ RunTime:0.0009s ]
NOTIC: [8] Undefined variable: addons /Users/mac/eclipse_php/weiphp/Application/Common/Common/function.php 第 501 行.
NOTIC: [8] Undefined variable: addons /Users/mac/eclipse_php/weiphp/Application/Common/Common/function.php 第 501 行.
NOTIC: [8] Undefined variable: addons /Users/mac/eclipse_php/weiphp/Application/Common/Common/function.php 第 501 行.
NOTIC: [8] Undefined variable: addons /Users/mac/eclipse_php/weiphp/Application/Common/Common/function.php 第 501 行.
NOTIC: [8] Undefined variable: addons /Users/mac/eclipse_php/weiphp/Application/Common/Common/function.php 第 501 行.
NOTIC: [8] Undefined variable: addons /Users/mac/eclipse_php/weiphp/Application/Common/Common/function.php 第 501 行.
NOTIC: [8] Undefined variable: addons /Users/mac/eclipse_php/weiphp/Application/Common/Common/function.php 第 501 行.
NOTIC: [8] Undefined variable: addons /Users/mac/eclipse_php/weiphp/Application/Common/Common/function.php 第 501 行.
NOTIC: [8] Undefined variable: addons /Users/mac/eclipse_php/weiphp/Application/Common/Common/function.php 第 501 行.
NOTIC: [8] Undefined variable: addons /Users/mac/eclipse_php/weiphp/Application/Common/Common/function.php 第 501 行.
NOTIC: [8] Undefined variable: addons /Users/mac/eclipse_php/weiphp/Application/Common/Common/function.php 第 501 行.
NOTIC: [8] Undefined variable: addons /Users/mac/eclipse_php/weiphp/Application/Common/Common/function.php 第 501 行.
NOTIC: [8] Undefined variable: addons /Users/mac/eclipse_php/weiphp/Application/Common/Common/function.php 第 501 行.
NOTIC: [8] Undefined variable: addons /Users/mac/eclipse_php/weiphp/Application/Common/Common/function.php 第 501 行.
NOTIC: [8] Undefined variable: addons /Users/mac/eclipse_php/weiphp/Application/Common/Common/function.php 第 501 行.
NOTIC: [8] Undefined variable: addons /Users/mac/eclipse_php/weiphp/Application/Common/Common/function.php 第 501 行.
NOTIC: [8] Undefined offset: 14 /Users/mac/eclipse_php/weiphp/Application/Common/Model/ManagerMenuModel.class.php 第 94 行.
NOTIC: [8] Undefined offset: 14 /Users/mac/eclipse_php/weiphp/Application/Common/Model/ManagerMenuModel.class.php 第 104 行.
NOTIC: [8] Undefined offset: 60 /Users/mac/eclipse_php/weiphp/Application/Common/Model/ManagerMenuModel.class.php 第 94 行.
NOTIC: [8] Undefined offset: 60 /Users/mac/eclipse_php/weiphp/Application/Common/Model/ManagerMenuModel.class.php 第 104 行.
NOTIC: [8] Undefined variable: addons /Users/mac/eclipse_php/weiphp/Application/Common/Common/function.php 第 501 行.
NOTIC: [8] Undefined index: side /Users/mac/eclipse_php/weiphp/Application/Common/Model/ManagerMenuModel.class.php 第 167 行.
NOTIC: [8] Undefined index: side /Users/mac/eclipse_php/weiphp/Application/Common/Model/ManagerMenuModel.class.php 第 167 行.
NOTIC: [8] Undefined index: side /Users/mac/eclipse_php/weiphp/Application/Common/Model/ManagerMenuModel.class.php 第 167 行.
NOTIC: [8] Undefined index: side /Users/mac/eclipse_php/weiphp/Application/Common/Model/ManagerMenuModel.class.php 第 167 行.
NOTIC: [8] Undefined index: side /Users/mac/eclipse_php/weiphp/Application/Common/Model/ManagerMenuModel.class.php 第 167 行.
NOTIC: [8] Undefined index: side /Users/mac/eclipse_php/weiphp/Application/Common/Model/ManagerMenuModel.class.php 第 167 行.
NOTIC: [8] Undefined index: side /Users/mac/eclipse_php/weiphp/Application/Common/Model/ManagerMenuModel.class.php 第 167 行.
NOTIC: [8] Undefined index: side /Users/mac/eclipse_php/weiphp/Application/Common/Model/ManagerMenuModel.class.php 第 167 行.
NOTIC: [8] Undefined index: side /Users/mac/eclipse_php/weiphp/Application/Common/Model/ManagerMenuModel.class.php 第 167 行.
NOTIC: [8] Undefined index: side /Users/mac/eclipse_php/weiphp/Application/Common/Model/ManagerMenuModel.class.php 第 167 行.
NOTIC: [8] Undefined index: side /Users/mac/eclipse_php/weiphp/Application/Common/Model/ManagerMenuModel.class.php 第 167 行.
NOTIC: [8] Undefined index: side /Users/mac/eclipse_php/weiphp/Application/Common/Model/ManagerMenuModel.class.php 第 167 行.
NOTIC: [8] Undefined index: side /Users/mac/eclipse_php/weiphp/Application/Common/Model/ManagerMenuModel.class.php 第 167 行.
NOTIC: [8] Undefined index: side /Users/mac/eclipse_php/weiphp/Application/Common/Model/ManagerMenuModel.class.php 第 167 行.
NOTIC: [8] Undefined index: side /Users/mac/eclipse_php/weiphp/Application/Common/Model/ManagerMenuModel.class.php 第 167 行.
NOTIC: [8] Undefined index: side /Users/mac/eclipse_php/weiphp/Application/Common/Model/ManagerMenuModel.class.php 第 167 行.
NOTIC: [8] Undefined index: side /Users/mac/eclipse_php/weiphp/Application/Common/Model/ManagerMenuModel.class.php 第 167 行.
NOTIC: [8] Undefined index: side /Users/mac/eclipse_php/weiphp/Application/Common/Model/ManagerMenuModel.class.php 第 167 行.
NOTIC: [8] Undefined index: side /Users/mac/eclipse_php/weiphp/Application/Common/Model/ManagerMenuModel.class.php 第 167 行.
NOTIC: [8] Undefined index: side /Users/mac/eclipse_php/weiphp/Application/Common/Model/ManagerMenuModel.class.php 第 167 行.
NOTIC: [8] Undefined index: side /Users/mac/eclipse_php/weiphp/Application/Common/Model/ManagerMenuModel.class.php 第 167 行.
NOTIC: [8] Undefined index: side /Users/mac/eclipse_php/weiphp/Application/Common/Model/ManagerMenuModel.class.php 第 167 行.
NOTIC: [8] Undefined index: side /Users/mac/eclipse_php/weiphp/Application/Common/Model/ManagerMenuModel.class.php 第 167 行.
NOTIC: [8] Undefined index: side /Users/mac/eclipse_php/weiphp/Application/Common/Model/ManagerMenuModel.class.php 第 167 行.
NOTIC: [8] Undefined index: side /Users/mac/eclipse_php/weiphp/Application/Common/Model/ManagerMenuModel.class.php 第 167 行.
NOTIC: [8] Undefined index: side /Users/mac/eclipse_php/weiphp/Application/Common/Model/ManagerMenuModel.class.php 第 167 行.
NOTIC: [8] Undefined index: side /Users/mac/eclipse_php/weiphp/Application/Common/Model/ManagerMenuModel.class.php 第 167 行.
NOTIC: [8] Undefined index: side /Users/mac/eclipse_php/weiphp/Application/Common/Model/ManagerMenuModel.class.php 第 167 行.
NOTIC: [8] Undefined index: side /Users/mac/eclipse_php/weiphp/Application/Common/Model/ManagerMenuModel.class.php 第 167 行.
NOTIC: [8] Undefined index: side /Users/mac/eclipse_php/weiphp/Application/Common/Model/ManagerMenuModel.class.php 第 167 行.
NOTIC: [8] Undefined index: side /Users/mac/eclipse_php/weiphp/Application/Common/Model/ManagerMenuModel.class.php 第 167 行.
NOTIC: [8] Undefined index: side /Users/mac/eclipse_php/weiphp/Application/Common/Model/ManagerMenuModel.class.php 第 167 行.
NOTIC: [8] Undefined index: side /Users/mac/eclipse_php/weiphp/Application/Common/Model/ManagerMenuModel.class.php 第 167 行.
NOTIC: [8] Undefined index: side /Users/mac/eclipse_php/weiphp/Application/Common/Model/ManagerMenuModel.class.php 第 167 行.
NOTIC: [8] Undefined index: side /Users/mac/eclipse_php/weiphp/Application/Common/Model/ManagerMenuModel.class.php 第 167 行.
NOTIC: [8] Undefined index: side /Users/mac/eclipse_php/weiphp/Application/Common/Model/ManagerMenuModel.class.php 第 167 行.
NOTIC: [8] Undefined index: side /Users/mac/eclipse_php/weiphp/Application/Common/Model/ManagerMenuModel.class.php 第 167 行.
NOTIC: [8] Undefined index: side /Users/mac/eclipse_php/weiphp/Application/Common/Model/ManagerMenuModel.class.php 第 167 行.
NOTIC: [8] Undefined index: side /Users/mac/eclipse_php/weiphp/Application/Common/Model/ManagerMenuModel.class.php 第 167 行.
NOTIC: [8] Undefined index: side /Users/mac/eclipse_php/weiphp/Application/Common/Model/ManagerMenuModel.class.php 第 167 行.
NOTIC: [8] Undefined index: side /Users/mac/eclipse_php/weiphp/Application/Common/Model/ManagerMenuModel.class.php 第 167 行.
NOTIC: [8] Undefined index: side /Users/mac/eclipse_php/weiphp/Application/Common/Model/ManagerMenuModel.class.php 第 167 行.
NOTIC: [8] Undefined index: side /Users/mac/eclipse_php/weiphp/Application/Common/Model/ManagerMenuModel.class.php 第 167 行.
NOTIC: [8] Undefined index: side /Users/mac/eclipse_php/weiphp/Application/Common/Model/ManagerMenuModel.class.php 第 167 行.
NOTIC: [8] Undefined index: side /Users/mac/eclipse_php/weiphp/Application/Common/Model/ManagerMenuModel.class.php 第 167 行.
NOTIC: [8] Undefined offset: 14 /Users/mac/eclipse_php/weiphp/Application/Common/Model/ManagerMenuModel.class.php 第 173 行.
SQL: SELECT * FROM `wp_public_link` WHERE `uid` = -12057  [ RunTime:0.0005s ]
NOTIC: [2] Invalid argument supplied for foreach() /Users/mac/eclipse_php/weiphp/Application/Common/Model/PublicModel.class.php 第 46 行.
NOTIC: [8] Undefined variable: res /Users/mac/eclipse_php/weiphp/Application/Common/Model/PublicModel.class.php 第 50 行.
INFO: [ app_end ] --START--
INFO: Run Behavior\ShowPageTraceBehavior [ RunTime:0.000919s ]
NOTIC: [2] unlink(./Runtime/cron.lock): No such file or directory /Users/mac/eclipse_php/weiphp/ThinkPHP/Library/Behavior/CronRunBehavior.class.php 第 71 行.
INFO: Run Behavior\CronRunBehavior [ RunTime:0.001103s ]
INFO: [ app_end ] --END-- [ RunTime:0.002732s ]

