[ 2016-10-13T14:36:19+08:00 ] 127.0.0.1 /index.php?s=/addon/Wecome/Wecome/config.html&mdm=45
INFO: [ app_init ] --START--
INFO: Run Behavior\BuildLiteBehavior [ RunTime:0.000118s ]
INFO: Run Common\Behavior\InitHookBehavior [ RunTime:0.005028s ]
INFO: [ app_init ] --END-- [ RunTime:0.006751s ]
INFO: [ app_begin ] --START--
INFO: Run Behavior\ReadHtmlCacheBehavior [ RunTime:0.001198s ]
INFO: [ app_begin ] --END-- [ RunTime:0.001687s ]
SQL: SELECT `value` FROM `wp_config` WHERE ( name="FOLLOW_YOUKE_UID" ) LIMIT 1   [ RunTime:0.0038s ]
SQL: UPDATE `wp_config` SET `value`='-12059' WHERE ( name="FOLLOW_YOUKE_UID" ) [ RunTime:0.0007s ]
NOTIC: [8] Undefined index: uid /Users/mac/eclipse_php/weiphp/ThinkPHP/Library/Think/Controller.class.php 第 506 行.
SQL: SHOW COLUMNS FROM `wp_auth_group_access` [ RunTime:0.0051s ]
SQL: SELECT a.uid,a.group_id,g.title,g.rules FROM wp_auth_group_access a INNER JOIN wp_auth_group g on a.group_id=g.id  WHERE ( a.uid='-12059' and g.status='1' )  [ RunTime:0.0041s ]
SQL: SELECT `id`,`token` FROM `wp_public`  [ RunTime:0.0028s ]
NOTIC: [8] Undefined offset: -1 /Users/mac/eclipse_php/weiphp/Application/Common/Model/PublicModel.class.php 第 38 行.
NOTIC: [8] Undefined index: addon_status /Users/mac/eclipse_php/weiphp/Application/Common/Model/AddonStatusModel.class.php 第 47 行.
NOTIC: [8] Undefined index: group_id /Users/mac/eclipse_php/weiphp/Application/Common/Model/AddonStatusModel.class.php 第 50 行.
NOTIC: [8] Undefined variable: addons /Users/mac/eclipse_php/weiphp/Application/Common/Common/function.php 第 501 行.
NOTIC: [8] Undefined variable: addons /Users/mac/eclipse_php/weiphp/Application/Common/Common/function.php 第 501 行.
NOTIC: [8] Undefined variable: addons /Users/mac/eclipse_php/weiphp/Application/Common/Common/function.php 第 501 行.
NOTIC: [8] Undefined variable: addons /Users/mac/eclipse_php/weiphp/Application/Common/Common/function.php 第 501 行.
NOTIC: [8] Undefined variable: addons /Users/mac/eclipse_php/weiphp/Application/Common/Common/function.php 第 501 行.
NOTIC: [8] Undefined variable: addons /Users/mac/eclipse_php/weiphp/Application/Common/Common/function.php 第 501 行.
NOTIC: [8] Undefined variable: addons /Users/mac/eclipse_php/weiphp/Application/Common/Common/function.php 第 501 行.
NOTIC: [8] Undefined variable: addons /Users/mac/eclipse_php/weiphp/Application/Common/Common/function.php 第 501 行.
NOTIC: [8] Undefined variable: addons /Users/mac/eclipse_php/weiphp/Application/Common/Common/function.php 第 501 行.
NOTIC: [8] Undefined variable: addons /Users/mac/eclipse_php/weiphp/Application/Common/Common/function.php 第 501 行.
NOTIC: [8] Undefined variable: addons /Users/mac/eclipse_php/weiphp/Application/Common/Common/function.php 第 501 行.
NOTIC: [8] Undefined variable: addons /Users/mac/eclipse_php/weiphp/Application/Common/Common/function.php 第 501 行.
NOTIC: [8] Undefined variable: addons /Users/mac/eclipse_php/weiphp/Application/Common/Common/function.php 第 501 行.
NOTIC: [8] Undefined variable: addons /Users/mac/eclipse_php/weiphp/Application/Common/Common/function.php 第 501 行.
NOTIC: [8] Undefined variable: addons /Users/mac/eclipse_php/weiphp/Application/Common/Common/function.php 第 501 行.
NOTIC: [8] Undefined variable: addons /Users/mac/eclipse_php/weiphp/Application/Common/Common/function.php 第 501 行.
NOTIC: [8] Undefined variable: addons /Users/mac/eclipse_php/weiphp/Application/Common/Common/function.php 第 501 行.
NOTIC: [8] Undefined variable: addons /Users/mac/eclipse_php/weiphp/Application/Common/Common/function.php 第 501 行.
NOTIC: [8] Undefined variable: addons /Users/mac/eclipse_php/weiphp/Application/Common/Common/function.php 第 501 行.
NOTIC: [8] Undefined variable: addons /Users/mac/eclipse_php/weiphp/Application/Common/Common/function.php 第 501 行.
NOTIC: [8] Undefined variable: addons /Users/mac/eclipse_php/weiphp/Application/Common/Common/function.php 第 501 行.
NOTIC: [8] Undefined variable: addons /Users/mac/eclipse_php/weiphp/Application/Common/Common/function.php 第 501 行.
NOTIC: [8] Undefined variable: addons /Users/mac/eclipse_php/weiphp/Application/Common/Common/function.php 第 501 行.
NOTIC: [8] Undefined variable: addons /Users/mac/eclipse_php/weiphp/Application/Common/Common/function.php 第 501 行.
NOTIC: [8] Undefined variable: addons /Users/mac/eclipse_php/weiphp/Application/Common/Common/function.php 第 501 行.
NOTIC: [8] Undefined variable: addons /Users/mac/eclipse_php/weiphp/Application/Common/Common/function.php 第 501 行.
NOTIC: [8] Undefined variable: addons /Users/mac/eclipse_php/weiphp/Application/Common/Common/function.php 第 501 行.
NOTIC: [8] Undefined variable: addons /Users/mac/eclipse_php/weiphp/Application/Common/Common/function.php 第 501 行.
NOTIC: [8] Undefined variable: addons /Users/mac/eclipse_php/weiphp/Application/Common/Common/function.php 第 501 行.
NOTIC: [8] Undefined variable: addons /Users/mac/eclipse_php/weiphp/Application/Common/Common/function.php 第 501 行.
NOTIC: [8] Undefined variable: addons /Users/mac/eclipse_php/weiphp/Application/Common/Common/function.php 第 501 行.
NOTIC: [8] Undefined variable: addons /Users/mac/eclipse_php/weiphp/Application/Common/Common/function.php 第 501 行.
NOTIC: [8] Undefined variable: addons /Users/mac/eclipse_php/weiphp/Application/Common/Common/function.php 第 501 行.
NOTIC: [8] Undefined variable: addons /Users/mac/eclipse_php/weiphp/Application/Common/Common/function.php 第 501 行.
NOTIC: [8] Undefined variable: addons /Users/mac/eclipse_php/weiphp/Application/Common/Common/function.php 第 501 行.
NOTIC: [8] Undefined variable: addons /Users/mac/eclipse_php/weiphp/Application/Common/Common/function.php 第 501 行.
NOTIC: [8] Undefined variable: addons /Users/mac/eclipse_php/weiphp/Application/Common/Common/function.php 第 501 行.
NOTIC: [8] Undefined variable: addons /Users/mac/eclipse_php/weiphp/Application/Common/Common/function.php 第 501 行.
NOTIC: [8] Undefined variable: addons /Users/mac/eclipse_php/weiphp/Application/Common/Common/function.php 第 501 行.
NOTIC: [8] Undefined variable: addons /Users/mac/eclipse_php/weiphp/Application/Common/Common/function.php 第 501 行.
NOTIC: [8] Undefined variable: addons /Users/mac/eclipse_php/weiphp/Application/Common/Common/function.php 第 501 行.
SQL: SELECT * FROM `wp_manager_menu` WHERE `uid` = 0 AND `is_hide` = 0 ORDER BY sort asc, id asc  [ RunTime:0.0041s ]
SQL: SELECT * FROM `wp_manager_menu` WHERE `uid` = 1 AND `is_hide` = 0 ORDER BY sort asc, id asc  [ RunTime:0.0017s ]
NOTIC: [8] Undefined variable: addons /Users/mac/eclipse_php/weiphp/Application/Common/Common/function.php 第 501 行.
NOTIC: [8] Undefined variable: addons /Users/mac/eclipse_php/weiphp/Application/Common/Common/function.php 第 501 行.
NOTIC: [8] Undefined variable: addons /Users/mac/eclipse_php/weiphp/Application/Common/Common/function.php 第 501 行.
NOTIC: [8] Undefined variable: addons /Users/mac/eclipse_php/weiphp/Application/Common/Common/function.php 第 501 行.
NOTIC: [8] Undefined variable: addons /Users/mac/eclipse_php/weiphp/Application/Common/Common/function.php 第 501 行.
NOTIC: [8] Undefined variable: addons /Users/mac/eclipse_php/weiphp/Application/Common/Common/function.php 第 501 行.
NOTIC: [8] Undefined variable: addons /Users/mac/eclipse_php/weiphp/Application/Common/Common/function.php 第 501 行.
NOTIC: [8] Undefined variable: addons /Users/mac/eclipse_php/weiphp/Application/Common/Common/function.php 第 501 行.
NOTIC: [8] Undefined variable: addons /Users/mac/eclipse_php/weiphp/Application/Common/Common/function.php 第 501 行.
NOTIC: [8] Undefined variable: addons /Users/mac/eclipse_php/weiphp/Application/Common/Common/function.php 第 501 行.
NOTIC: [8] Undefined variable: addons /Users/mac/eclipse_php/weiphp/Application/Common/Common/function.php 第 501 行.
NOTIC: [8] Undefined variable: addons /Users/mac/eclipse_php/weiphp/Application/Common/Common/function.php 第 501 行.
NOTIC: [8] Undefined variable: addons /Users/mac/eclipse_php/weiphp/Application/Common/Common/function.php 第 501 行.
NOTIC: [8] Undefined variable: addons /Users/mac/eclipse_php/weiphp/Application/Common/Common/function.php 第 501 行.
NOTIC: [8] Undefined variable: addons /Users/mac/eclipse_php/weiphp/Application/Common/Common/function.php 第 501 行.
NOTIC: [8] Undefined variable: addons /Users/mac/eclipse_php/weiphp/Application/Common/Common/function.php 第 501 行.
NOTIC: [8] Undefined offset: 14 /Users/mac/eclipse_php/weiphp/Application/Common/Model/ManagerMenuModel.class.php 第 94 行.
NOTIC: [8] Undefined offset: 14 /Users/mac/eclipse_php/weiphp/Application/Common/Model/ManagerMenuModel.class.php 第 104 行.
NOTIC: [8] Undefined offset: 60 /Users/mac/eclipse_php/weiphp/Application/Common/Model/ManagerMenuModel.class.php 第 94 行.
NOTIC: [8] Undefined offset: 60 /Users/mac/eclipse_php/weiphp/Application/Common/Model/ManagerMenuModel.class.php 第 104 行.
NOTIC: [8] Undefined variable: addons /Users/mac/eclipse_php/weiphp/Application/Common/Common/function.php 第 501 行.
NOTIC: [8] Undefined index: HTTP_REFERER /Users/mac/eclipse_php/weiphp/Application/Common/Model/ManagerMenuModel.class.php 第 127 行.
NOTIC: [8] Undefined offset: 1 /Users/mac/eclipse_php/weiphp/Application/Common/Model/ManagerMenuModel.class.php 第 131 行.
SQL: SELECT * FROM `wp_public_link` WHERE `uid` = 0  [ RunTime:0.0047s ]
NOTIC: [2] Invalid argument supplied for foreach() /Users/mac/eclipse_php/weiphp/Application/Common/Model/PublicModel.class.php 第 46 行.
NOTIC: [8] Undefined variable: res /Users/mac/eclipse_php/weiphp/Application/Common/Model/PublicModel.class.php 第 50 行.

[ 2016-10-13T14:36:19+08:00 ] 127.0.0.1 /index.php?s=/Home/Public/step_0/from/2.html
INFO: [ app_init ] --START--
INFO: Run Behavior\BuildLiteBehavior [ RunTime:0.000110s ]
INFO: Run Common\Behavior\InitHookBehavior [ RunTime:0.002668s ]
INFO: [ app_init ] --END-- [ RunTime:0.004027s ]
INFO: [ app_begin ] --START--
INFO: Run Behavior\ReadHtmlCacheBehavior [ RunTime:0.001454s ]
INFO: [ app_begin ] --END-- [ RunTime:0.002024s ]
SQL: SELECT `value` FROM `wp_config` WHERE ( name="FOLLOW_YOUKE_UID" ) LIMIT 1   [ RunTime:0.0005s ]
SQL: UPDATE `wp_config` SET `value`='-12060' WHERE ( name="FOLLOW_YOUKE_UID" ) [ RunTime:0.0008s ]
NOTIC: [8] Undefined index: uid /Users/mac/eclipse_php/weiphp/ThinkPHP/Library/Think/Controller.class.php 第 506 行.
SQL: SHOW COLUMNS FROM `wp_auth_group_access` [ RunTime:0.0026s ]
SQL: SELECT a.uid,a.group_id,g.title,g.rules FROM wp_auth_group_access a INNER JOIN wp_auth_group g on a.group_id=g.id  WHERE ( a.uid='-12060' and g.status='1' )  [ RunTime:0.0006s ]

[ 2016-10-13T14:36:19+08:00 ] 127.0.0.1 /index.php?s=/home/user/login/from/6.html
INFO: [ app_init ] --START--
INFO: Run Behavior\BuildLiteBehavior [ RunTime:0.000096s ]
INFO: Run Common\Behavior\InitHookBehavior [ RunTime:0.002510s ]
INFO: [ app_init ] --END-- [ RunTime:0.003706s ]
INFO: [ app_begin ] --START--
INFO: Run Behavior\ReadHtmlCacheBehavior [ RunTime:0.000777s ]
INFO: [ app_begin ] --END-- [ RunTime:0.001237s ]
SQL: SELECT `value` FROM `wp_config` WHERE ( name="FOLLOW_YOUKE_UID" ) LIMIT 1   [ RunTime:0.0005s ]
SQL: UPDATE `wp_config` SET `value`='-12061' WHERE ( name="FOLLOW_YOUKE_UID" ) [ RunTime:0.0006s ]
NOTIC: [8] Undefined index: uid /Users/mac/eclipse_php/weiphp/ThinkPHP/Library/Think/Controller.class.php 第 506 行.
SQL: SHOW COLUMNS FROM `wp_auth_group_access` [ RunTime:0.0017s ]
SQL: SELECT a.uid,a.group_id,g.title,g.rules FROM wp_auth_group_access a INNER JOIN wp_auth_group g on a.group_id=g.id  WHERE ( a.uid='-12061' and g.status='1' )  [ RunTime:0.0007s ]
SQL: SELECT `id`,`token` FROM `wp_public`  [ RunTime:0.0005s ]
NOTIC: [8] Undefined offset: -1 /Users/mac/eclipse_php/weiphp/Application/Common/Model/PublicModel.class.php 第 38 行.
NOTIC: [8] Undefined index: addon_status /Users/mac/eclipse_php/weiphp/Application/Common/Model/AddonStatusModel.class.php 第 47 行.
NOTIC: [8] Undefined index: group_id /Users/mac/eclipse_php/weiphp/Application/Common/Model/AddonStatusModel.class.php 第 50 行.
NOTIC: [8] Undefined variable: addons /Users/mac/eclipse_php/weiphp/Application/Common/Common/function.php 第 501 行.
NOTIC: [8] Undefined variable: addons /Users/mac/eclipse_php/weiphp/Application/Common/Common/function.php 第 501 行.
NOTIC: [8] Undefined variable: addons /Users/mac/eclipse_php/weiphp/Application/Common/Common/function.php 第 501 行.
NOTIC: [8] Undefined variable: addons /Users/mac/eclipse_php/weiphp/Application/Common/Common/function.php 第 501 行.
NOTIC: [8] Undefined variable: addons /Users/mac/eclipse_php/weiphp/Application/Common/Common/function.php 第 501 行.
NOTIC: [8] Undefined variable: addons /Users/mac/eclipse_php/weiphp/Application/Common/Common/function.php 第 501 行.
NOTIC: [8] Undefined variable: addons /Users/mac/eclipse_php/weiphp/Application/Common/Common/function.php 第 501 行.
NOTIC: [8] Undefined variable: addons /Users/mac/eclipse_php/weiphp/Application/Common/Common/function.php 第 501 行.
NOTIC: [8] Undefined variable: addons /Users/mac/eclipse_php/weiphp/Application/Common/Common/function.php 第 501 行.
NOTIC: [8] Undefined variable: addons /Users/mac/eclipse_php/weiphp/Application/Common/Common/function.php 第 501 行.
NOTIC: [8] Undefined variable: addons /Users/mac/eclipse_php/weiphp/Application/Common/Common/function.php 第 501 行.
NOTIC: [8] Undefined variable: addons /Users/mac/eclipse_php/weiphp/Application/Common/Common/function.php 第 501 行.
NOTIC: [8] Undefined variable: addons /Users/mac/eclipse_php/weiphp/Application/Common/Common/function.php 第 501 行.
NOTIC: [8] Undefined variable: addons /Users/mac/eclipse_php/weiphp/Application/Common/Common/function.php 第 501 行.
NOTIC: [8] Undefined variable: addons /Users/mac/eclipse_php/weiphp/Application/Common/Common/function.php 第 501 行.
NOTIC: [8] Undefined variable: addons /Users/mac/eclipse_php/weiphp/Application/Common/Common/function.php 第 501 行.
NOTIC: [8] Undefined variable: addons /Users/mac/eclipse_php/weiphp/Application/Common/Common/function.php 第 501 行.
NOTIC: [8] Undefined variable: addons /Users/mac/eclipse_php/weiphp/Application/Common/Common/function.php 第 501 行.
NOTIC: [8] Undefined variable: addons /Users/mac/eclipse_php/weiphp/Application/Common/Common/function.php 第 501 行.
NOTIC: [8] Undefined variable: addons /Users/mac/eclipse_php/weiphp/Application/Common/Common/function.php 第 501 行.
NOTIC: [8] Undefined variable: addons /Users/mac/eclipse_php/weiphp/Application/Common/Common/function.php 第 501 行.
NOTIC: [8] Undefined variable: addons /Users/mac/eclipse_php/weiphp/Application/Common/Common/function.php 第 501 行.
NOTIC: [8] Undefined variable: addons /Users/mac/eclipse_php/weiphp/Application/Common/Common/function.php 第 501 行.
NOTIC: [8] Undefined variable: addons /Users/mac/eclipse_php/weiphp/Application/Common/Common/function.php 第 501 行.
NOTIC: [8] Undefined variable: addons /Users/mac/eclipse_php/weiphp/Application/Common/Common/function.php 第 501 行.
NOTIC: [8] Undefined variable: addons /Users/mac/eclipse_php/weiphp/Application/Common/Common/function.php 第 501 行.
NOTIC: [8] Undefined variable: addons /Users/mac/eclipse_php/weiphp/Application/Common/Common/function.php 第 501 行.
NOTIC: [8] Undefined variable: addons /Users/mac/eclipse_php/weiphp/Application/Common/Common/function.php 第 501 行.
NOTIC: [8] Undefined variable: addons /Users/mac/eclipse_php/weiphp/Application/Common/Common/function.php 第 501 行.
NOTIC: [8] Undefined variable: addons /Users/mac/eclipse_php/weiphp/Application/Common/Common/function.php 第 501 行.
NOTIC: [8] Undefined variable: addons /Users/mac/eclipse_php/weiphp/Application/Common/Common/function.php 第 501 行.
NOTIC: [8] Undefined variable: addons /Users/mac/eclipse_php/weiphp/Application/Common/Common/function.php 第 501 行.
NOTIC: [8] Undefined variable: addons /Users/mac/eclipse_php/weiphp/Application/Common/Common/function.php 第 501 行.
NOTIC: [8] Undefined variable: addons /Users/mac/eclipse_php/weiphp/Application/Common/Common/function.php 第 501 行.
NOTIC: [8] Undefined variable: addons /Users/mac/eclipse_php/weiphp/Application/Common/Common/function.php 第 501 行.
NOTIC: [8] Undefined variable: addons /Users/mac/eclipse_php/weiphp/Application/Common/Common/function.php 第 501 行.
NOTIC: [8] Undefined variable: addons /Users/mac/eclipse_php/weiphp/Application/Common/Common/function.php 第 501 行.
NOTIC: [8] Undefined variable: addons /Users/mac/eclipse_php/weiphp/Application/Common/Common/function.php 第 501 行.
NOTIC: [8] Undefined variable: addons /Users/mac/eclipse_php/weiphp/Application/Common/Common/function.php 第 501 行.
NOTIC: [8] Undefined variable: addons /Users/mac/eclipse_php/weiphp/Application/Common/Common/function.php 第 501 行.
NOTIC: [8] Undefined variable: addons /Users/mac/eclipse_php/weiphp/Application/Common/Common/function.php 第 501 行.
SQL: SELECT * FROM `wp_manager_menu` WHERE `uid` = 0 AND `is_hide` = 0 ORDER BY sort asc, id asc  [ RunTime:0.0008s ]
SQL: SELECT * FROM `wp_manager_menu` WHERE `uid` = 1 AND `is_hide` = 0 ORDER BY sort asc, id asc  [ RunTime:0.0013s ]
NOTIC: [8] Undefined variable: addons /Users/mac/eclipse_php/weiphp/Application/Common/Common/function.php 第 501 行.
NOTIC: [8] Undefined variable: addons /Users/mac/eclipse_php/weiphp/Application/Common/Common/function.php 第 501 行.
NOTIC: [8] Undefined variable: addons /Users/mac/eclipse_php/weiphp/Application/Common/Common/function.php 第 501 行.
NOTIC: [8] Undefined variable: addons /Users/mac/eclipse_php/weiphp/Application/Common/Common/function.php 第 501 行.
NOTIC: [8] Undefined variable: addons /Users/mac/eclipse_php/weiphp/Application/Common/Common/function.php 第 501 行.
NOTIC: [8] Undefined variable: addons /Users/mac/eclipse_php/weiphp/Application/Common/Common/function.php 第 501 行.
NOTIC: [8] Undefined variable: addons /Users/mac/eclipse_php/weiphp/Application/Common/Common/function.php 第 501 行.
NOTIC: [8] Undefined variable: addons /Users/mac/eclipse_php/weiphp/Application/Common/Common/function.php 第 501 行.
NOTIC: [8] Undefined variable: addons /Users/mac/eclipse_php/weiphp/Application/Common/Common/function.php 第 501 行.
NOTIC: [8] Undefined variable: addons /Users/mac/eclipse_php/weiphp/Application/Common/Common/function.php 第 501 行.
NOTIC: [8] Undefined variable: addons /Users/mac/eclipse_php/weiphp/Application/Common/Common/function.php 第 501 行.
NOTIC: [8] Undefined variable: addons /Users/mac/eclipse_php/weiphp/Application/Common/Common/function.php 第 501 行.
NOTIC: [8] Undefined variable: addons /Users/mac/eclipse_php/weiphp/Application/Common/Common/function.php 第 501 行.
NOTIC: [8] Undefined variable: addons /Users/mac/eclipse_php/weiphp/Application/Common/Common/function.php 第 501 行.
NOTIC: [8] Undefined variable: addons /Users/mac/eclipse_php/weiphp/Application/Common/Common/function.php 第 501 行.
NOTIC: [8] Undefined variable: addons /Users/mac/eclipse_php/weiphp/Application/Common/Common/function.php 第 501 行.
NOTIC: [8] Undefined offset: 14 /Users/mac/eclipse_php/weiphp/Application/Common/Model/ManagerMenuModel.class.php 第 94 行.
NOTIC: [8] Undefined offset: 14 /Users/mac/eclipse_php/weiphp/Application/Common/Model/ManagerMenuModel.class.php 第 104 行.
NOTIC: [8] Undefined offset: 60 /Users/mac/eclipse_php/weiphp/Application/Common/Model/ManagerMenuModel.class.php 第 94 行.
NOTIC: [8] Undefined offset: 60 /Users/mac/eclipse_php/weiphp/Application/Common/Model/ManagerMenuModel.class.php 第 104 行.
NOTIC: [8] Undefined variable: addons /Users/mac/eclipse_php/weiphp/Application/Common/Common/function.php 第 501 行.
NOTIC: [8] Undefined index: HTTP_REFERER /Users/mac/eclipse_php/weiphp/Application/Common/Model/ManagerMenuModel.class.php 第 127 行.
NOTIC: [8] Undefined index: side /Users/mac/eclipse_php/weiphp/Application/Common/Model/ManagerMenuModel.class.php 第 167 行.
NOTIC: [8] Undefined index: side /Users/mac/eclipse_php/weiphp/Application/Common/Model/ManagerMenuModel.class.php 第 167 行.
NOTIC: [8] Undefined index: side /Users/mac/eclipse_php/weiphp/Application/Common/Model/ManagerMenuModel.class.php 第 167 行.
NOTIC: [8] Undefined index: side /Users/mac/eclipse_php/weiphp/Application/Common/Model/ManagerMenuModel.class.php 第 167 行.
NOTIC: [8] Undefined index: side /Users/mac/eclipse_php/weiphp/Application/Common/Model/ManagerMenuModel.class.php 第 167 行.
NOTIC: [8] Undefined index: side /Users/mac/eclipse_php/weiphp/Application/Common/Model/ManagerMenuModel.class.php 第 167 行.
NOTIC: [8] Undefined index: side /Users/mac/eclipse_php/weiphp/Application/Common/Model/ManagerMenuModel.class.php 第 167 行.
NOTIC: [8] Undefined index: side /Users/mac/eclipse_php/weiphp/Application/Common/Model/ManagerMenuModel.class.php 第 167 行.
NOTIC: [8] Undefined index: side /Users/mac/eclipse_php/weiphp/Application/Common/Model/ManagerMenuModel.class.php 第 167 行.
NOTIC: [8] Undefined index: side /Users/mac/eclipse_php/weiphp/Application/Common/Model/ManagerMenuModel.class.php 第 167 行.
NOTIC: [8] Undefined index: side /Users/mac/eclipse_php/weiphp/Application/Common/Model/ManagerMenuModel.class.php 第 167 行.
NOTIC: [8] Undefined index: side /Users/mac/eclipse_php/weiphp/Application/Common/Model/ManagerMenuModel.class.php 第 167 行.
NOTIC: [8] Undefined index: side /Users/mac/eclipse_php/weiphp/Application/Common/Model/ManagerMenuModel.class.php 第 167 行.
NOTIC: [8] Undefined index: side /Users/mac/eclipse_php/weiphp/Application/Common/Model/ManagerMenuModel.class.php 第 167 行.
NOTIC: [8] Undefined index: side /Users/mac/eclipse_php/weiphp/Application/Common/Model/ManagerMenuModel.class.php 第 167 行.
NOTIC: [8] Undefined index: side /Users/mac/eclipse_php/weiphp/Application/Common/Model/ManagerMenuModel.class.php 第 167 行.
NOTIC: [8] Undefined index: side /Users/mac/eclipse_php/weiphp/Application/Common/Model/ManagerMenuModel.class.php 第 167 行.
NOTIC: [8] Undefined index: side /Users/mac/eclipse_php/weiphp/Application/Common/Model/ManagerMenuModel.class.php 第 167 行.
NOTIC: [8] Undefined index: side /Users/mac/eclipse_php/weiphp/Application/Common/Model/ManagerMenuModel.class.php 第 167 行.
NOTIC: [8] Undefined index: side /Users/mac/eclipse_php/weiphp/Application/Common/Model/ManagerMenuModel.class.php 第 167 行.
NOTIC: [8] Undefined index: side /Users/mac/eclipse_php/weiphp/Application/Common/Model/ManagerMenuModel.class.php 第 167 行.
NOTIC: [8] Undefined index: side /Users/mac/eclipse_php/weiphp/Application/Common/Model/ManagerMenuModel.class.php 第 167 行.
NOTIC: [8] Undefined index: side /Users/mac/eclipse_php/weiphp/Application/Common/Model/ManagerMenuModel.class.php 第 167 行.
NOTIC: [8] Undefined index: side /Users/mac/eclipse_php/weiphp/Application/Common/Model/ManagerMenuModel.class.php 第 167 行.
NOTIC: [8] Undefined index: side /Users/mac/eclipse_php/weiphp/Application/Common/Model/ManagerMenuModel.class.php 第 167 行.
NOTIC: [8] Undefined index: side /Users/mac/eclipse_php/weiphp/Application/Common/Model/ManagerMenuModel.class.php 第 167 行.
NOTIC: [8] Undefined index: side /Users/mac/eclipse_php/weiphp/Application/Common/Model/ManagerMenuModel.class.php 第 167 行.
NOTIC: [8] Undefined index: side /Users/mac/eclipse_php/weiphp/Application/Common/Model/ManagerMenuModel.class.php 第 167 行.
NOTIC: [8] Undefined index: side /Users/mac/eclipse_php/weiphp/Application/Common/Model/ManagerMenuModel.class.php 第 167 行.
NOTIC: [8] Undefined index: side /Users/mac/eclipse_php/weiphp/Application/Common/Model/ManagerMenuModel.class.php 第 167 行.
NOTIC: [8] Undefined index: side /Users/mac/eclipse_php/weiphp/Application/Common/Model/ManagerMenuModel.class.php 第 167 行.
NOTIC: [8] Undefined index: side /Users/mac/eclipse_php/weiphp/Application/Common/Model/ManagerMenuModel.class.php 第 167 行.
NOTIC: [8] Undefined index: side /Users/mac/eclipse_php/weiphp/Application/Common/Model/ManagerMenuModel.class.php 第 167 行.
NOTIC: [8] Undefined index: side /Users/mac/eclipse_php/weiphp/Application/Common/Model/ManagerMenuModel.class.php 第 167 行.
NOTIC: [8] Undefined index: side /Users/mac/eclipse_php/weiphp/Application/Common/Model/ManagerMenuModel.class.php 第 167 行.
NOTIC: [8] Undefined index: side /Users/mac/eclipse_php/weiphp/Application/Common/Model/ManagerMenuModel.class.php 第 167 行.
NOTIC: [8] Undefined index: side /Users/mac/eclipse_php/weiphp/Application/Common/Model/ManagerMenuModel.class.php 第 167 行.
NOTIC: [8] Undefined index: side /Users/mac/eclipse_php/weiphp/Application/Common/Model/ManagerMenuModel.class.php 第 167 行.
NOTIC: [8] Undefined index: side /Users/mac/eclipse_php/weiphp/Application/Common/Model/ManagerMenuModel.class.php 第 167 行.
NOTIC: [8] Undefined index: side /Users/mac/eclipse_php/weiphp/Application/Common/Model/ManagerMenuModel.class.php 第 167 行.
NOTIC: [8] Undefined index: side /Users/mac/eclipse_php/weiphp/Application/Common/Model/ManagerMenuModel.class.php 第 167 行.
NOTIC: [8] Undefined index: side /Users/mac/eclipse_php/weiphp/Application/Common/Model/ManagerMenuModel.class.php 第 167 行.
NOTIC: [8] Undefined index: side /Users/mac/eclipse_php/weiphp/Application/Common/Model/ManagerMenuModel.class.php 第 167 行.
NOTIC: [8] Undefined index: side /Users/mac/eclipse_php/weiphp/Application/Common/Model/ManagerMenuModel.class.php 第 167 行.
NOTIC: [8] Undefined index: side /Users/mac/eclipse_php/weiphp/Application/Common/Model/ManagerMenuModel.class.php 第 167 行.
NOTIC: [8] Undefined offset: 14 /Users/mac/eclipse_php/weiphp/Application/Common/Model/ManagerMenuModel.class.php 第 173 行.
SQL: SELECT * FROM `wp_public_link` WHERE `uid` = 0  [ RunTime:0.0005s ]
NOTIC: [2] Invalid argument supplied for foreach() /Users/mac/eclipse_php/weiphp/Application/Common/Model/PublicModel.class.php 第 46 行.
NOTIC: [8] Undefined variable: res /Users/mac/eclipse_php/weiphp/Application/Common/Model/PublicModel.class.php 第 50 行.
INFO: [ view_parse ] --START--
INFO: [ template_filter ] --START--
INFO: Run Behavior\ContentReplaceBehavior [ RunTime:0.000407s ]
INFO: [ template_filter ] --END-- [ RunTime:0.000807s ]
INFO: Run Behavior\ParseTemplateBehavior [ RunTime:0.025222s ]
INFO: [ view_parse ] --END-- [ RunTime:0.025555s ]
INFO: [ view_filter ] --START--
INFO: Run Behavior\WriteHtmlCacheBehavior [ RunTime:0.000994s ]
INFO: [ view_filter ] --END-- [ RunTime:0.001337s ]
INFO: [ app_end ] --START--
INFO: Run Behavior\ShowPageTraceBehavior [ RunTime:0.001918s ]
INFO: Run Behavior\CronRunBehavior [ RunTime:0.001469s ]
INFO: [ app_end ] --END-- [ RunTime:0.004476s ]

[ 2016-10-13T14:36:20+08:00 ] 127.0.0.1 /index.php?s=/addon/Wecome/Wecome/config.html&mdm=45
INFO: [ app_init ] --START--
INFO: Run Behavior\BuildLiteBehavior [ RunTime:0.000113s ]
INFO: Run Common\Behavior\InitHookBehavior [ RunTime:0.002803s ]
INFO: [ app_init ] --END-- [ RunTime:0.004454s ]
INFO: [ app_begin ] --START--
INFO: Run Behavior\ReadHtmlCacheBehavior [ RunTime:0.000812s ]
INFO: [ app_begin ] --END-- [ RunTime:0.001397s ]
SQL: SELECT `value` FROM `wp_config` WHERE ( name="FOLLOW_YOUKE_UID" ) LIMIT 1   [ RunTime:0.0005s ]
SQL: UPDATE `wp_config` SET `value`='-12062' WHERE ( name="FOLLOW_YOUKE_UID" ) [ RunTime:0.0006s ]
NOTIC: [8] Undefined index: uid /Users/mac/eclipse_php/weiphp/ThinkPHP/Library/Think/Controller.class.php 第 506 行.
SQL: SHOW COLUMNS FROM `wp_auth_group_access` [ RunTime:0.0024s ]
SQL: SELECT a.uid,a.group_id,g.title,g.rules FROM wp_auth_group_access a INNER JOIN wp_auth_group g on a.group_id=g.id  WHERE ( a.uid='-12062' and g.status='1' )  [ RunTime:0.0006s ]
SQL: SELECT `id`,`token` FROM `wp_public`  [ RunTime:0.0005s ]
NOTIC: [8] Undefined offset: -1 /Users/mac/eclipse_php/weiphp/Application/Common/Model/PublicModel.class.php 第 38 行.
NOTIC: [8] Undefined index: addon_status /Users/mac/eclipse_php/weiphp/Application/Common/Model/AddonStatusModel.class.php 第 47 行.
NOTIC: [8] Undefined index: group_id /Users/mac/eclipse_php/weiphp/Application/Common/Model/AddonStatusModel.class.php 第 50 行.
NOTIC: [8] Undefined variable: addons /Users/mac/eclipse_php/weiphp/Application/Common/Common/function.php 第 501 行.
NOTIC: [8] Undefined variable: addons /Users/mac/eclipse_php/weiphp/Application/Common/Common/function.php 第 501 行.
NOTIC: [8] Undefined variable: addons /Users/mac/eclipse_php/weiphp/Application/Common/Common/function.php 第 501 行.
NOTIC: [8] Undefined variable: addons /Users/mac/eclipse_php/weiphp/Application/Common/Common/function.php 第 501 行.
NOTIC: [8] Undefined variable: addons /Users/mac/eclipse_php/weiphp/Application/Common/Common/function.php 第 501 行.
NOTIC: [8] Undefined variable: addons /Users/mac/eclipse_php/weiphp/Application/Common/Common/function.php 第 501 行.
NOTIC: [8] Undefined variable: addons /Users/mac/eclipse_php/weiphp/Application/Common/Common/function.php 第 501 行.
NOTIC: [8] Undefined variable: addons /Users/mac/eclipse_php/weiphp/Application/Common/Common/function.php 第 501 行.
NOTIC: [8] Undefined variable: addons /Users/mac/eclipse_php/weiphp/Application/Common/Common/function.php 第 501 行.
NOTIC: [8] Undefined variable: addons /Users/mac/eclipse_php/weiphp/Application/Common/Common/function.php 第 501 行.
NOTIC: [8] Undefined variable: addons /Users/mac/eclipse_php/weiphp/Application/Common/Common/function.php 第 501 行.
NOTIC: [8] Undefined variable: addons /Users/mac/eclipse_php/weiphp/Application/Common/Common/function.php 第 501 行.
NOTIC: [8] Undefined variable: addons /Users/mac/eclipse_php/weiphp/Application/Common/Common/function.php 第 501 行.
NOTIC: [8] Undefined variable: addons /Users/mac/eclipse_php/weiphp/Application/Common/Common/function.php 第 501 行.
NOTIC: [8] Undefined variable: addons /Users/mac/eclipse_php/weiphp/Application/Common/Common/function.php 第 501 行.
NOTIC: [8] Undefined variable: addons /Users/mac/eclipse_php/weiphp/Application/Common/Common/function.php 第 501 行.
NOTIC: [8] Undefined variable: addons /Users/mac/eclipse_php/weiphp/Application/Common/Common/function.php 第 501 行.
NOTIC: [8] Undefined variable: addons /Users/mac/eclipse_php/weiphp/Application/Common/Common/function.php 第 501 行.
NOTIC: [8] Undefined variable: addons /Users/mac/eclipse_php/weiphp/Application/Common/Common/function.php 第 501 行.
NOTIC: [8] Undefined variable: addons /Users/mac/eclipse_php/weiphp/Application/Common/Common/function.php 第 501 行.
NOTIC: [8] Undefined variable: addons /Users/mac/eclipse_php/weiphp/Application/Common/Common/function.php 第 501 行.
NOTIC: [8] Undefined variable: addons /Users/mac/eclipse_php/weiphp/Application/Common/Common/function.php 第 501 行.
NOTIC: [8] Undefined variable: addons /Users/mac/eclipse_php/weiphp/Application/Common/Common/function.php 第 501 行.
NOTIC: [8] Undefined variable: addons /Users/mac/eclipse_php/weiphp/Application/Common/Common/function.php 第 501 行.
NOTIC: [8] Undefined variable: addons /Users/mac/eclipse_php/weiphp/Application/Common/Common/function.php 第 501 行.
NOTIC: [8] Undefined variable: addons /Users/mac/eclipse_php/weiphp/Application/Common/Common/function.php 第 501 行.
NOTIC: [8] Undefined variable: addons /Users/mac/eclipse_php/weiphp/Application/Common/Common/function.php 第 501 行.
NOTIC: [8] Undefined variable: addons /Users/mac/eclipse_php/weiphp/Application/Common/Common/function.php 第 501 行.
NOTIC: [8] Undefined variable: addons /Users/mac/eclipse_php/weiphp/Application/Common/Common/function.php 第 501 行.
NOTIC: [8] Undefined variable: addons /Users/mac/eclipse_php/weiphp/Application/Common/Common/function.php 第 501 行.
NOTIC: [8] Undefined variable: addons /Users/mac/eclipse_php/weiphp/Application/Common/Common/function.php 第 501 行.
NOTIC: [8] Undefined variable: addons /Users/mac/eclipse_php/weiphp/Application/Common/Common/function.php 第 501 行.
NOTIC: [8] Undefined variable: addons /Users/mac/eclipse_php/weiphp/Application/Common/Common/function.php 第 501 行.
NOTIC: [8] Undefined variable: addons /Users/mac/eclipse_php/weiphp/Application/Common/Common/function.php 第 501 行.
NOTIC: [8] Undefined variable: addons /Users/mac/eclipse_php/weiphp/Application/Common/Common/function.php 第 501 行.
NOTIC: [8] Undefined variable: addons /Users/mac/eclipse_php/weiphp/Application/Common/Common/function.php 第 501 行.
NOTIC: [8] Undefined variable: addons /Users/mac/eclipse_php/weiphp/Application/Common/Common/function.php 第 501 行.
NOTIC: [8] Undefined variable: addons /Users/mac/eclipse_php/weiphp/Application/Common/Common/function.php 第 501 行.
NOTIC: [8] Undefined variable: addons /Users/mac/eclipse_php/weiphp/Application/Common/Common/function.php 第 501 行.
NOTIC: [8] Undefined variable: addons /Users/mac/eclipse_php/weiphp/Application/Common/Common/function.php 第 501 行.
NOTIC: [8] Undefined variable: addons /Users/mac/eclipse_php/weiphp/Application/Common/Common/function.php 第 501 行.
SQL: SELECT * FROM `wp_manager_menu` WHERE `uid` = 0 AND `is_hide` = 0 ORDER BY sort asc, id asc  [ RunTime:0.0006s ]
SQL: SELECT * FROM `wp_manager_menu` WHERE `uid` = 1 AND `is_hide` = 0 ORDER BY sort asc, id asc  [ RunTime:0.0013s ]
NOTIC: [8] Undefined variable: addons /Users/mac/eclipse_php/weiphp/Application/Common/Common/function.php 第 501 行.
NOTIC: [8] Undefined variable: addons /Users/mac/eclipse_php/weiphp/Application/Common/Common/function.php 第 501 行.
NOTIC: [8] Undefined variable: addons /Users/mac/eclipse_php/weiphp/Application/Common/Common/function.php 第 501 行.
NOTIC: [8] Undefined variable: addons /Users/mac/eclipse_php/weiphp/Application/Common/Common/function.php 第 501 行.
NOTIC: [8] Undefined variable: addons /Users/mac/eclipse_php/weiphp/Application/Common/Common/function.php 第 501 行.
NOTIC: [8] Undefined variable: addons /Users/mac/eclipse_php/weiphp/Application/Common/Common/function.php 第 501 行.
NOTIC: [8] Undefined variable: addons /Users/mac/eclipse_php/weiphp/Application/Common/Common/function.php 第 501 行.
NOTIC: [8] Undefined variable: addons /Users/mac/eclipse_php/weiphp/Application/Common/Common/function.php 第 501 行.
NOTIC: [8] Undefined variable: addons /Users/mac/eclipse_php/weiphp/Application/Common/Common/function.php 第 501 行.
NOTIC: [8] Undefined variable: addons /Users/mac/eclipse_php/weiphp/Application/Common/Common/function.php 第 501 行.
NOTIC: [8] Undefined variable: addons /Users/mac/eclipse_php/weiphp/Application/Common/Common/function.php 第 501 行.
NOTIC: [8] Undefined variable: addons /Users/mac/eclipse_php/weiphp/Application/Common/Common/function.php 第 501 行.
NOTIC: [8] Undefined variable: addons /Users/mac/eclipse_php/weiphp/Application/Common/Common/function.php 第 501 行.
NOTIC: [8] Undefined variable: addons /Users/mac/eclipse_php/weiphp/Application/Common/Common/function.php 第 501 行.
NOTIC: [8] Undefined variable: addons /Users/mac/eclipse_php/weiphp/Application/Common/Common/function.php 第 501 行.
NOTIC: [8] Undefined variable: addons /Users/mac/eclipse_php/weiphp/Application/Common/Common/function.php 第 501 行.
NOTIC: [8] Undefined offset: 14 /Users/mac/eclipse_php/weiphp/Application/Common/Model/ManagerMenuModel.class.php 第 94 行.
NOTIC: [8] Undefined offset: 14 /Users/mac/eclipse_php/weiphp/Application/Common/Model/ManagerMenuModel.class.php 第 104 行.
NOTIC: [8] Undefined offset: 60 /Users/mac/eclipse_php/weiphp/Application/Common/Model/ManagerMenuModel.class.php 第 94 行.
NOTIC: [8] Undefined offset: 60 /Users/mac/eclipse_php/weiphp/Application/Common/Model/ManagerMenuModel.class.php 第 104 行.
NOTIC: [8] Undefined variable: addons /Users/mac/eclipse_php/weiphp/Application/Common/Common/function.php 第 501 行.
NOTIC: [8] Undefined index: HTTP_REFERER /Users/mac/eclipse_php/weiphp/Application/Common/Model/ManagerMenuModel.class.php 第 127 行.
NOTIC: [8] Undefined offset: 1 /Users/mac/eclipse_php/weiphp/Application/Common/Model/ManagerMenuModel.class.php 第 131 行.
SQL: SELECT * FROM `wp_public_link` WHERE `uid` = 0  [ RunTime:0.0008s ]
NOTIC: [2] Invalid argument supplied for foreach() /Users/mac/eclipse_php/weiphp/Application/Common/Model/PublicModel.class.php 第 46 行.
NOTIC: [8] Undefined variable: res /Users/mac/eclipse_php/weiphp/Application/Common/Model/PublicModel.class.php 第 50 行.

[ 2016-10-13T14:36:20+08:00 ] 127.0.0.1 /index.php?s=/Home/Public/step_0/from/2.html
INFO: [ app_init ] --START--
INFO: Run Behavior\BuildLiteBehavior [ RunTime:0.000069s ]
INFO: Run Common\Behavior\InitHookBehavior [ RunTime:0.001993s ]
INFO: [ app_init ] --END-- [ RunTime:0.002927s ]
INFO: [ app_begin ] --START--
INFO: Run Behavior\ReadHtmlCacheBehavior [ RunTime:0.000647s ]
INFO: [ app_begin ] --END-- [ RunTime:0.000950s ]
SQL: SELECT `value` FROM `wp_config` WHERE ( name="FOLLOW_YOUKE_UID" ) LIMIT 1   [ RunTime:0.0004s ]
SQL: UPDATE `wp_config` SET `value`='-12063' WHERE ( name="FOLLOW_YOUKE_UID" ) [ RunTime:0.0004s ]
NOTIC: [8] Undefined index: uid /Users/mac/eclipse_php/weiphp/ThinkPHP/Library/Think/Controller.class.php 第 506 行.
SQL: SHOW COLUMNS FROM `wp_auth_group_access` [ RunTime:0.0019s ]
SQL: SELECT a.uid,a.group_id,g.title,g.rules FROM wp_auth_group_access a INNER JOIN wp_auth_group g on a.group_id=g.id  WHERE ( a.uid='-12063' and g.status='1' )  [ RunTime:0.0005s ]

[ 2016-10-13T14:36:20+08:00 ] 127.0.0.1 /index.php?s=/home/user/login/from/6.html
INFO: [ app_init ] --START--
INFO: Run Behavior\BuildLiteBehavior [ RunTime:0.000135s ]
INFO: Run Common\Behavior\InitHookBehavior [ RunTime:0.002708s ]
INFO: [ app_init ] --END-- [ RunTime:0.004049s ]
INFO: [ app_begin ] --START--
INFO: Run Behavior\ReadHtmlCacheBehavior [ RunTime:0.000825s ]
INFO: [ app_begin ] --END-- [ RunTime:0.002227s ]
SQL: SELECT `value` FROM `wp_config` WHERE ( name="FOLLOW_YOUKE_UID" ) LIMIT 1   [ RunTime:0.0006s ]
SQL: UPDATE `wp_config` SET `value`='-12064' WHERE ( name="FOLLOW_YOUKE_UID" ) [ RunTime:0.0013s ]
NOTIC: [8] Undefined index: uid /Users/mac/eclipse_php/weiphp/ThinkPHP/Library/Think/Controller.class.php 第 506 行.
SQL: SHOW COLUMNS FROM `wp_auth_group_access` [ RunTime:0.0029s ]
SQL: SELECT a.uid,a.group_id,g.title,g.rules FROM wp_auth_group_access a INNER JOIN wp_auth_group g on a.group_id=g.id  WHERE ( a.uid='-12064' and g.status='1' )  [ RunTime:0.0009s ]
SQL: SELECT `id`,`token` FROM `wp_public`  [ RunTime:0.0005s ]
NOTIC: [8] Undefined offset: -1 /Users/mac/eclipse_php/weiphp/Application/Common/Model/PublicModel.class.php 第 38 行.
NOTIC: [8] Undefined index: addon_status /Users/mac/eclipse_php/weiphp/Application/Common/Model/AddonStatusModel.class.php 第 47 行.
NOTIC: [8] Undefined index: group_id /Users/mac/eclipse_php/weiphp/Application/Common/Model/AddonStatusModel.class.php 第 50 行.
NOTIC: [8] Undefined variable: addons /Users/mac/eclipse_php/weiphp/Application/Common/Common/function.php 第 501 行.
NOTIC: [8] Undefined variable: addons /Users/mac/eclipse_php/weiphp/Application/Common/Common/function.php 第 501 行.
NOTIC: [8] Undefined variable: addons /Users/mac/eclipse_php/weiphp/Application/Common/Common/function.php 第 501 行.
NOTIC: [8] Undefined variable: addons /Users/mac/eclipse_php/weiphp/Application/Common/Common/function.php 第 501 行.
NOTIC: [8] Undefined variable: addons /Users/mac/eclipse_php/weiphp/Application/Common/Common/function.php 第 501 行.
NOTIC: [8] Undefined variable: addons /Users/mac/eclipse_php/weiphp/Application/Common/Common/function.php 第 501 行.
NOTIC: [8] Undefined variable: addons /Users/mac/eclipse_php/weiphp/Application/Common/Common/function.php 第 501 行.
NOTIC: [8] Undefined variable: addons /Users/mac/eclipse_php/weiphp/Application/Common/Common/function.php 第 501 行.
NOTIC: [8] Undefined variable: addons /Users/mac/eclipse_php/weiphp/Application/Common/Common/function.php 第 501 行.
NOTIC: [8] Undefined variable: addons /Users/mac/eclipse_php/weiphp/Application/Common/Common/function.php 第 501 行.
NOTIC: [8] Undefined variable: addons /Users/mac/eclipse_php/weiphp/Application/Common/Common/function.php 第 501 行.
NOTIC: [8] Undefined variable: addons /Users/mac/eclipse_php/weiphp/Application/Common/Common/function.php 第 501 行.
NOTIC: [8] Undefined variable: addons /Users/mac/eclipse_php/weiphp/Application/Common/Common/function.php 第 501 行.
NOTIC: [8] Undefined variable: addons /Users/mac/eclipse_php/weiphp/Application/Common/Common/function.php 第 501 行.
NOTIC: [8] Undefined variable: addons /Users/mac/eclipse_php/weiphp/Application/Common/Common/function.php 第 501 行.
NOTIC: [8] Undefined variable: addons /Users/mac/eclipse_php/weiphp/Application/Common/Common/function.php 第 501 行.
NOTIC: [8] Undefined variable: addons /Users/mac/eclipse_php/weiphp/Application/Common/Common/function.php 第 501 行.
NOTIC: [8] Undefined variable: addons /Users/mac/eclipse_php/weiphp/Application/Common/Common/function.php 第 501 行.
NOTIC: [8] Undefined variable: addons /Users/mac/eclipse_php/weiphp/Application/Common/Common/function.php 第 501 行.
NOTIC: [8] Undefined variable: addons /Users/mac/eclipse_php/weiphp/Application/Common/Common/function.php 第 501 行.
NOTIC: [8] Undefined variable: addons /Users/mac/eclipse_php/weiphp/Application/Common/Common/function.php 第 501 行.
NOTIC: [8] Undefined variable: addons /Users/mac/eclipse_php/weiphp/Application/Common/Common/function.php 第 501 行.
NOTIC: [8] Undefined variable: addons /Users/mac/eclipse_php/weiphp/Application/Common/Common/function.php 第 501 行.
NOTIC: [8] Undefined variable: addons /Users/mac/eclipse_php/weiphp/Application/Common/Common/function.php 第 501 行.
NOTIC: [8] Undefined variable: addons /Users/mac/eclipse_php/weiphp/Application/Common/Common/function.php 第 501 行.
NOTIC: [8] Undefined variable: addons /Users/mac/eclipse_php/weiphp/Application/Common/Common/function.php 第 501 行.
NOTIC: [8] Undefined variable: addons /Users/mac/eclipse_php/weiphp/Application/Common/Common/function.php 第 501 行.
NOTIC: [8] Undefined variable: addons /Users/mac/eclipse_php/weiphp/Application/Common/Common/function.php 第 501 行.
NOTIC: [8] Undefined variable: addons /Users/mac/eclipse_php/weiphp/Application/Common/Common/function.php 第 501 行.
NOTIC: [8] Undefined variable: addons /Users/mac/eclipse_php/weiphp/Application/Common/Common/function.php 第 501 行.
NOTIC: [8] Undefined variable: addons /Users/mac/eclipse_php/weiphp/Application/Common/Common/function.php 第 501 行.
NOTIC: [8] Undefined variable: addons /Users/mac/eclipse_php/weiphp/Application/Common/Common/function.php 第 501 行.
NOTIC: [8] Undefined variable: addons /Users/mac/eclipse_php/weiphp/Application/Common/Common/function.php 第 501 行.
NOTIC: [8] Undefined variable: addons /Users/mac/eclipse_php/weiphp/Application/Common/Common/function.php 第 501 行.
NOTIC: [8] Undefined variable: addons /Users/mac/eclipse_php/weiphp/Application/Common/Common/function.php 第 501 行.
NOTIC: [8] Undefined variable: addons /Users/mac/eclipse_php/weiphp/Application/Common/Common/function.php 第 501 行.
NOTIC: [8] Undefined variable: addons /Users/mac/eclipse_php/weiphp/Application/Common/Common/function.php 第 501 行.
NOTIC: [8] Undefined variable: addons /Users/mac/eclipse_php/weiphp/Application/Common/Common/function.php 第 501 行.
NOTIC: [8] Undefined variable: addons /Users/mac/eclipse_php/weiphp/Application/Common/Common/function.php 第 501 行.
NOTIC: [8] Undefined variable: addons /Users/mac/eclipse_php/weiphp/Application/Common/Common/function.php 第 501 行.
NOTIC: [8] Undefined variable: addons /Users/mac/eclipse_php/weiphp/Application/Common/Common/function.php 第 501 行.
SQL: SELECT * FROM `wp_manager_menu` WHERE `uid` = 0 AND `is_hide` = 0 ORDER BY sort asc, id asc  [ RunTime:0.0010s ]
SQL: SELECT * FROM `wp_manager_menu` WHERE `uid` = 1 AND `is_hide` = 0 ORDER BY sort asc, id asc  [ RunTime:0.0015s ]
NOTIC: [8] Undefined variable: addons /Users/mac/eclipse_php/weiphp/Application/Common/Common/function.php 第 501 行.
NOTIC: [8] Undefined variable: addons /Users/mac/eclipse_php/weiphp/Application/Common/Common/function.php 第 501 行.
NOTIC: [8] Undefined variable: addons /Users/mac/eclipse_php/weiphp/Application/Common/Common/function.php 第 501 行.
NOTIC: [8] Undefined variable: addons /Users/mac/eclipse_php/weiphp/Application/Common/Common/function.php 第 501 行.
NOTIC: [8] Undefined variable: addons /Users/mac/eclipse_php/weiphp/Application/Common/Common/function.php 第 501 行.
NOTIC: [8] Undefined variable: addons /Users/mac/eclipse_php/weiphp/Application/Common/Common/function.php 第 501 行.
NOTIC: [8] Undefined variable: addons /Users/mac/eclipse_php/weiphp/Application/Common/Common/function.php 第 501 行.
NOTIC: [8] Undefined variable: addons /Users/mac/eclipse_php/weiphp/Application/Common/Common/function.php 第 501 行.
NOTIC: [8] Undefined variable: addons /Users/mac/eclipse_php/weiphp/Application/Common/Common/function.php 第 501 行.
NOTIC: [8] Undefined variable: addons /Users/mac/eclipse_php/weiphp/Application/Common/Common/function.php 第 501 行.
NOTIC: [8] Undefined variable: addons /Users/mac/eclipse_php/weiphp/Application/Common/Common/function.php 第 501 行.
NOTIC: [8] Undefined variable: addons /Users/mac/eclipse_php/weiphp/Application/Common/Common/function.php 第 501 行.
NOTIC: [8] Undefined variable: addons /Users/mac/eclipse_php/weiphp/Application/Common/Common/function.php 第 501 行.
NOTIC: [8] Undefined variable: addons /Users/mac/eclipse_php/weiphp/Application/Common/Common/function.php 第 501 行.
NOTIC: [8] Undefined variable: addons /Users/mac/eclipse_php/weiphp/Application/Common/Common/function.php 第 501 行.
NOTIC: [8] Undefined variable: addons /Users/mac/eclipse_php/weiphp/Application/Common/Common/function.php 第 501 行.
NOTIC: [8] Undefined offset: 14 /Users/mac/eclipse_php/weiphp/Application/Common/Model/ManagerMenuModel.class.php 第 94 行.
NOTIC: [8] Undefined offset: 14 /Users/mac/eclipse_php/weiphp/Application/Common/Model/ManagerMenuModel.class.php 第 104 行.
NOTIC: [8] Undefined offset: 60 /Users/mac/eclipse_php/weiphp/Application/Common/Model/ManagerMenuModel.class.php 第 94 行.
NOTIC: [8] Undefined offset: 60 /Users/mac/eclipse_php/weiphp/Application/Common/Model/ManagerMenuModel.class.php 第 104 行.
NOTIC: [8] Undefined variable: addons /Users/mac/eclipse_php/weiphp/Application/Common/Common/function.php 第 501 行.
NOTIC: [8] Undefined index: HTTP_REFERER /Users/mac/eclipse_php/weiphp/Application/Common/Model/ManagerMenuModel.class.php 第 127 行.
NOTIC: [8] Undefined index: side /Users/mac/eclipse_php/weiphp/Application/Common/Model/ManagerMenuModel.class.php 第 167 行.
NOTIC: [8] Undefined index: side /Users/mac/eclipse_php/weiphp/Application/Common/Model/ManagerMenuModel.class.php 第 167 行.
NOTIC: [8] Undefined index: side /Users/mac/eclipse_php/weiphp/Application/Common/Model/ManagerMenuModel.class.php 第 167 行.
NOTIC: [8] Undefined index: side /Users/mac/eclipse_php/weiphp/Application/Common/Model/ManagerMenuModel.class.php 第 167 行.
NOTIC: [8] Undefined index: side /Users/mac/eclipse_php/weiphp/Application/Common/Model/ManagerMenuModel.class.php 第 167 行.
NOTIC: [8] Undefined index: side /Users/mac/eclipse_php/weiphp/Application/Common/Model/ManagerMenuModel.class.php 第 167 行.
NOTIC: [8] Undefined index: side /Users/mac/eclipse_php/weiphp/Application/Common/Model/ManagerMenuModel.class.php 第 167 行.
NOTIC: [8] Undefined index: side /Users/mac/eclipse_php/weiphp/Application/Common/Model/ManagerMenuModel.class.php 第 167 行.
NOTIC: [8] Undefined index: side /Users/mac/eclipse_php/weiphp/Application/Common/Model/ManagerMenuModel.class.php 第 167 行.
NOTIC: [8] Undefined index: side /Users/mac/eclipse_php/weiphp/Application/Common/Model/ManagerMenuModel.class.php 第 167 行.
NOTIC: [8] Undefined index: side /Users/mac/eclipse_php/weiphp/Application/Common/Model/ManagerMenuModel.class.php 第 167 行.
NOTIC: [8] Undefined index: side /Users/mac/eclipse_php/weiphp/Application/Common/Model/ManagerMenuModel.class.php 第 167 行.
NOTIC: [8] Undefined index: side /Users/mac/eclipse_php/weiphp/Application/Common/Model/ManagerMenuModel.class.php 第 167 行.
NOTIC: [8] Undefined index: side /Users/mac/eclipse_php/weiphp/Application/Common/Model/ManagerMenuModel.class.php 第 167 行.
NOTIC: [8] Undefined index: side /Users/mac/eclipse_php/weiphp/Application/Common/Model/ManagerMenuModel.class.php 第 167 行.
NOTIC: [8] Undefined index: side /Users/mac/eclipse_php/weiphp/Application/Common/Model/ManagerMenuModel.class.php 第 167 行.
NOTIC: [8] Undefined index: side /Users/mac/eclipse_php/weiphp/Application/Common/Model/ManagerMenuModel.class.php 第 167 行.
NOTIC: [8] Undefined index: side /Users/mac/eclipse_php/weiphp/Application/Common/Model/ManagerMenuModel.class.php 第 167 行.
NOTIC: [8] Undefined index: side /Users/mac/eclipse_php/weiphp/Application/Common/Model/ManagerMenuModel.class.php 第 167 行.
NOTIC: [8] Undefined index: side /Users/mac/eclipse_php/weiphp/Application/Common/Model/ManagerMenuModel.class.php 第 167 行.
NOTIC: [8] Undefined index: side /Users/mac/eclipse_php/weiphp/Application/Common/Model/ManagerMenuModel.class.php 第 167 行.
NOTIC: [8] Undefined index: side /Users/mac/eclipse_php/weiphp/Application/Common/Model/ManagerMenuModel.class.php 第 167 行.
NOTIC: [8] Undefined index: side /Users/mac/eclipse_php/weiphp/Application/Common/Model/ManagerMenuModel.class.php 第 167 行.
NOTIC: [8] Undefined index: side /Users/mac/eclipse_php/weiphp/Application/Common/Model/ManagerMenuModel.class.php 第 167 行.
NOTIC: [8] Undefined index: side /Users/mac/eclipse_php/weiphp/Application/Common/Model/ManagerMenuModel.class.php 第 167 行.
NOTIC: [8] Undefined index: side /Users/mac/eclipse_php/weiphp/Application/Common/Model/ManagerMenuModel.class.php 第 167 行.
NOTIC: [8] Undefined index: side /Users/mac/eclipse_php/weiphp/Application/Common/Model/ManagerMenuModel.class.php 第 167 行.
NOTIC: [8] Undefined index: side /Users/mac/eclipse_php/weiphp/Application/Common/Model/ManagerMenuModel.class.php 第 167 行.
NOTIC: [8] Undefined index: side /Users/mac/eclipse_php/weiphp/Application/Common/Model/ManagerMenuModel.class.php 第 167 行.
NOTIC: [8] Undefined index: side /Users/mac/eclipse_php/weiphp/Application/Common/Model/ManagerMenuModel.class.php 第 167 行.
NOTIC: [8] Undefined index: side /Users/mac/eclipse_php/weiphp/Application/Common/Model/ManagerMenuModel.class.php 第 167 行.
NOTIC: [8] Undefined index: side /Users/mac/eclipse_php/weiphp/Application/Common/Model/ManagerMenuModel.class.php 第 167 行.
NOTIC: [8] Undefined index: side /Users/mac/eclipse_php/weiphp/Application/Common/Model/ManagerMenuModel.class.php 第 167 行.
NOTIC: [8] Undefined index: side /Users/mac/eclipse_php/weiphp/Application/Common/Model/ManagerMenuModel.class.php 第 167 行.
NOTIC: [8] Undefined index: side /Users/mac/eclipse_php/weiphp/Application/Common/Model/ManagerMenuModel.class.php 第 167 行.
NOTIC: [8] Undefined index: side /Users/mac/eclipse_php/weiphp/Application/Common/Model/ManagerMenuModel.class.php 第 167 行.
NOTIC: [8] Undefined index: side /Users/mac/eclipse_php/weiphp/Application/Common/Model/ManagerMenuModel.class.php 第 167 行.
NOTIC: [8] Undefined index: side /Users/mac/eclipse_php/weiphp/Application/Common/Model/ManagerMenuModel.class.php 第 167 行.
NOTIC: [8] Undefined index: side /Users/mac/eclipse_php/weiphp/Application/Common/Model/ManagerMenuModel.class.php 第 167 行.
NOTIC: [8] Undefined index: side /Users/mac/eclipse_php/weiphp/Application/Common/Model/ManagerMenuModel.class.php 第 167 行.
NOTIC: [8] Undefined index: side /Users/mac/eclipse_php/weiphp/Application/Common/Model/ManagerMenuModel.class.php 第 167 行.
NOTIC: [8] Undefined index: side /Users/mac/eclipse_php/weiphp/Application/Common/Model/ManagerMenuModel.class.php 第 167 行.
NOTIC: [8] Undefined index: side /Users/mac/eclipse_php/weiphp/Application/Common/Model/ManagerMenuModel.class.php 第 167 行.
NOTIC: [8] Undefined index: side /Users/mac/eclipse_php/weiphp/Application/Common/Model/ManagerMenuModel.class.php 第 167 行.
NOTIC: [8] Undefined index: side /Users/mac/eclipse_php/weiphp/Application/Common/Model/ManagerMenuModel.class.php 第 167 行.
NOTIC: [8] Undefined offset: 14 /Users/mac/eclipse_php/weiphp/Application/Common/Model/ManagerMenuModel.class.php 第 173 行.
SQL: SELECT * FROM `wp_public_link` WHERE `uid` = 0  [ RunTime:0.0012s ]
NOTIC: [2] Invalid argument supplied for foreach() /Users/mac/eclipse_php/weiphp/Application/Common/Model/PublicModel.class.php 第 46 行.
NOTIC: [8] Undefined variable: res /Users/mac/eclipse_php/weiphp/Application/Common/Model/PublicModel.class.php 第 50 行.
NOTIC: [8] Undefined variable: addons /Users/mac/eclipse_php/weiphp/Application/Common/Common/function.php 第 501 行.

[ 2016-10-13T14:36:20+08:00 ] 127.0.0.1 /index.php?s=/addon/UserCenter/Wap/userCenter/from/1.html
INFO: [ app_init ] --START--
INFO: Run Behavior\BuildLiteBehavior [ RunTime:0.000067s ]
INFO: Run Common\Behavior\InitHookBehavior [ RunTime:0.001946s ]
INFO: [ app_init ] --END-- [ RunTime:0.002891s ]
INFO: [ app_begin ] --START--
INFO: Run Behavior\ReadHtmlCacheBehavior [ RunTime:0.001048s ]
INFO: [ app_begin ] --END-- [ RunTime:0.001541s ]
SQL: SELECT `id`,`token` FROM `wp_public`  [ RunTime:0.0007s ]
NOTIC: [8] Undefined offset: -1 /Users/mac/eclipse_php/weiphp/Application/Common/Model/PublicModel.class.php 第 38 行.
NOTIC: [8] Undefined index: openid /Users/mac/eclipse_php/weiphp/Application/Common/Common/function.php 第 1433 行.
NOTIC: [8] Undefined index: token /Users/mac/eclipse_php/weiphp/Application/Common/Common/function.php 第 2607 行.
SQL: SELECT `uid` FROM `wp_public_follow` WHERE `openid` = '-1' AND `token` = null LIMIT 1   [ RunTime:0.0022s ]
SQL: INSERT INTO `wp_weixin_log` (`cTime`,`cTime_format`,`data`,`data_post`) VALUES ('1476340580','2016-10-13 14:36:20','-1::_-1','init_follow_in') [ RunTime:0.0025s ]
SQL: SELECT `value` FROM `wp_config` WHERE ( name="FOLLOW_YOUKE_UID" ) LIMIT 1   [ RunTime:0.0005s ]
SQL: UPDATE `wp_config` SET `value`='-12065' WHERE ( name="FOLLOW_YOUKE_UID" ) [ RunTime:0.0006s ]
NOTIC: [8] Undefined index: uid /Users/mac/eclipse_php/weiphp/ThinkPHP/Library/Think/Controller.class.php 第 506 行.
SQL: SELECT `id`,`token` FROM `wp_public`  [ RunTime:0.0005s ]
NOTIC: [8] Undefined offset: -1 /Users/mac/eclipse_php/weiphp/Application/Common/Model/PublicModel.class.php 第 38 行.
NOTIC: [8] Undefined variable: addons /Users/mac/eclipse_php/weiphp/Application/Common/Common/function.php 第 501 行.

[ 2016-10-13T14:36:21+08:00 ] 127.0.0.1 /index.php?s=/addon/Shop/Wap/user_center.html
INFO: [ app_init ] --START--
INFO: Run Behavior\BuildLiteBehavior [ RunTime:0.000067s ]
INFO: Run Common\Behavior\InitHookBehavior [ RunTime:0.001564s ]
INFO: [ app_init ] --END-- [ RunTime:0.002454s ]
INFO: [ app_begin ] --START--
INFO: Run Behavior\ReadHtmlCacheBehavior [ RunTime:0.000752s ]
INFO: [ app_begin ] --END-- [ RunTime:0.001207s ]
NOTIC: [2048] Declaration of Addons\Shop\Controller\WapController::lists() should be compatible with Home\Controller\AddonsController::lists($model = NULL, $page = 0) /Users/mac/eclipse_php/weiphp/Addons/Shop/Controller/WapController.class.php 第 7 行.
SQL: SELECT `id`,`token` FROM `wp_public`  [ RunTime:0.0006s ]
NOTIC: [8] Undefined offset: -1 /Users/mac/eclipse_php/weiphp/Application/Common/Model/PublicModel.class.php 第 38 行.
NOTIC: [8] Undefined index: openid /Users/mac/eclipse_php/weiphp/Application/Common/Common/function.php 第 1433 行.
NOTIC: [8] Undefined index: token /Users/mac/eclipse_php/weiphp/Application/Common/Common/function.php 第 2607 行.
SQL: SELECT `uid` FROM `wp_public_follow` WHERE `openid` = '-1' AND `token` = null LIMIT 1   [ RunTime:0.0004s ]
SQL: INSERT INTO `wp_weixin_log` (`cTime`,`cTime_format`,`data`,`data_post`) VALUES ('1476340581','2016-10-13 14:36:21','-1::_-1','init_follow_in') [ RunTime:0.0004s ]
SQL: SELECT `value` FROM `wp_config` WHERE ( name="FOLLOW_YOUKE_UID" ) LIMIT 1   [ RunTime:0.0004s ]
SQL: UPDATE `wp_config` SET `value`='-12066' WHERE ( name="FOLLOW_YOUKE_UID" ) [ RunTime:0.0005s ]
NOTIC: [8] Undefined index: uid /Users/mac/eclipse_php/weiphp/ThinkPHP/Library/Think/Controller.class.php 第 506 行.
SQL: SELECT `id`,`token` FROM `wp_public`  [ RunTime:0.0005s ]
NOTIC: [8] Undefined offset: -1 /Users/mac/eclipse_php/weiphp/Application/Common/Model/PublicModel.class.php 第 38 行.
SQL: SELECT * FROM `wp_shop` WHERE `token` = '-1' LIMIT 1   [ RunTime:0.0022s ]
SQL: SELECT * FROM `wp_shop_cart` WHERE `uid` = 0  [ RunTime:0.0020s ]
NOTIC: [2] Invalid argument supplied for foreach() /Users/mac/eclipse_php/weiphp/Addons/Shop/Model/CartModel.class.php 第 21 行.
NOTIC: [2] unlink(./Runtime/Temp/weiphp_428114b9385d5fc8142a5df141477483.php): No such file or directory /Users/mac/eclipse_php/weiphp/ThinkPHP/Library/Think/Cache/Driver/File.class.php 第 157 行.
NOTIC: [8] Undefined variable: addons /Users/mac/eclipse_php/weiphp/Application/Common/Common/function.php 第 501 行.
NOTIC: [8] Undefined variable: addons /Users/mac/eclipse_php/weiphp/Application/Common/Common/function.php 第 501 行.
NOTIC: [8] Undefined variable: addons /Users/mac/eclipse_php/weiphp/Application/Common/Common/function.php 第 501 行.
NOTIC: [8] Undefined variable: addons /Users/mac/eclipse_php/weiphp/Application/Common/Common/function.php 第 501 行.
NOTIC: [8] Undefined variable: addons /Users/mac/eclipse_php/weiphp/Application/Common/Common/function.php 第 501 行.
INFO: [ view_parse ] --START--
INFO: [ template_filter ] --START--
INFO: Run Behavior\ContentReplaceBehavior [ RunTime:0.000440s ]
INFO: [ template_filter ] --END-- [ RunTime:0.001382s ]
NOTIC: [8] Undefined variable: jsapiParams /Users/mac/eclipse_php/weiphp/Runtime/Cache/Home/a15f9471fb770c6847f3fea5babcc39d.php 第 21 行.
NOTIC: [8] Undefined variable: jsapiParams /Users/mac/eclipse_php/weiphp/Runtime/Cache/Home/a15f9471fb770c6847f3fea5babcc39d.php 第 22 行.
NOTIC: [8] Undefined variable: jsapiParams /Users/mac/eclipse_php/weiphp/Runtime/Cache/Home/a15f9471fb770c6847f3fea5babcc39d.php 第 23 行.
NOTIC: [8] Undefined variable: jsapiParams /Users/mac/eclipse_php/weiphp/Runtime/Cache/Home/a15f9471fb770c6847f3fea5babcc39d.php 第 24 行.
NOTIC: [8] Undefined index: query /Users/mac/eclipse_php/weiphp/ThinkPHP/Common/functions.php 第 855 行.
NOTIC: [8] Undefined index: query /Users/mac/eclipse_php/weiphp/ThinkPHP/Common/functions.php 第 855 行.
NOTIC: [8] Undefined index: query /Users/mac/eclipse_php/weiphp/ThinkPHP/Common/functions.php 第 855 行.
NOTIC: [8] Undefined index: query /Users/mac/eclipse_php/weiphp/ThinkPHP/Common/functions.php 第 855 行.
NOTIC: [8] Undefined variable: system_copy_right /Users/mac/eclipse_php/weiphp/Runtime/Cache/Home/a15f9471fb770c6847f3fea5babcc39d.php 第 60 行.
NOTIC: [8] Undefined variable: tongji_code /Users/mac/eclipse_php/weiphp/Runtime/Cache/Home/a15f9471fb770c6847f3fea5babcc39d.php 第 60 行.
INFO: Run Behavior\ParseTemplateBehavior [ RunTime:0.049565s ]
INFO: [ view_parse ] --END-- [ RunTime:0.051373s ]
INFO: [ view_filter ] --START--
INFO: Run Behavior\WriteHtmlCacheBehavior [ RunTime:0.002050s ]
INFO: [ view_filter ] --END-- [ RunTime:0.002818s ]
INFO: [ app_end ] --START--
INFO: Run Behavior\ShowPageTraceBehavior [ RunTime:0.080891s ]
INFO: Run Behavior\CronRunBehavior [ RunTime:0.001413s ]
INFO: [ app_end ] --END-- [ RunTime:0.087011s ]

[ 2016-10-13T14:36:21+08:00 ] 127.0.0.1 /index.php?s=/Home/User/verify.html
INFO: [ app_init ] --START--
INFO: Run Behavior\BuildLiteBehavior [ RunTime:0.000232s ]
INFO: Run Common\Behavior\InitHookBehavior [ RunTime:0.003778s ]
INFO: [ app_init ] --END-- [ RunTime:0.006404s ]
INFO: [ app_begin ] --START--
INFO: Run Behavior\ReadHtmlCacheBehavior [ RunTime:0.002382s ]
INFO: [ app_begin ] --END-- [ RunTime:0.003001s ]
SQL: SELECT `value` FROM `wp_config` WHERE ( name="FOLLOW_YOUKE_UID" ) LIMIT 1   [ RunTime:0.0006s ]
SQL: UPDATE `wp_config` SET `value`='-12067' WHERE ( name="FOLLOW_YOUKE_UID" ) [ RunTime:0.0030s ]
NOTIC: [8] Undefined index: uid /Users/mac/eclipse_php/weiphp/ThinkPHP/Library/Think/Controller.class.php 第 506 行.
SQL: SHOW COLUMNS FROM `wp_auth_group_access` [ RunTime:0.0031s ]
SQL: SELECT a.uid,a.group_id,g.title,g.rules FROM wp_auth_group_access a INNER JOIN wp_auth_group g on a.group_id=g.id  WHERE ( a.uid='-12067' and g.status='1' )  [ RunTime:0.0008s ]
SQL: SELECT `id`,`token` FROM `wp_public`  [ RunTime:0.0006s ]
NOTIC: [8] Undefined offset: -1 /Users/mac/eclipse_php/weiphp/Application/Common/Model/PublicModel.class.php 第 38 行.
NOTIC: [8] Undefined index: addon_status /Users/mac/eclipse_php/weiphp/Application/Common/Model/AddonStatusModel.class.php 第 47 行.
NOTIC: [8] Undefined index: group_id /Users/mac/eclipse_php/weiphp/Application/Common/Model/AddonStatusModel.class.php 第 50 行.
NOTIC: [8] Undefined variable: addons /Users/mac/eclipse_php/weiphp/Application/Common/Common/function.php 第 501 行.
NOTIC: [8] Undefined variable: addons /Users/mac/eclipse_php/weiphp/Application/Common/Common/function.php 第 501 行.
NOTIC: [8] Undefined variable: addons /Users/mac/eclipse_php/weiphp/Application/Common/Common/function.php 第 501 行.
NOTIC: [8] Undefined variable: addons /Users/mac/eclipse_php/weiphp/Application/Common/Common/function.php 第 501 行.
NOTIC: [8] Undefined variable: addons /Users/mac/eclipse_php/weiphp/Application/Common/Common/function.php 第 501 行.
NOTIC: [8] Undefined variable: addons /Users/mac/eclipse_php/weiphp/Application/Common/Common/function.php 第 501 行.
NOTIC: [8] Undefined variable: addons /Users/mac/eclipse_php/weiphp/Application/Common/Common/function.php 第 501 行.
NOTIC: [8] Undefined variable: addons /Users/mac/eclipse_php/weiphp/Application/Common/Common/function.php 第 501 行.
NOTIC: [8] Undefined variable: addons /Users/mac/eclipse_php/weiphp/Application/Common/Common/function.php 第 501 行.
NOTIC: [8] Undefined variable: addons /Users/mac/eclipse_php/weiphp/Application/Common/Common/function.php 第 501 行.
NOTIC: [8] Undefined variable: addons /Users/mac/eclipse_php/weiphp/Application/Common/Common/function.php 第 501 行.
NOTIC: [8] Undefined variable: addons /Users/mac/eclipse_php/weiphp/Application/Common/Common/function.php 第 501 行.
NOTIC: [8] Undefined variable: addons /Users/mac/eclipse_php/weiphp/Application/Common/Common/function.php 第 501 行.
NOTIC: [8] Undefined variable: addons /Users/mac/eclipse_php/weiphp/Application/Common/Common/function.php 第 501 行.
NOTIC: [8] Undefined variable: addons /Users/mac/eclipse_php/weiphp/Application/Common/Common/function.php 第 501 行.
NOTIC: [8] Undefined variable: addons /Users/mac/eclipse_php/weiphp/Application/Common/Common/function.php 第 501 行.
NOTIC: [8] Undefined variable: addons /Users/mac/eclipse_php/weiphp/Application/Common/Common/function.php 第 501 行.
NOTIC: [8] Undefined variable: addons /Users/mac/eclipse_php/weiphp/Application/Common/Common/function.php 第 501 行.
NOTIC: [8] Undefined variable: addons /Users/mac/eclipse_php/weiphp/Application/Common/Common/function.php 第 501 行.
NOTIC: [8] Undefined variable: addons /Users/mac/eclipse_php/weiphp/Application/Common/Common/function.php 第 501 行.
NOTIC: [8] Undefined variable: addons /Users/mac/eclipse_php/weiphp/Application/Common/Common/function.php 第 501 行.
NOTIC: [8] Undefined variable: addons /Users/mac/eclipse_php/weiphp/Application/Common/Common/function.php 第 501 行.
NOTIC: [8] Undefined variable: addons /Users/mac/eclipse_php/weiphp/Application/Common/Common/function.php 第 501 行.
NOTIC: [8] Undefined variable: addons /Users/mac/eclipse_php/weiphp/Application/Common/Common/function.php 第 501 行.
NOTIC: [8] Undefined variable: addons /Users/mac/eclipse_php/weiphp/Application/Common/Common/function.php 第 501 行.
NOTIC: [8] Undefined variable: addons /Users/mac/eclipse_php/weiphp/Application/Common/Common/function.php 第 501 行.
NOTIC: [8] Undefined variable: addons /Users/mac/eclipse_php/weiphp/Application/Common/Common/function.php 第 501 行.
NOTIC: [8] Undefined variable: addons /Users/mac/eclipse_php/weiphp/Application/Common/Common/function.php 第 501 行.
NOTIC: [8] Undefined variable: addons /Users/mac/eclipse_php/weiphp/Application/Common/Common/function.php 第 501 行.
NOTIC: [8] Undefined variable: addons /Users/mac/eclipse_php/weiphp/Application/Common/Common/function.php 第 501 行.
NOTIC: [8] Undefined variable: addons /Users/mac/eclipse_php/weiphp/Application/Common/Common/function.php 第 501 行.
NOTIC: [8] Undefined variable: addons /Users/mac/eclipse_php/weiphp/Application/Common/Common/function.php 第 501 行.
NOTIC: [8] Undefined variable: addons /Users/mac/eclipse_php/weiphp/Application/Common/Common/function.php 第 501 行.
NOTIC: [8] Undefined variable: addons /Users/mac/eclipse_php/weiphp/Application/Common/Common/function.php 第 501 行.
NOTIC: [8] Undefined variable: addons /Users/mac/eclipse_php/weiphp/Application/Common/Common/function.php 第 501 行.
NOTIC: [8] Undefined variable: addons /Users/mac/eclipse_php/weiphp/Application/Common/Common/function.php 第 501 行.
NOTIC: [8] Undefined variable: addons /Users/mac/eclipse_php/weiphp/Application/Common/Common/function.php 第 501 行.
NOTIC: [8] Undefined variable: addons /Users/mac/eclipse_php/weiphp/Application/Common/Common/function.php 第 501 行.
NOTIC: [8] Undefined variable: addons /Users/mac/eclipse_php/weiphp/Application/Common/Common/function.php 第 501 行.
NOTIC: [8] Undefined variable: addons /Users/mac/eclipse_php/weiphp/Application/Common/Common/function.php 第 501 行.
NOTIC: [8] Undefined variable: addons /Users/mac/eclipse_php/weiphp/Application/Common/Common/function.php 第 501 行.
SQL: SELECT * FROM `wp_manager_menu` WHERE `uid` = 0 AND `is_hide` = 0 ORDER BY sort asc, id asc  [ RunTime:0.0045s ]
SQL: SELECT * FROM `wp_manager_menu` WHERE `uid` = 1 AND `is_hide` = 0 ORDER BY sort asc, id asc  [ RunTime:0.0018s ]
NOTIC: [8] Undefined variable: addons /Users/mac/eclipse_php/weiphp/Application/Common/Common/function.php 第 501 行.
NOTIC: [8] Undefined variable: addons /Users/mac/eclipse_php/weiphp/Application/Common/Common/function.php 第 501 行.
NOTIC: [8] Undefined variable: addons /Users/mac/eclipse_php/weiphp/Application/Common/Common/function.php 第 501 行.
NOTIC: [8] Undefined variable: addons /Users/mac/eclipse_php/weiphp/Application/Common/Common/function.php 第 501 行.
NOTIC: [8] Undefined variable: addons /Users/mac/eclipse_php/weiphp/Application/Common/Common/function.php 第 501 行.
NOTIC: [8] Undefined variable: addons /Users/mac/eclipse_php/weiphp/Application/Common/Common/function.php 第 501 行.
NOTIC: [8] Undefined variable: addons /Users/mac/eclipse_php/weiphp/Application/Common/Common/function.php 第 501 行.
NOTIC: [8] Undefined variable: addons /Users/mac/eclipse_php/weiphp/Application/Common/Common/function.php 第 501 行.
NOTIC: [8] Undefined variable: addons /Users/mac/eclipse_php/weiphp/Application/Common/Common/function.php 第 501 行.
NOTIC: [8] Undefined variable: addons /Users/mac/eclipse_php/weiphp/Application/Common/Common/function.php 第 501 行.
NOTIC: [8] Undefined variable: addons /Users/mac/eclipse_php/weiphp/Application/Common/Common/function.php 第 501 行.
NOTIC: [8] Undefined variable: addons /Users/mac/eclipse_php/weiphp/Application/Common/Common/function.php 第 501 行.
NOTIC: [8] Undefined variable: addons /Users/mac/eclipse_php/weiphp/Application/Common/Common/function.php 第 501 行.
NOTIC: [8] Undefined variable: addons /Users/mac/eclipse_php/weiphp/Application/Common/Common/function.php 第 501 行.
NOTIC: [8] Undefined variable: addons /Users/mac/eclipse_php/weiphp/Application/Common/Common/function.php 第 501 行.
NOTIC: [8] Undefined variable: addons /Users/mac/eclipse_php/weiphp/Application/Common/Common/function.php 第 501 行.
NOTIC: [8] Undefined offset: 14 /Users/mac/eclipse_php/weiphp/Application/Common/Model/ManagerMenuModel.class.php 第 94 行.
NOTIC: [8] Undefined offset: 14 /Users/mac/eclipse_php/weiphp/Application/Common/Model/ManagerMenuModel.class.php 第 104 行.
NOTIC: [8] Undefined offset: 60 /Users/mac/eclipse_php/weiphp/Application/Common/Model/ManagerMenuModel.class.php 第 94 行.
NOTIC: [8] Undefined offset: 60 /Users/mac/eclipse_php/weiphp/Application/Common/Model/ManagerMenuModel.class.php 第 104 行.
NOTIC: [8] Undefined variable: addons /Users/mac/eclipse_php/weiphp/Application/Common/Common/function.php 第 501 行.
NOTIC: [8] Undefined index: HTTP_REFERER /Users/mac/eclipse_php/weiphp/Application/Common/Model/ManagerMenuModel.class.php 第 127 行.
NOTIC: [8] Undefined index: side /Users/mac/eclipse_php/weiphp/Application/Common/Model/ManagerMenuModel.class.php 第 167 行.
NOTIC: [8] Undefined index: side /Users/mac/eclipse_php/weiphp/Application/Common/Model/ManagerMenuModel.class.php 第 167 行.
NOTIC: [8] Undefined index: side /Users/mac/eclipse_php/weiphp/Application/Common/Model/ManagerMenuModel.class.php 第 167 行.
NOTIC: [8] Undefined index: side /Users/mac/eclipse_php/weiphp/Application/Common/Model/ManagerMenuModel.class.php 第 167 行.
NOTIC: [8] Undefined index: side /Users/mac/eclipse_php/weiphp/Application/Common/Model/ManagerMenuModel.class.php 第 167 行.
NOTIC: [8] Undefined index: side /Users/mac/eclipse_php/weiphp/Application/Common/Model/ManagerMenuModel.class.php 第 167 行.
NOTIC: [8] Undefined index: side /Users/mac/eclipse_php/weiphp/Application/Common/Model/ManagerMenuModel.class.php 第 167 行.
NOTIC: [8] Undefined index: side /Users/mac/eclipse_php/weiphp/Application/Common/Model/ManagerMenuModel.class.php 第 167 行.
NOTIC: [8] Undefined index: side /Users/mac/eclipse_php/weiphp/Application/Common/Model/ManagerMenuModel.class.php 第 167 行.
NOTIC: [8] Undefined index: side /Users/mac/eclipse_php/weiphp/Application/Common/Model/ManagerMenuModel.class.php 第 167 行.
NOTIC: [8] Undefined index: side /Users/mac/eclipse_php/weiphp/Application/Common/Model/ManagerMenuModel.class.php 第 167 行.
NOTIC: [8] Undefined index: side /Users/mac/eclipse_php/weiphp/Application/Common/Model/ManagerMenuModel.class.php 第 167 行.
NOTIC: [8] Undefined index: side /Users/mac/eclipse_php/weiphp/Application/Common/Model/ManagerMenuModel.class.php 第 167 行.
NOTIC: [8] Undefined index: side /Users/mac/eclipse_php/weiphp/Application/Common/Model/ManagerMenuModel.class.php 第 167 行.
NOTIC: [8] Undefined index: side /Users/mac/eclipse_php/weiphp/Application/Common/Model/ManagerMenuModel.class.php 第 167 行.
NOTIC: [8] Undefined index: side /Users/mac/eclipse_php/weiphp/Application/Common/Model/ManagerMenuModel.class.php 第 167 行.
NOTIC: [8] Undefined index: side /Users/mac/eclipse_php/weiphp/Application/Common/Model/ManagerMenuModel.class.php 第 167 行.
NOTIC: [8] Undefined index: side /Users/mac/eclipse_php/weiphp/Application/Common/Model/ManagerMenuModel.class.php 第 167 行.
NOTIC: [8] Undefined index: side /Users/mac/eclipse_php/weiphp/Application/Common/Model/ManagerMenuModel.class.php 第 167 行.
NOTIC: [8] Undefined index: side /Users/mac/eclipse_php/weiphp/Application/Common/Model/ManagerMenuModel.class.php 第 167 行.
NOTIC: [8] Undefined index: side /Users/mac/eclipse_php/weiphp/Application/Common/Model/ManagerMenuModel.class.php 第 167 行.
NOTIC: [8] Undefined index: side /Users/mac/eclipse_php/weiphp/Application/Common/Model/ManagerMenuModel.class.php 第 167 行.
NOTIC: [8] Undefined index: side /Users/mac/eclipse_php/weiphp/Application/Common/Model/ManagerMenuModel.class.php 第 167 行.
NOTIC: [8] Undefined index: side /Users/mac/eclipse_php/weiphp/Application/Common/Model/ManagerMenuModel.class.php 第 167 行.
NOTIC: [8] Undefined index: side /Users/mac/eclipse_php/weiphp/Application/Common/Model/ManagerMenuModel.class.php 第 167 行.
NOTIC: [8] Undefined index: side /Users/mac/eclipse_php/weiphp/Application/Common/Model/ManagerMenuModel.class.php 第 167 行.
NOTIC: [8] Undefined index: side /Users/mac/eclipse_php/weiphp/Application/Common/Model/ManagerMenuModel.class.php 第 167 行.
NOTIC: [8] Undefined index: side /Users/mac/eclipse_php/weiphp/Application/Common/Model/ManagerMenuModel.class.php 第 167 行.
NOTIC: [8] Undefined index: side /Users/mac/eclipse_php/weiphp/Application/Common/Model/ManagerMenuModel.class.php 第 167 行.
NOTIC: [8] Undefined index: side /Users/mac/eclipse_php/weiphp/Application/Common/Model/ManagerMenuModel.class.php 第 167 行.
NOTIC: [8] Undefined index: side /Users/mac/eclipse_php/weiphp/Application/Common/Model/ManagerMenuModel.class.php 第 167 行.
NOTIC: [8] Undefined index: side /Users/mac/eclipse_php/weiphp/Application/Common/Model/ManagerMenuModel.class.php 第 167 行.
NOTIC: [8] Undefined index: side /Users/mac/eclipse_php/weiphp/Application/Common/Model/ManagerMenuModel.class.php 第 167 行.
NOTIC: [8] Undefined index: side /Users/mac/eclipse_php/weiphp/Application/Common/Model/ManagerMenuModel.class.php 第 167 行.
NOTIC: [8] Undefined index: side /Users/mac/eclipse_php/weiphp/Application/Common/Model/ManagerMenuModel.class.php 第 167 行.
NOTIC: [8] Undefined index: side /Users/mac/eclipse_php/weiphp/Application/Common/Model/ManagerMenuModel.class.php 第 167 行.
NOTIC: [8] Undefined index: side /Users/mac/eclipse_php/weiphp/Application/Common/Model/ManagerMenuModel.class.php 第 167 行.
NOTIC: [8] Undefined index: side /Users/mac/eclipse_php/weiphp/Application/Common/Model/ManagerMenuModel.class.php 第 167 行.
NOTIC: [8] Undefined index: side /Users/mac/eclipse_php/weiphp/Application/Common/Model/ManagerMenuModel.class.php 第 167 行.
NOTIC: [8] Undefined index: side /Users/mac/eclipse_php/weiphp/Application/Common/Model/ManagerMenuModel.class.php 第 167 行.
NOTIC: [8] Undefined index: side /Users/mac/eclipse_php/weiphp/Application/Common/Model/ManagerMenuModel.class.php 第 167 行.
NOTIC: [8] Undefined index: side /Users/mac/eclipse_php/weiphp/Application/Common/Model/ManagerMenuModel.class.php 第 167 行.
NOTIC: [8] Undefined index: side /Users/mac/eclipse_php/weiphp/Application/Common/Model/ManagerMenuModel.class.php 第 167 行.
NOTIC: [8] Undefined index: side /Users/mac/eclipse_php/weiphp/Application/Common/Model/ManagerMenuModel.class.php 第 167 行.
NOTIC: [8] Undefined index: side /Users/mac/eclipse_php/weiphp/Application/Common/Model/ManagerMenuModel.class.php 第 167 行.
NOTIC: [8] Undefined offset: 14 /Users/mac/eclipse_php/weiphp/Application/Common/Model/ManagerMenuModel.class.php 第 173 行.
SQL: SELECT * FROM `wp_public_link` WHERE `uid` = 0  [ RunTime:0.0006s ]
NOTIC: [2] Invalid argument supplied for foreach() /Users/mac/eclipse_php/weiphp/Application/Common/Model/PublicModel.class.php 第 46 行.
NOTIC: [8] Undefined variable: res /Users/mac/eclipse_php/weiphp/Application/Common/Model/PublicModel.class.php 第 50 行.
INFO: [ app_end ] --START--
INFO: Run Behavior\ShowPageTraceBehavior [ RunTime:0.000899s ]
INFO: Run Behavior\CronRunBehavior [ RunTime:0.001102s ]
INFO: [ app_end ] --END-- [ RunTime:0.002805s ]

