[ 2016-10-21T11:31:43+08:00 ] 127.0.0.1 /
INFO: [ app_init ] --START--
INFO: Run Behavior\BuildLiteBehavior [ RunTime:0.000400s ]
INFO: Run Common\Behavior\InitHookBehavior [ RunTime:0.004042s ]
INFO: [ app_init ] --END-- [ RunTime:0.006615s ]
INFO: [ app_begin ] --START--
INFO: Run Behavior\ReadHtmlCacheBehavior [ RunTime:0.000862s ]
INFO: [ app_begin ] --END-- [ RunTime:0.001352s ]
SQL: SELECT `value` FROM `wp_config` WHERE ( name="FOLLOW_YOUKE_UID" ) LIMIT 1   [ RunTime:0.0058s ]
SQL: UPDATE `wp_config` SET `value`='-12068' WHERE ( name="FOLLOW_YOUKE_UID" ) [ RunTime:0.0032s ]
NOTIC: [8] Undefined index: uid /Users/mac/eclipse_php/weiphp/ThinkPHP/Library/Think/Controller.class.php 第 506 行.
SQL: SHOW COLUMNS FROM `wp_auth_group_access` [ RunTime:0.0057s ]
SQL: SELECT a.uid,a.group_id,g.title,g.rules FROM wp_auth_group_access a INNER JOIN wp_auth_group g on a.group_id=g.id  WHERE ( a.uid='-12068' and g.status='1' )  [ RunTime:0.0021s ]
SQL: SELECT `id`,`token` FROM `wp_public`  [ RunTime:0.0021s ]
NOTIC: [8] Undefined offset: -1 /Users/mac/eclipse_php/weiphp/Application/Common/Model/PublicModel.class.php 第 38 行.
NOTIC: [8] Undefined index: addon_status /Users/mac/eclipse_php/weiphp/Application/Common/Model/AddonStatusModel.class.php 第 47 行.
NOTIC: [8] Undefined index: group_id /Users/mac/eclipse_php/weiphp/Application/Common/Model/AddonStatusModel.class.php 第 50 行.
NOTIC: [8] Undefined variable: addons /Users/mac/eclipse_php/weiphp/Application/Common/Common/function.php 第 501 行.
NOTIC: [8] Undefined variable: addons /Users/mac/eclipse_php/weiphp/Application/Common/Common/function.php 第 501 行.
NOTIC: [8] Undefined variable: addons /Users/mac/eclipse_php/weiphp/Application/Common/Common/function.php 第 501 行.
NOTIC: [8] Undefined variable: addons /Users/mac/eclipse_php/weiphp/Application/Common/Common/function.php 第 501 行.
NOTIC: [8] Undefined variable: addons /Users/mac/eclipse_php/weiphp/Application/Common/Common/function.php 第 501 行.
NOTIC: [8] Undefined variable: addons /Users/mac/eclipse_php/weiphp/Application/Common/Common/function.php 第 501 行.
NOTIC: [8] Undefined variable: addons /Users/mac/eclipse_php/weiphp/Application/Common/Common/function.php 第 501 行.
NOTIC: [8] Undefined variable: addons /Users/mac/eclipse_php/weiphp/Application/Common/Common/function.php 第 501 行.
NOTIC: [8] Undefined variable: addons /Users/mac/eclipse_php/weiphp/Application/Common/Common/function.php 第 501 行.
NOTIC: [8] Undefined variable: addons /Users/mac/eclipse_php/weiphp/Application/Common/Common/function.php 第 501 行.
NOTIC: [8] Undefined variable: addons /Users/mac/eclipse_php/weiphp/Application/Common/Common/function.php 第 501 行.
NOTIC: [8] Undefined variable: addons /Users/mac/eclipse_php/weiphp/Application/Common/Common/function.php 第 501 行.
NOTIC: [8] Undefined variable: addons /Users/mac/eclipse_php/weiphp/Application/Common/Common/function.php 第 501 行.
NOTIC: [8] Undefined variable: addons /Users/mac/eclipse_php/weiphp/Application/Common/Common/function.php 第 501 行.
NOTIC: [8] Undefined variable: addons /Users/mac/eclipse_php/weiphp/Application/Common/Common/function.php 第 501 行.
NOTIC: [8] Undefined variable: addons /Users/mac/eclipse_php/weiphp/Application/Common/Common/function.php 第 501 行.
NOTIC: [8] Undefined variable: addons /Users/mac/eclipse_php/weiphp/Application/Common/Common/function.php 第 501 行.
NOTIC: [8] Undefined variable: addons /Users/mac/eclipse_php/weiphp/Application/Common/Common/function.php 第 501 行.
NOTIC: [8] Undefined variable: addons /Users/mac/eclipse_php/weiphp/Application/Common/Common/function.php 第 501 行.
NOTIC: [8] Undefined variable: addons /Users/mac/eclipse_php/weiphp/Application/Common/Common/function.php 第 501 行.
NOTIC: [8] Undefined variable: addons /Users/mac/eclipse_php/weiphp/Application/Common/Common/function.php 第 501 行.
NOTIC: [8] Undefined variable: addons /Users/mac/eclipse_php/weiphp/Application/Common/Common/function.php 第 501 行.
NOTIC: [8] Undefined variable: addons /Users/mac/eclipse_php/weiphp/Application/Common/Common/function.php 第 501 行.
NOTIC: [8] Undefined variable: addons /Users/mac/eclipse_php/weiphp/Application/Common/Common/function.php 第 501 行.
NOTIC: [8] Undefined variable: addons /Users/mac/eclipse_php/weiphp/Application/Common/Common/function.php 第 501 行.
NOTIC: [8] Undefined variable: addons /Users/mac/eclipse_php/weiphp/Application/Common/Common/function.php 第 501 行.
NOTIC: [8] Undefined variable: addons /Users/mac/eclipse_php/weiphp/Application/Common/Common/function.php 第 501 行.
NOTIC: [8] Undefined variable: addons /Users/mac/eclipse_php/weiphp/Application/Common/Common/function.php 第 501 行.
NOTIC: [8] Undefined variable: addons /Users/mac/eclipse_php/weiphp/Application/Common/Common/function.php 第 501 行.
NOTIC: [8] Undefined variable: addons /Users/mac/eclipse_php/weiphp/Application/Common/Common/function.php 第 501 行.
NOTIC: [8] Undefined variable: addons /Users/mac/eclipse_php/weiphp/Application/Common/Common/function.php 第 501 行.
NOTIC: [8] Undefined variable: addons /Users/mac/eclipse_php/weiphp/Application/Common/Common/function.php 第 501 行.
NOTIC: [8] Undefined variable: addons /Users/mac/eclipse_php/weiphp/Application/Common/Common/function.php 第 501 行.
NOTIC: [8] Undefined variable: addons /Users/mac/eclipse_php/weiphp/Application/Common/Common/function.php 第 501 行.
NOTIC: [8] Undefined variable: addons /Users/mac/eclipse_php/weiphp/Application/Common/Common/function.php 第 501 行.
NOTIC: [8] Undefined variable: addons /Users/mac/eclipse_php/weiphp/Application/Common/Common/function.php 第 501 行.
NOTIC: [8] Undefined variable: addons /Users/mac/eclipse_php/weiphp/Application/Common/Common/function.php 第 501 行.
NOTIC: [8] Undefined variable: addons /Users/mac/eclipse_php/weiphp/Application/Common/Common/function.php 第 501 行.
NOTIC: [8] Undefined variable: addons /Users/mac/eclipse_php/weiphp/Application/Common/Common/function.php 第 501 行.
NOTIC: [8] Undefined variable: addons /Users/mac/eclipse_php/weiphp/Application/Common/Common/function.php 第 501 行.
NOTIC: [8] Undefined variable: addons /Users/mac/eclipse_php/weiphp/Application/Common/Common/function.php 第 501 行.
SQL: SELECT * FROM `wp_manager_menu` WHERE `uid` = 0 AND `is_hide` = 0 ORDER BY sort asc, id asc  [ RunTime:0.0021s ]
SQL: SELECT * FROM `wp_manager_menu` WHERE `uid` = 1 AND `is_hide` = 0 ORDER BY sort asc, id asc  [ RunTime:0.0010s ]
NOTIC: [8] Undefined variable: addons /Users/mac/eclipse_php/weiphp/Application/Common/Common/function.php 第 501 行.
NOTIC: [8] Undefined variable: addons /Users/mac/eclipse_php/weiphp/Application/Common/Common/function.php 第 501 行.
NOTIC: [8] Undefined variable: addons /Users/mac/eclipse_php/weiphp/Application/Common/Common/function.php 第 501 行.
NOTIC: [8] Undefined variable: addons /Users/mac/eclipse_php/weiphp/Application/Common/Common/function.php 第 501 行.
NOTIC: [8] Undefined variable: addons /Users/mac/eclipse_php/weiphp/Application/Common/Common/function.php 第 501 行.
NOTIC: [8] Undefined variable: addons /Users/mac/eclipse_php/weiphp/Application/Common/Common/function.php 第 501 行.
NOTIC: [8] Undefined variable: addons /Users/mac/eclipse_php/weiphp/Application/Common/Common/function.php 第 501 行.
NOTIC: [8] Undefined variable: addons /Users/mac/eclipse_php/weiphp/Application/Common/Common/function.php 第 501 行.
NOTIC: [8] Undefined variable: addons /Users/mac/eclipse_php/weiphp/Application/Common/Common/function.php 第 501 行.
NOTIC: [8] Undefined variable: addons /Users/mac/eclipse_php/weiphp/Application/Common/Common/function.php 第 501 行.
NOTIC: [8] Undefined variable: addons /Users/mac/eclipse_php/weiphp/Application/Common/Common/function.php 第 501 行.
NOTIC: [8] Undefined variable: addons /Users/mac/eclipse_php/weiphp/Application/Common/Common/function.php 第 501 行.
NOTIC: [8] Undefined variable: addons /Users/mac/eclipse_php/weiphp/Application/Common/Common/function.php 第 501 行.
NOTIC: [8] Undefined variable: addons /Users/mac/eclipse_php/weiphp/Application/Common/Common/function.php 第 501 行.
NOTIC: [8] Undefined variable: addons /Users/mac/eclipse_php/weiphp/Application/Common/Common/function.php 第 501 行.
NOTIC: [8] Undefined variable: addons /Users/mac/eclipse_php/weiphp/Application/Common/Common/function.php 第 501 行.
NOTIC: [8] Undefined offset: 14 /Users/mac/eclipse_php/weiphp/Application/Common/Model/ManagerMenuModel.class.php 第 94 行.
NOTIC: [8] Undefined offset: 14 /Users/mac/eclipse_php/weiphp/Application/Common/Model/ManagerMenuModel.class.php 第 104 行.
NOTIC: [8] Undefined offset: 60 /Users/mac/eclipse_php/weiphp/Application/Common/Model/ManagerMenuModel.class.php 第 94 行.
NOTIC: [8] Undefined offset: 60 /Users/mac/eclipse_php/weiphp/Application/Common/Model/ManagerMenuModel.class.php 第 104 行.
NOTIC: [8] Undefined variable: addons /Users/mac/eclipse_php/weiphp/Application/Common/Common/function.php 第 501 行.
NOTIC: [8] Undefined index: HTTP_REFERER /Users/mac/eclipse_php/weiphp/Application/Common/Model/ManagerMenuModel.class.php 第 127 行.
NOTIC: [8] Undefined index: side /Users/mac/eclipse_php/weiphp/Application/Common/Model/ManagerMenuModel.class.php 第 167 行.
NOTIC: [8] Undefined index: side /Users/mac/eclipse_php/weiphp/Application/Common/Model/ManagerMenuModel.class.php 第 167 行.
NOTIC: [8] Undefined index: side /Users/mac/eclipse_php/weiphp/Application/Common/Model/ManagerMenuModel.class.php 第 167 行.
NOTIC: [8] Undefined index: side /Users/mac/eclipse_php/weiphp/Application/Common/Model/ManagerMenuModel.class.php 第 167 行.
NOTIC: [8] Undefined index: side /Users/mac/eclipse_php/weiphp/Application/Common/Model/ManagerMenuModel.class.php 第 167 行.
NOTIC: [8] Undefined index: side /Users/mac/eclipse_php/weiphp/Application/Common/Model/ManagerMenuModel.class.php 第 167 行.
NOTIC: [8] Undefined index: side /Users/mac/eclipse_php/weiphp/Application/Common/Model/ManagerMenuModel.class.php 第 167 行.
NOTIC: [8] Undefined index: side /Users/mac/eclipse_php/weiphp/Application/Common/Model/ManagerMenuModel.class.php 第 167 行.
NOTIC: [8] Undefined index: side /Users/mac/eclipse_php/weiphp/Application/Common/Model/ManagerMenuModel.class.php 第 167 行.
NOTIC: [8] Undefined index: side /Users/mac/eclipse_php/weiphp/Application/Common/Model/ManagerMenuModel.class.php 第 167 行.
NOTIC: [8] Undefined index: side /Users/mac/eclipse_php/weiphp/Application/Common/Model/ManagerMenuModel.class.php 第 167 行.
NOTIC: [8] Undefined index: side /Users/mac/eclipse_php/weiphp/Application/Common/Model/ManagerMenuModel.class.php 第 167 行.
NOTIC: [8] Undefined index: side /Users/mac/eclipse_php/weiphp/Application/Common/Model/ManagerMenuModel.class.php 第 167 行.
NOTIC: [8] Undefined index: side /Users/mac/eclipse_php/weiphp/Application/Common/Model/ManagerMenuModel.class.php 第 167 行.
NOTIC: [8] Undefined index: side /Users/mac/eclipse_php/weiphp/Application/Common/Model/ManagerMenuModel.class.php 第 167 行.
NOTIC: [8] Undefined index: side /Users/mac/eclipse_php/weiphp/Application/Common/Model/ManagerMenuModel.class.php 第 167 行.
NOTIC: [8] Undefined index: side /Users/mac/eclipse_php/weiphp/Application/Common/Model/ManagerMenuModel.class.php 第 167 行.
NOTIC: [8] Undefined index: side /Users/mac/eclipse_php/weiphp/Application/Common/Model/ManagerMenuModel.class.php 第 167 行.
NOTIC: [8] Undefined index: side /Users/mac/eclipse_php/weiphp/Application/Common/Model/ManagerMenuModel.class.php 第 167 行.
NOTIC: [8] Undefined index: side /Users/mac/eclipse_php/weiphp/Application/Common/Model/ManagerMenuModel.class.php 第 167 行.
NOTIC: [8] Undefined index: side /Users/mac/eclipse_php/weiphp/Application/Common/Model/ManagerMenuModel.class.php 第 167 行.
NOTIC: [8] Undefined index: side /Users/mac/eclipse_php/weiphp/Application/Common/Model/ManagerMenuModel.class.php 第 167 行.
NOTIC: [8] Undefined index: side /Users/mac/eclipse_php/weiphp/Application/Common/Model/ManagerMenuModel.class.php 第 167 行.
NOTIC: [8] Undefined index: side /Users/mac/eclipse_php/weiphp/Application/Common/Model/ManagerMenuModel.class.php 第 167 行.
NOTIC: [8] Undefined index: side /Users/mac/eclipse_php/weiphp/Application/Common/Model/ManagerMenuModel.class.php 第 167 行.
NOTIC: [8] Undefined index: side /Users/mac/eclipse_php/weiphp/Application/Common/Model/ManagerMenuModel.class.php 第 167 行.
NOTIC: [8] Undefined index: side /Users/mac/eclipse_php/weiphp/Application/Common/Model/ManagerMenuModel.class.php 第 167 行.
NOTIC: [8] Undefined index: side /Users/mac/eclipse_php/weiphp/Application/Common/Model/ManagerMenuModel.class.php 第 167 行.
NOTIC: [8] Undefined index: side /Users/mac/eclipse_php/weiphp/Application/Common/Model/ManagerMenuModel.class.php 第 167 行.
NOTIC: [8] Undefined index: side /Users/mac/eclipse_php/weiphp/Application/Common/Model/ManagerMenuModel.class.php 第 167 行.
NOTIC: [8] Undefined index: side /Users/mac/eclipse_php/weiphp/Application/Common/Model/ManagerMenuModel.class.php 第 167 行.
NOTIC: [8] Undefined index: side /Users/mac/eclipse_php/weiphp/Application/Common/Model/ManagerMenuModel.class.php 第 167 行.
NOTIC: [8] Undefined index: side /Users/mac/eclipse_php/weiphp/Application/Common/Model/ManagerMenuModel.class.php 第 167 行.
NOTIC: [8] Undefined index: side /Users/mac/eclipse_php/weiphp/Application/Common/Model/ManagerMenuModel.class.php 第 167 行.
NOTIC: [8] Undefined index: side /Users/mac/eclipse_php/weiphp/Application/Common/Model/ManagerMenuModel.class.php 第 167 行.
NOTIC: [8] Undefined index: side /Users/mac/eclipse_php/weiphp/Application/Common/Model/ManagerMenuModel.class.php 第 167 行.
NOTIC: [8] Undefined index: side /Users/mac/eclipse_php/weiphp/Application/Common/Model/ManagerMenuModel.class.php 第 167 行.
NOTIC: [8] Undefined index: side /Users/mac/eclipse_php/weiphp/Application/Common/Model/ManagerMenuModel.class.php 第 167 行.
NOTIC: [8] Undefined index: side /Users/mac/eclipse_php/weiphp/Application/Common/Model/ManagerMenuModel.class.php 第 167 行.
NOTIC: [8] Undefined index: side /Users/mac/eclipse_php/weiphp/Application/Common/Model/ManagerMenuModel.class.php 第 167 行.
NOTIC: [8] Undefined index: side /Users/mac/eclipse_php/weiphp/Application/Common/Model/ManagerMenuModel.class.php 第 167 行.
NOTIC: [8] Undefined index: side /Users/mac/eclipse_php/weiphp/Application/Common/Model/ManagerMenuModel.class.php 第 167 行.
NOTIC: [8] Undefined index: side /Users/mac/eclipse_php/weiphp/Application/Common/Model/ManagerMenuModel.class.php 第 167 行.
NOTIC: [8] Undefined index: side /Users/mac/eclipse_php/weiphp/Application/Common/Model/ManagerMenuModel.class.php 第 167 行.
NOTIC: [8] Undefined index: side /Users/mac/eclipse_php/weiphp/Application/Common/Model/ManagerMenuModel.class.php 第 167 行.
NOTIC: [8] Undefined offset: 14 /Users/mac/eclipse_php/weiphp/Application/Common/Model/ManagerMenuModel.class.php 第 173 行.
SQL: SELECT * FROM `wp_public_link` WHERE `uid` = 0  [ RunTime:0.0020s ]
NOTIC: [2] Invalid argument supplied for foreach() /Users/mac/eclipse_php/weiphp/Application/Common/Model/PublicModel.class.php 第 46 行.
NOTIC: [8] Undefined variable: res /Users/mac/eclipse_php/weiphp/Application/Common/Model/PublicModel.class.php 第 50 行.

[ 2016-10-21T11:31:44+08:00 ] 127.0.0.1 /index.php?s=/Home/User/login/from/1.html
INFO: [ app_init ] --START--
INFO: Run Behavior\BuildLiteBehavior [ RunTime:0.000110s ]
INFO: Run Common\Behavior\InitHookBehavior [ RunTime:0.002753s ]
INFO: [ app_init ] --END-- [ RunTime:0.004049s ]
INFO: [ app_begin ] --START--
INFO: Run Behavior\ReadHtmlCacheBehavior [ RunTime:0.000841s ]
INFO: [ app_begin ] --END-- [ RunTime:0.001288s ]
NOTIC: [8] Undefined index: uid /Users/mac/eclipse_php/weiphp/ThinkPHP/Library/Think/Controller.class.php 第 506 行.
SQL: SHOW COLUMNS FROM `wp_auth_group_access` [ RunTime:0.0016s ]
SQL: SELECT a.uid,a.group_id,g.title,g.rules FROM wp_auth_group_access a INNER JOIN wp_auth_group g on a.group_id=g.id  WHERE ( a.uid='-12068' and g.status='1' )  [ RunTime:0.0006s ]
SQL: SELECT `id`,`token` FROM `wp_public`  [ RunTime:0.0005s ]
NOTIC: [8] Undefined offset: -1 /Users/mac/eclipse_php/weiphp/Application/Common/Model/PublicModel.class.php 第 38 行.
NOTIC: [8] Undefined index: addon_status /Users/mac/eclipse_php/weiphp/Application/Common/Model/AddonStatusModel.class.php 第 47 行.
NOTIC: [8] Undefined index: group_id /Users/mac/eclipse_php/weiphp/Application/Common/Model/AddonStatusModel.class.php 第 50 行.
NOTIC: [8] Undefined variable: addons /Users/mac/eclipse_php/weiphp/Application/Common/Common/function.php 第 501 行.
NOTIC: [8] Undefined variable: addons /Users/mac/eclipse_php/weiphp/Application/Common/Common/function.php 第 501 行.
NOTIC: [8] Undefined variable: addons /Users/mac/eclipse_php/weiphp/Application/Common/Common/function.php 第 501 行.
NOTIC: [8] Undefined variable: addons /Users/mac/eclipse_php/weiphp/Application/Common/Common/function.php 第 501 行.
NOTIC: [8] Undefined variable: addons /Users/mac/eclipse_php/weiphp/Application/Common/Common/function.php 第 501 行.
NOTIC: [8] Undefined variable: addons /Users/mac/eclipse_php/weiphp/Application/Common/Common/function.php 第 501 行.
NOTIC: [8] Undefined variable: addons /Users/mac/eclipse_php/weiphp/Application/Common/Common/function.php 第 501 行.
NOTIC: [8] Undefined variable: addons /Users/mac/eclipse_php/weiphp/Application/Common/Common/function.php 第 501 行.
NOTIC: [8] Undefined variable: addons /Users/mac/eclipse_php/weiphp/Application/Common/Common/function.php 第 501 行.
NOTIC: [8] Undefined variable: addons /Users/mac/eclipse_php/weiphp/Application/Common/Common/function.php 第 501 行.
NOTIC: [8] Undefined variable: addons /Users/mac/eclipse_php/weiphp/Application/Common/Common/function.php 第 501 行.
NOTIC: [8] Undefined variable: addons /Users/mac/eclipse_php/weiphp/Application/Common/Common/function.php 第 501 行.
NOTIC: [8] Undefined variable: addons /Users/mac/eclipse_php/weiphp/Application/Common/Common/function.php 第 501 行.
NOTIC: [8] Undefined variable: addons /Users/mac/eclipse_php/weiphp/Application/Common/Common/function.php 第 501 行.
NOTIC: [8] Undefined variable: addons /Users/mac/eclipse_php/weiphp/Application/Common/Common/function.php 第 501 行.
NOTIC: [8] Undefined variable: addons /Users/mac/eclipse_php/weiphp/Application/Common/Common/function.php 第 501 行.
NOTIC: [8] Undefined variable: addons /Users/mac/eclipse_php/weiphp/Application/Common/Common/function.php 第 501 行.
NOTIC: [8] Undefined variable: addons /Users/mac/eclipse_php/weiphp/Application/Common/Common/function.php 第 501 行.
NOTIC: [8] Undefined variable: addons /Users/mac/eclipse_php/weiphp/Application/Common/Common/function.php 第 501 行.
NOTIC: [8] Undefined variable: addons /Users/mac/eclipse_php/weiphp/Application/Common/Common/function.php 第 501 行.
NOTIC: [8] Undefined variable: addons /Users/mac/eclipse_php/weiphp/Application/Common/Common/function.php 第 501 行.
NOTIC: [8] Undefined variable: addons /Users/mac/eclipse_php/weiphp/Application/Common/Common/function.php 第 501 行.
NOTIC: [8] Undefined variable: addons /Users/mac/eclipse_php/weiphp/Application/Common/Common/function.php 第 501 行.
NOTIC: [8] Undefined variable: addons /Users/mac/eclipse_php/weiphp/Application/Common/Common/function.php 第 501 行.
NOTIC: [8] Undefined variable: addons /Users/mac/eclipse_php/weiphp/Application/Common/Common/function.php 第 501 行.
NOTIC: [8] Undefined variable: addons /Users/mac/eclipse_php/weiphp/Application/Common/Common/function.php 第 501 行.
NOTIC: [8] Undefined variable: addons /Users/mac/eclipse_php/weiphp/Application/Common/Common/function.php 第 501 行.
NOTIC: [8] Undefined variable: addons /Users/mac/eclipse_php/weiphp/Application/Common/Common/function.php 第 501 行.
NOTIC: [8] Undefined variable: addons /Users/mac/eclipse_php/weiphp/Application/Common/Common/function.php 第 501 行.
NOTIC: [8] Undefined variable: addons /Users/mac/eclipse_php/weiphp/Application/Common/Common/function.php 第 501 行.
NOTIC: [8] Undefined variable: addons /Users/mac/eclipse_php/weiphp/Application/Common/Common/function.php 第 501 行.
NOTIC: [8] Undefined variable: addons /Users/mac/eclipse_php/weiphp/Application/Common/Common/function.php 第 501 行.
NOTIC: [8] Undefined variable: addons /Users/mac/eclipse_php/weiphp/Application/Common/Common/function.php 第 501 行.
NOTIC: [8] Undefined variable: addons /Users/mac/eclipse_php/weiphp/Application/Common/Common/function.php 第 501 行.
NOTIC: [8] Undefined variable: addons /Users/mac/eclipse_php/weiphp/Application/Common/Common/function.php 第 501 行.
NOTIC: [8] Undefined variable: addons /Users/mac/eclipse_php/weiphp/Application/Common/Common/function.php 第 501 行.
NOTIC: [8] Undefined variable: addons /Users/mac/eclipse_php/weiphp/Application/Common/Common/function.php 第 501 行.
NOTIC: [8] Undefined variable: addons /Users/mac/eclipse_php/weiphp/Application/Common/Common/function.php 第 501 行.
NOTIC: [8] Undefined variable: addons /Users/mac/eclipse_php/weiphp/Application/Common/Common/function.php 第 501 行.
NOTIC: [8] Undefined variable: addons /Users/mac/eclipse_php/weiphp/Application/Common/Common/function.php 第 501 行.
NOTIC: [8] Undefined variable: addons /Users/mac/eclipse_php/weiphp/Application/Common/Common/function.php 第 501 行.
SQL: SELECT * FROM `wp_manager_menu` WHERE `uid` = -12068 AND `is_hide` = 0 ORDER BY sort asc, id asc  [ RunTime:0.0024s ]
SQL: SELECT * FROM `wp_manager_menu` WHERE `uid` = 1 AND `is_hide` = 0 ORDER BY sort asc, id asc  [ RunTime:0.0010s ]
NOTIC: [8] Undefined variable: addons /Users/mac/eclipse_php/weiphp/Application/Common/Common/function.php 第 501 行.
NOTIC: [8] Undefined variable: addons /Users/mac/eclipse_php/weiphp/Application/Common/Common/function.php 第 501 行.
NOTIC: [8] Undefined variable: addons /Users/mac/eclipse_php/weiphp/Application/Common/Common/function.php 第 501 行.
NOTIC: [8] Undefined variable: addons /Users/mac/eclipse_php/weiphp/Application/Common/Common/function.php 第 501 行.
NOTIC: [8] Undefined variable: addons /Users/mac/eclipse_php/weiphp/Application/Common/Common/function.php 第 501 行.
NOTIC: [8] Undefined variable: addons /Users/mac/eclipse_php/weiphp/Application/Common/Common/function.php 第 501 行.
NOTIC: [8] Undefined variable: addons /Users/mac/eclipse_php/weiphp/Application/Common/Common/function.php 第 501 行.
NOTIC: [8] Undefined variable: addons /Users/mac/eclipse_php/weiphp/Application/Common/Common/function.php 第 501 行.
NOTIC: [8] Undefined variable: addons /Users/mac/eclipse_php/weiphp/Application/Common/Common/function.php 第 501 行.
NOTIC: [8] Undefined variable: addons /Users/mac/eclipse_php/weiphp/Application/Common/Common/function.php 第 501 行.
NOTIC: [8] Undefined variable: addons /Users/mac/eclipse_php/weiphp/Application/Common/Common/function.php 第 501 行.
NOTIC: [8] Undefined variable: addons /Users/mac/eclipse_php/weiphp/Application/Common/Common/function.php 第 501 行.
NOTIC: [8] Undefined variable: addons /Users/mac/eclipse_php/weiphp/Application/Common/Common/function.php 第 501 行.
NOTIC: [8] Undefined variable: addons /Users/mac/eclipse_php/weiphp/Application/Common/Common/function.php 第 501 行.
NOTIC: [8] Undefined variable: addons /Users/mac/eclipse_php/weiphp/Application/Common/Common/function.php 第 501 行.
NOTIC: [8] Undefined variable: addons /Users/mac/eclipse_php/weiphp/Application/Common/Common/function.php 第 501 行.
NOTIC: [8] Undefined offset: 14 /Users/mac/eclipse_php/weiphp/Application/Common/Model/ManagerMenuModel.class.php 第 94 行.
NOTIC: [8] Undefined offset: 14 /Users/mac/eclipse_php/weiphp/Application/Common/Model/ManagerMenuModel.class.php 第 104 行.
NOTIC: [8] Undefined offset: 60 /Users/mac/eclipse_php/weiphp/Application/Common/Model/ManagerMenuModel.class.php 第 94 行.
NOTIC: [8] Undefined offset: 60 /Users/mac/eclipse_php/weiphp/Application/Common/Model/ManagerMenuModel.class.php 第 104 行.
NOTIC: [8] Undefined variable: addons /Users/mac/eclipse_php/weiphp/Application/Common/Common/function.php 第 501 行.
NOTIC: [8] Undefined index: HTTP_REFERER /Users/mac/eclipse_php/weiphp/Application/Common/Model/ManagerMenuModel.class.php 第 127 行.
NOTIC: [8] Undefined index: side /Users/mac/eclipse_php/weiphp/Application/Common/Model/ManagerMenuModel.class.php 第 167 行.
NOTIC: [8] Undefined index: side /Users/mac/eclipse_php/weiphp/Application/Common/Model/ManagerMenuModel.class.php 第 167 行.
NOTIC: [8] Undefined index: side /Users/mac/eclipse_php/weiphp/Application/Common/Model/ManagerMenuModel.class.php 第 167 行.
NOTIC: [8] Undefined index: side /Users/mac/eclipse_php/weiphp/Application/Common/Model/ManagerMenuModel.class.php 第 167 行.
NOTIC: [8] Undefined index: side /Users/mac/eclipse_php/weiphp/Application/Common/Model/ManagerMenuModel.class.php 第 167 行.
NOTIC: [8] Undefined index: side /Users/mac/eclipse_php/weiphp/Application/Common/Model/ManagerMenuModel.class.php 第 167 行.
NOTIC: [8] Undefined index: side /Users/mac/eclipse_php/weiphp/Application/Common/Model/ManagerMenuModel.class.php 第 167 行.
NOTIC: [8] Undefined index: side /Users/mac/eclipse_php/weiphp/Application/Common/Model/ManagerMenuModel.class.php 第 167 行.
NOTIC: [8] Undefined index: side /Users/mac/eclipse_php/weiphp/Application/Common/Model/ManagerMenuModel.class.php 第 167 行.
NOTIC: [8] Undefined index: side /Users/mac/eclipse_php/weiphp/Application/Common/Model/ManagerMenuModel.class.php 第 167 行.
NOTIC: [8] Undefined index: side /Users/mac/eclipse_php/weiphp/Application/Common/Model/ManagerMenuModel.class.php 第 167 行.
NOTIC: [8] Undefined index: side /Users/mac/eclipse_php/weiphp/Application/Common/Model/ManagerMenuModel.class.php 第 167 行.
NOTIC: [8] Undefined index: side /Users/mac/eclipse_php/weiphp/Application/Common/Model/ManagerMenuModel.class.php 第 167 行.
NOTIC: [8] Undefined index: side /Users/mac/eclipse_php/weiphp/Application/Common/Model/ManagerMenuModel.class.php 第 167 行.
NOTIC: [8] Undefined index: side /Users/mac/eclipse_php/weiphp/Application/Common/Model/ManagerMenuModel.class.php 第 167 行.
NOTIC: [8] Undefined index: side /Users/mac/eclipse_php/weiphp/Application/Common/Model/ManagerMenuModel.class.php 第 167 行.
NOTIC: [8] Undefined index: side /Users/mac/eclipse_php/weiphp/Application/Common/Model/ManagerMenuModel.class.php 第 167 行.
NOTIC: [8] Undefined index: side /Users/mac/eclipse_php/weiphp/Application/Common/Model/ManagerMenuModel.class.php 第 167 行.
NOTIC: [8] Undefined index: side /Users/mac/eclipse_php/weiphp/Application/Common/Model/ManagerMenuModel.class.php 第 167 行.
NOTIC: [8] Undefined index: side /Users/mac/eclipse_php/weiphp/Application/Common/Model/ManagerMenuModel.class.php 第 167 行.
NOTIC: [8] Undefined index: side /Users/mac/eclipse_php/weiphp/Application/Common/Model/ManagerMenuModel.class.php 第 167 行.
NOTIC: [8] Undefined index: side /Users/mac/eclipse_php/weiphp/Application/Common/Model/ManagerMenuModel.class.php 第 167 行.
NOTIC: [8] Undefined index: side /Users/mac/eclipse_php/weiphp/Application/Common/Model/ManagerMenuModel.class.php 第 167 行.
NOTIC: [8] Undefined index: side /Users/mac/eclipse_php/weiphp/Application/Common/Model/ManagerMenuModel.class.php 第 167 行.
NOTIC: [8] Undefined index: side /Users/mac/eclipse_php/weiphp/Application/Common/Model/ManagerMenuModel.class.php 第 167 行.
NOTIC: [8] Undefined index: side /Users/mac/eclipse_php/weiphp/Application/Common/Model/ManagerMenuModel.class.php 第 167 行.
NOTIC: [8] Undefined index: side /Users/mac/eclipse_php/weiphp/Application/Common/Model/ManagerMenuModel.class.php 第 167 行.
NOTIC: [8] Undefined index: side /Users/mac/eclipse_php/weiphp/Application/Common/Model/ManagerMenuModel.class.php 第 167 行.
NOTIC: [8] Undefined index: side /Users/mac/eclipse_php/weiphp/Application/Common/Model/ManagerMenuModel.class.php 第 167 行.
NOTIC: [8] Undefined index: side /Users/mac/eclipse_php/weiphp/Application/Common/Model/ManagerMenuModel.class.php 第 167 行.
NOTIC: [8] Undefined index: side /Users/mac/eclipse_php/weiphp/Application/Common/Model/ManagerMenuModel.class.php 第 167 行.
NOTIC: [8] Undefined index: side /Users/mac/eclipse_php/weiphp/Application/Common/Model/ManagerMenuModel.class.php 第 167 行.
NOTIC: [8] Undefined index: side /Users/mac/eclipse_php/weiphp/Application/Common/Model/ManagerMenuModel.class.php 第 167 行.
NOTIC: [8] Undefined index: side /Users/mac/eclipse_php/weiphp/Application/Common/Model/ManagerMenuModel.class.php 第 167 行.
NOTIC: [8] Undefined index: side /Users/mac/eclipse_php/weiphp/Application/Common/Model/ManagerMenuModel.class.php 第 167 行.
NOTIC: [8] Undefined index: side /Users/mac/eclipse_php/weiphp/Application/Common/Model/ManagerMenuModel.class.php 第 167 行.
NOTIC: [8] Undefined index: side /Users/mac/eclipse_php/weiphp/Application/Common/Model/ManagerMenuModel.class.php 第 167 行.
NOTIC: [8] Undefined index: side /Users/mac/eclipse_php/weiphp/Application/Common/Model/ManagerMenuModel.class.php 第 167 行.
NOTIC: [8] Undefined index: side /Users/mac/eclipse_php/weiphp/Application/Common/Model/ManagerMenuModel.class.php 第 167 行.
NOTIC: [8] Undefined index: side /Users/mac/eclipse_php/weiphp/Application/Common/Model/ManagerMenuModel.class.php 第 167 行.
NOTIC: [8] Undefined index: side /Users/mac/eclipse_php/weiphp/Application/Common/Model/ManagerMenuModel.class.php 第 167 行.
NOTIC: [8] Undefined index: side /Users/mac/eclipse_php/weiphp/Application/Common/Model/ManagerMenuModel.class.php 第 167 行.
NOTIC: [8] Undefined index: side /Users/mac/eclipse_php/weiphp/Application/Common/Model/ManagerMenuModel.class.php 第 167 行.
NOTIC: [8] Undefined index: side /Users/mac/eclipse_php/weiphp/Application/Common/Model/ManagerMenuModel.class.php 第 167 行.
NOTIC: [8] Undefined index: side /Users/mac/eclipse_php/weiphp/Application/Common/Model/ManagerMenuModel.class.php 第 167 行.
NOTIC: [8] Undefined offset: 14 /Users/mac/eclipse_php/weiphp/Application/Common/Model/ManagerMenuModel.class.php 第 173 行.
SQL: SELECT * FROM `wp_public_link` WHERE `uid` = -12068  [ RunTime:0.0006s ]
NOTIC: [2] Invalid argument supplied for foreach() /Users/mac/eclipse_php/weiphp/Application/Common/Model/PublicModel.class.php 第 46 行.
NOTIC: [8] Undefined variable: res /Users/mac/eclipse_php/weiphp/Application/Common/Model/PublicModel.class.php 第 50 行.
INFO: [ view_parse ] --START--
INFO: [ template_filter ] --START--
INFO: Run Behavior\ContentReplaceBehavior [ RunTime:0.000203s ]
INFO: [ template_filter ] --END-- [ RunTime:0.000490s ]
INFO: Run Behavior\ParseTemplateBehavior [ RunTime:0.026785s ]
INFO: [ view_parse ] --END-- [ RunTime:0.027103s ]
INFO: [ view_filter ] --START--
INFO: Run Behavior\WriteHtmlCacheBehavior [ RunTime:0.000295s ]
INFO: [ view_filter ] --END-- [ RunTime:0.000551s ]
INFO: [ app_end ] --START--
INFO: Run Behavior\ShowPageTraceBehavior [ RunTime:0.003183s ]
INFO: Run Behavior\CronRunBehavior [ RunTime:0.002527s ]
INFO: [ app_end ] --END-- [ RunTime:0.006836s ]

[ 2016-10-21T11:31:44+08:00 ] 127.0.0.1 /index.php?s=/Home/User/verify.html
INFO: [ app_init ] --START--
INFO: Run Behavior\BuildLiteBehavior [ RunTime:0.000123s ]
INFO: Run Common\Behavior\InitHookBehavior [ RunTime:0.003384s ]
INFO: [ app_init ] --END-- [ RunTime:0.004837s ]
INFO: [ app_begin ] --START--
INFO: Run Behavior\ReadHtmlCacheBehavior [ RunTime:0.000846s ]
INFO: [ app_begin ] --END-- [ RunTime:0.001311s ]
NOTIC: [8] Undefined index: uid /Users/mac/eclipse_php/weiphp/ThinkPHP/Library/Think/Controller.class.php 第 506 行.
SQL: SHOW COLUMNS FROM `wp_auth_group_access` [ RunTime:0.0035s ]
SQL: SELECT a.uid,a.group_id,g.title,g.rules FROM wp_auth_group_access a INNER JOIN wp_auth_group g on a.group_id=g.id  WHERE ( a.uid='-12068' and g.status='1' )  [ RunTime:0.0008s ]
SQL: SELECT `id`,`token` FROM `wp_public`  [ RunTime:0.0007s ]
NOTIC: [8] Undefined offset: -1 /Users/mac/eclipse_php/weiphp/Application/Common/Model/PublicModel.class.php 第 38 行.
NOTIC: [8] Undefined index: addon_status /Users/mac/eclipse_php/weiphp/Application/Common/Model/AddonStatusModel.class.php 第 47 行.
NOTIC: [8] Undefined index: group_id /Users/mac/eclipse_php/weiphp/Application/Common/Model/AddonStatusModel.class.php 第 50 行.
NOTIC: [8] Undefined variable: addons /Users/mac/eclipse_php/weiphp/Application/Common/Common/function.php 第 501 行.
NOTIC: [8] Undefined variable: addons /Users/mac/eclipse_php/weiphp/Application/Common/Common/function.php 第 501 行.
NOTIC: [8] Undefined variable: addons /Users/mac/eclipse_php/weiphp/Application/Common/Common/function.php 第 501 行.
NOTIC: [8] Undefined variable: addons /Users/mac/eclipse_php/weiphp/Application/Common/Common/function.php 第 501 行.
NOTIC: [8] Undefined variable: addons /Users/mac/eclipse_php/weiphp/Application/Common/Common/function.php 第 501 行.
NOTIC: [8] Undefined variable: addons /Users/mac/eclipse_php/weiphp/Application/Common/Common/function.php 第 501 行.
NOTIC: [8] Undefined variable: addons /Users/mac/eclipse_php/weiphp/Application/Common/Common/function.php 第 501 行.
NOTIC: [8] Undefined variable: addons /Users/mac/eclipse_php/weiphp/Application/Common/Common/function.php 第 501 行.
NOTIC: [8] Undefined variable: addons /Users/mac/eclipse_php/weiphp/Application/Common/Common/function.php 第 501 行.
NOTIC: [8] Undefined variable: addons /Users/mac/eclipse_php/weiphp/Application/Common/Common/function.php 第 501 行.
NOTIC: [8] Undefined variable: addons /Users/mac/eclipse_php/weiphp/Application/Common/Common/function.php 第 501 行.
NOTIC: [8] Undefined variable: addons /Users/mac/eclipse_php/weiphp/Application/Common/Common/function.php 第 501 行.
NOTIC: [8] Undefined variable: addons /Users/mac/eclipse_php/weiphp/Application/Common/Common/function.php 第 501 行.
NOTIC: [8] Undefined variable: addons /Users/mac/eclipse_php/weiphp/Application/Common/Common/function.php 第 501 行.
NOTIC: [8] Undefined variable: addons /Users/mac/eclipse_php/weiphp/Application/Common/Common/function.php 第 501 行.
NOTIC: [8] Undefined variable: addons /Users/mac/eclipse_php/weiphp/Application/Common/Common/function.php 第 501 行.
NOTIC: [8] Undefined variable: addons /Users/mac/eclipse_php/weiphp/Application/Common/Common/function.php 第 501 行.
NOTIC: [8] Undefined variable: addons /Users/mac/eclipse_php/weiphp/Application/Common/Common/function.php 第 501 行.
NOTIC: [8] Undefined variable: addons /Users/mac/eclipse_php/weiphp/Application/Common/Common/function.php 第 501 行.
NOTIC: [8] Undefined variable: addons /Users/mac/eclipse_php/weiphp/Application/Common/Common/function.php 第 501 行.
NOTIC: [8] Undefined variable: addons /Users/mac/eclipse_php/weiphp/Application/Common/Common/function.php 第 501 行.
NOTIC: [8] Undefined variable: addons /Users/mac/eclipse_php/weiphp/Application/Common/Common/function.php 第 501 行.
NOTIC: [8] Undefined variable: addons /Users/mac/eclipse_php/weiphp/Application/Common/Common/function.php 第 501 行.
NOTIC: [8] Undefined variable: addons /Users/mac/eclipse_php/weiphp/Application/Common/Common/function.php 第 501 行.
NOTIC: [8] Undefined variable: addons /Users/mac/eclipse_php/weiphp/Application/Common/Common/function.php 第 501 行.
NOTIC: [8] Undefined variable: addons /Users/mac/eclipse_php/weiphp/Application/Common/Common/function.php 第 501 行.
NOTIC: [8] Undefined variable: addons /Users/mac/eclipse_php/weiphp/Application/Common/Common/function.php 第 501 行.
NOTIC: [8] Undefined variable: addons /Users/mac/eclipse_php/weiphp/Application/Common/Common/function.php 第 501 行.
NOTIC: [8] Undefined variable: addons /Users/mac/eclipse_php/weiphp/Application/Common/Common/function.php 第 501 行.
NOTIC: [8] Undefined variable: addons /Users/mac/eclipse_php/weiphp/Application/Common/Common/function.php 第 501 行.
NOTIC: [8] Undefined variable: addons /Users/mac/eclipse_php/weiphp/Application/Common/Common/function.php 第 501 行.
NOTIC: [8] Undefined variable: addons /Users/mac/eclipse_php/weiphp/Application/Common/Common/function.php 第 501 行.
NOTIC: [8] Undefined variable: addons /Users/mac/eclipse_php/weiphp/Application/Common/Common/function.php 第 501 行.
NOTIC: [8] Undefined variable: addons /Users/mac/eclipse_php/weiphp/Application/Common/Common/function.php 第 501 行.
NOTIC: [8] Undefined variable: addons /Users/mac/eclipse_php/weiphp/Application/Common/Common/function.php 第 501 行.
NOTIC: [8] Undefined variable: addons /Users/mac/eclipse_php/weiphp/Application/Common/Common/function.php 第 501 行.
NOTIC: [8] Undefined variable: addons /Users/mac/eclipse_php/weiphp/Application/Common/Common/function.php 第 501 行.
NOTIC: [8] Undefined variable: addons /Users/mac/eclipse_php/weiphp/Application/Common/Common/function.php 第 501 行.
NOTIC: [8] Undefined variable: addons /Users/mac/eclipse_php/weiphp/Application/Common/Common/function.php 第 501 行.
NOTIC: [8] Undefined variable: addons /Users/mac/eclipse_php/weiphp/Application/Common/Common/function.php 第 501 行.
NOTIC: [8] Undefined variable: addons /Users/mac/eclipse_php/weiphp/Application/Common/Common/function.php 第 501 行.
SQL: SELECT * FROM `wp_manager_menu` WHERE `uid` = -12068 AND `is_hide` = 0 ORDER BY sort asc, id asc  [ RunTime:0.0007s ]
SQL: SELECT * FROM `wp_manager_menu` WHERE `uid` = 1 AND `is_hide` = 0 ORDER BY sort asc, id asc  [ RunTime:0.0017s ]
NOTIC: [8] Undefined variable: addons /Users/mac/eclipse_php/weiphp/Application/Common/Common/function.php 第 501 行.
NOTIC: [8] Undefined variable: addons /Users/mac/eclipse_php/weiphp/Application/Common/Common/function.php 第 501 行.
NOTIC: [8] Undefined variable: addons /Users/mac/eclipse_php/weiphp/Application/Common/Common/function.php 第 501 行.
NOTIC: [8] Undefined variable: addons /Users/mac/eclipse_php/weiphp/Application/Common/Common/function.php 第 501 行.
NOTIC: [8] Undefined variable: addons /Users/mac/eclipse_php/weiphp/Application/Common/Common/function.php 第 501 行.
NOTIC: [8] Undefined variable: addons /Users/mac/eclipse_php/weiphp/Application/Common/Common/function.php 第 501 行.
NOTIC: [8] Undefined variable: addons /Users/mac/eclipse_php/weiphp/Application/Common/Common/function.php 第 501 行.
NOTIC: [8] Undefined variable: addons /Users/mac/eclipse_php/weiphp/Application/Common/Common/function.php 第 501 行.
NOTIC: [8] Undefined variable: addons /Users/mac/eclipse_php/weiphp/Application/Common/Common/function.php 第 501 行.
NOTIC: [8] Undefined variable: addons /Users/mac/eclipse_php/weiphp/Application/Common/Common/function.php 第 501 行.
NOTIC: [8] Undefined variable: addons /Users/mac/eclipse_php/weiphp/Application/Common/Common/function.php 第 501 行.
NOTIC: [8] Undefined variable: addons /Users/mac/eclipse_php/weiphp/Application/Common/Common/function.php 第 501 行.
NOTIC: [8] Undefined variable: addons /Users/mac/eclipse_php/weiphp/Application/Common/Common/function.php 第 501 行.
NOTIC: [8] Undefined variable: addons /Users/mac/eclipse_php/weiphp/Application/Common/Common/function.php 第 501 行.
NOTIC: [8] Undefined variable: addons /Users/mac/eclipse_php/weiphp/Application/Common/Common/function.php 第 501 行.
NOTIC: [8] Undefined variable: addons /Users/mac/eclipse_php/weiphp/Application/Common/Common/function.php 第 501 行.
NOTIC: [8] Undefined offset: 14 /Users/mac/eclipse_php/weiphp/Application/Common/Model/ManagerMenuModel.class.php 第 94 行.
NOTIC: [8] Undefined offset: 14 /Users/mac/eclipse_php/weiphp/Application/Common/Model/ManagerMenuModel.class.php 第 104 行.
NOTIC: [8] Undefined offset: 60 /Users/mac/eclipse_php/weiphp/Application/Common/Model/ManagerMenuModel.class.php 第 94 行.
NOTIC: [8] Undefined offset: 60 /Users/mac/eclipse_php/weiphp/Application/Common/Model/ManagerMenuModel.class.php 第 104 行.
NOTIC: [8] Undefined variable: addons /Users/mac/eclipse_php/weiphp/Application/Common/Common/function.php 第 501 行.
NOTIC: [8] Undefined index: side /Users/mac/eclipse_php/weiphp/Application/Common/Model/ManagerMenuModel.class.php 第 167 行.
NOTIC: [8] Undefined index: side /Users/mac/eclipse_php/weiphp/Application/Common/Model/ManagerMenuModel.class.php 第 167 行.
NOTIC: [8] Undefined index: side /Users/mac/eclipse_php/weiphp/Application/Common/Model/ManagerMenuModel.class.php 第 167 行.
NOTIC: [8] Undefined index: side /Users/mac/eclipse_php/weiphp/Application/Common/Model/ManagerMenuModel.class.php 第 167 行.
NOTIC: [8] Undefined index: side /Users/mac/eclipse_php/weiphp/Application/Common/Model/ManagerMenuModel.class.php 第 167 行.
NOTIC: [8] Undefined index: side /Users/mac/eclipse_php/weiphp/Application/Common/Model/ManagerMenuModel.class.php 第 167 行.
NOTIC: [8] Undefined index: side /Users/mac/eclipse_php/weiphp/Application/Common/Model/ManagerMenuModel.class.php 第 167 行.
NOTIC: [8] Undefined index: side /Users/mac/eclipse_php/weiphp/Application/Common/Model/ManagerMenuModel.class.php 第 167 行.
NOTIC: [8] Undefined index: side /Users/mac/eclipse_php/weiphp/Application/Common/Model/ManagerMenuModel.class.php 第 167 行.
NOTIC: [8] Undefined index: side /Users/mac/eclipse_php/weiphp/Application/Common/Model/ManagerMenuModel.class.php 第 167 行.
NOTIC: [8] Undefined index: side /Users/mac/eclipse_php/weiphp/Application/Common/Model/ManagerMenuModel.class.php 第 167 行.
NOTIC: [8] Undefined index: side /Users/mac/eclipse_php/weiphp/Application/Common/Model/ManagerMenuModel.class.php 第 167 行.
NOTIC: [8] Undefined index: side /Users/mac/eclipse_php/weiphp/Application/Common/Model/ManagerMenuModel.class.php 第 167 行.
NOTIC: [8] Undefined index: side /Users/mac/eclipse_php/weiphp/Application/Common/Model/ManagerMenuModel.class.php 第 167 行.
NOTIC: [8] Undefined index: side /Users/mac/eclipse_php/weiphp/Application/Common/Model/ManagerMenuModel.class.php 第 167 行.
NOTIC: [8] Undefined index: side /Users/mac/eclipse_php/weiphp/Application/Common/Model/ManagerMenuModel.class.php 第 167 行.
NOTIC: [8] Undefined index: side /Users/mac/eclipse_php/weiphp/Application/Common/Model/ManagerMenuModel.class.php 第 167 行.
NOTIC: [8] Undefined index: side /Users/mac/eclipse_php/weiphp/Application/Common/Model/ManagerMenuModel.class.php 第 167 行.
NOTIC: [8] Undefined index: side /Users/mac/eclipse_php/weiphp/Application/Common/Model/ManagerMenuModel.class.php 第 167 行.
NOTIC: [8] Undefined index: side /Users/mac/eclipse_php/weiphp/Application/Common/Model/ManagerMenuModel.class.php 第 167 行.
NOTIC: [8] Undefined index: side /Users/mac/eclipse_php/weiphp/Application/Common/Model/ManagerMenuModel.class.php 第 167 行.
NOTIC: [8] Undefined index: side /Users/mac/eclipse_php/weiphp/Application/Common/Model/ManagerMenuModel.class.php 第 167 行.
NOTIC: [8] Undefined index: side /Users/mac/eclipse_php/weiphp/Application/Common/Model/ManagerMenuModel.class.php 第 167 行.
NOTIC: [8] Undefined index: side /Users/mac/eclipse_php/weiphp/Application/Common/Model/ManagerMenuModel.class.php 第 167 行.
NOTIC: [8] Undefined index: side /Users/mac/eclipse_php/weiphp/Application/Common/Model/ManagerMenuModel.class.php 第 167 行.
NOTIC: [8] Undefined index: side /Users/mac/eclipse_php/weiphp/Application/Common/Model/ManagerMenuModel.class.php 第 167 行.
NOTIC: [8] Undefined index: side /Users/mac/eclipse_php/weiphp/Application/Common/Model/ManagerMenuModel.class.php 第 167 行.
NOTIC: [8] Undefined index: side /Users/mac/eclipse_php/weiphp/Application/Common/Model/ManagerMenuModel.class.php 第 167 行.
NOTIC: [8] Undefined index: side /Users/mac/eclipse_php/weiphp/Application/Common/Model/ManagerMenuModel.class.php 第 167 行.
NOTIC: [8] Undefined index: side /Users/mac/eclipse_php/weiphp/Application/Common/Model/ManagerMenuModel.class.php 第 167 行.
NOTIC: [8] Undefined index: side /Users/mac/eclipse_php/weiphp/Application/Common/Model/ManagerMenuModel.class.php 第 167 行.
NOTIC: [8] Undefined index: side /Users/mac/eclipse_php/weiphp/Application/Common/Model/ManagerMenuModel.class.php 第 167 行.
NOTIC: [8] Undefined index: side /Users/mac/eclipse_php/weiphp/Application/Common/Model/ManagerMenuModel.class.php 第 167 行.
NOTIC: [8] Undefined index: side /Users/mac/eclipse_php/weiphp/Application/Common/Model/ManagerMenuModel.class.php 第 167 行.
NOTIC: [8] Undefined index: side /Users/mac/eclipse_php/weiphp/Application/Common/Model/ManagerMenuModel.class.php 第 167 行.
NOTIC: [8] Undefined index: side /Users/mac/eclipse_php/weiphp/Application/Common/Model/ManagerMenuModel.class.php 第 167 行.
NOTIC: [8] Undefined index: side /Users/mac/eclipse_php/weiphp/Application/Common/Model/ManagerMenuModel.class.php 第 167 行.
NOTIC: [8] Undefined index: side /Users/mac/eclipse_php/weiphp/Application/Common/Model/ManagerMenuModel.class.php 第 167 行.
NOTIC: [8] Undefined index: side /Users/mac/eclipse_php/weiphp/Application/Common/Model/ManagerMenuModel.class.php 第 167 行.
NOTIC: [8] Undefined index: side /Users/mac/eclipse_php/weiphp/Application/Common/Model/ManagerMenuModel.class.php 第 167 行.
NOTIC: [8] Undefined index: side /Users/mac/eclipse_php/weiphp/Application/Common/Model/ManagerMenuModel.class.php 第 167 行.
NOTIC: [8] Undefined index: side /Users/mac/eclipse_php/weiphp/Application/Common/Model/ManagerMenuModel.class.php 第 167 行.
NOTIC: [8] Undefined index: side /Users/mac/eclipse_php/weiphp/Application/Common/Model/ManagerMenuModel.class.php 第 167 行.
NOTIC: [8] Undefined index: side /Users/mac/eclipse_php/weiphp/Application/Common/Model/ManagerMenuModel.class.php 第 167 行.
NOTIC: [8] Undefined index: side /Users/mac/eclipse_php/weiphp/Application/Common/Model/ManagerMenuModel.class.php 第 167 行.
NOTIC: [8] Undefined offset: 14 /Users/mac/eclipse_php/weiphp/Application/Common/Model/ManagerMenuModel.class.php 第 173 行.
SQL: SELECT * FROM `wp_public_link` WHERE `uid` = -12068  [ RunTime:0.0010s ]
NOTIC: [2] Invalid argument supplied for foreach() /Users/mac/eclipse_php/weiphp/Application/Common/Model/PublicModel.class.php 第 46 行.
NOTIC: [8] Undefined variable: res /Users/mac/eclipse_php/weiphp/Application/Common/Model/PublicModel.class.php 第 50 行.
INFO: [ app_end ] --START--
INFO: Run Behavior\ShowPageTraceBehavior [ RunTime:0.000965s ]
INFO: Run Behavior\CronRunBehavior [ RunTime:0.005715s ]
INFO: [ app_end ] --END-- [ RunTime:0.007715s ]

[ 2016-10-21T11:31:45+08:00 ] 127.0.0.1 /index.php?s=/Home/User/verify.html
INFO: [ app_init ] --START--
INFO: Run Behavior\BuildLiteBehavior [ RunTime:0.000117s ]
INFO: Run Common\Behavior\InitHookBehavior [ RunTime:0.003535s ]
INFO: [ app_init ] --END-- [ RunTime:0.005097s ]
INFO: [ app_begin ] --START--
INFO: Run Behavior\ReadHtmlCacheBehavior [ RunTime:0.000883s ]
INFO: [ app_begin ] --END-- [ RunTime:0.001357s ]
SQL: SELECT `value` FROM `wp_config` WHERE ( name="FOLLOW_YOUKE_UID" ) LIMIT 1   [ RunTime:0.0006s ]
SQL: UPDATE `wp_config` SET `value`='-12069' WHERE ( name="FOLLOW_YOUKE_UID" ) [ RunTime:0.0006s ]
NOTIC: [8] Undefined index: uid /Users/mac/eclipse_php/weiphp/ThinkPHP/Library/Think/Controller.class.php 第 506 行.
SQL: SHOW COLUMNS FROM `wp_auth_group_access` [ RunTime:0.0021s ]
SQL: SELECT a.uid,a.group_id,g.title,g.rules FROM wp_auth_group_access a INNER JOIN wp_auth_group g on a.group_id=g.id  WHERE ( a.uid='-12069' and g.status='1' )  [ RunTime:0.0006s ]
SQL: SELECT `id`,`token` FROM `wp_public`  [ RunTime:0.0005s ]
NOTIC: [8] Undefined offset: -1 /Users/mac/eclipse_php/weiphp/Application/Common/Model/PublicModel.class.php 第 38 行.
NOTIC: [8] Undefined index: addon_status /Users/mac/eclipse_php/weiphp/Application/Common/Model/AddonStatusModel.class.php 第 47 行.
NOTIC: [8] Undefined index: group_id /Users/mac/eclipse_php/weiphp/Application/Common/Model/AddonStatusModel.class.php 第 50 行.
NOTIC: [8] Undefined variable: addons /Users/mac/eclipse_php/weiphp/Application/Common/Common/function.php 第 501 行.
NOTIC: [8] Undefined variable: addons /Users/mac/eclipse_php/weiphp/Application/Common/Common/function.php 第 501 行.
NOTIC: [8] Undefined variable: addons /Users/mac/eclipse_php/weiphp/Application/Common/Common/function.php 第 501 行.
NOTIC: [8] Undefined variable: addons /Users/mac/eclipse_php/weiphp/Application/Common/Common/function.php 第 501 行.
NOTIC: [8] Undefined variable: addons /Users/mac/eclipse_php/weiphp/Application/Common/Common/function.php 第 501 行.
NOTIC: [8] Undefined variable: addons /Users/mac/eclipse_php/weiphp/Application/Common/Common/function.php 第 501 行.
NOTIC: [8] Undefined variable: addons /Users/mac/eclipse_php/weiphp/Application/Common/Common/function.php 第 501 行.
NOTIC: [8] Undefined variable: addons /Users/mac/eclipse_php/weiphp/Application/Common/Common/function.php 第 501 行.
NOTIC: [8] Undefined variable: addons /Users/mac/eclipse_php/weiphp/Application/Common/Common/function.php 第 501 行.
NOTIC: [8] Undefined variable: addons /Users/mac/eclipse_php/weiphp/Application/Common/Common/function.php 第 501 行.
NOTIC: [8] Undefined variable: addons /Users/mac/eclipse_php/weiphp/Application/Common/Common/function.php 第 501 行.
NOTIC: [8] Undefined variable: addons /Users/mac/eclipse_php/weiphp/Application/Common/Common/function.php 第 501 行.
NOTIC: [8] Undefined variable: addons /Users/mac/eclipse_php/weiphp/Application/Common/Common/function.php 第 501 行.
NOTIC: [8] Undefined variable: addons /Users/mac/eclipse_php/weiphp/Application/Common/Common/function.php 第 501 行.
NOTIC: [8] Undefined variable: addons /Users/mac/eclipse_php/weiphp/Application/Common/Common/function.php 第 501 行.
NOTIC: [8] Undefined variable: addons /Users/mac/eclipse_php/weiphp/Application/Common/Common/function.php 第 501 行.
NOTIC: [8] Undefined variable: addons /Users/mac/eclipse_php/weiphp/Application/Common/Common/function.php 第 501 行.
NOTIC: [8] Undefined variable: addons /Users/mac/eclipse_php/weiphp/Application/Common/Common/function.php 第 501 行.
NOTIC: [8] Undefined variable: addons /Users/mac/eclipse_php/weiphp/Application/Common/Common/function.php 第 501 行.
NOTIC: [8] Undefined variable: addons /Users/mac/eclipse_php/weiphp/Application/Common/Common/function.php 第 501 行.
NOTIC: [8] Undefined variable: addons /Users/mac/eclipse_php/weiphp/Application/Common/Common/function.php 第 501 行.
NOTIC: [8] Undefined variable: addons /Users/mac/eclipse_php/weiphp/Application/Common/Common/function.php 第 501 行.
NOTIC: [8] Undefined variable: addons /Users/mac/eclipse_php/weiphp/Application/Common/Common/function.php 第 501 行.
NOTIC: [8] Undefined variable: addons /Users/mac/eclipse_php/weiphp/Application/Common/Common/function.php 第 501 行.
NOTIC: [8] Undefined variable: addons /Users/mac/eclipse_php/weiphp/Application/Common/Common/function.php 第 501 行.
NOTIC: [8] Undefined variable: addons /Users/mac/eclipse_php/weiphp/Application/Common/Common/function.php 第 501 行.
NOTIC: [8] Undefined variable: addons /Users/mac/eclipse_php/weiphp/Application/Common/Common/function.php 第 501 行.
NOTIC: [8] Undefined variable: addons /Users/mac/eclipse_php/weiphp/Application/Common/Common/function.php 第 501 行.
NOTIC: [8] Undefined variable: addons /Users/mac/eclipse_php/weiphp/Application/Common/Common/function.php 第 501 行.
NOTIC: [8] Undefined variable: addons /Users/mac/eclipse_php/weiphp/Application/Common/Common/function.php 第 501 行.
NOTIC: [8] Undefined variable: addons /Users/mac/eclipse_php/weiphp/Application/Common/Common/function.php 第 501 行.
NOTIC: [8] Undefined variable: addons /Users/mac/eclipse_php/weiphp/Application/Common/Common/function.php 第 501 行.
NOTIC: [8] Undefined variable: addons /Users/mac/eclipse_php/weiphp/Application/Common/Common/function.php 第 501 行.
NOTIC: [8] Undefined variable: addons /Users/mac/eclipse_php/weiphp/Application/Common/Common/function.php 第 501 行.
NOTIC: [8] Undefined variable: addons /Users/mac/eclipse_php/weiphp/Application/Common/Common/function.php 第 501 行.
NOTIC: [8] Undefined variable: addons /Users/mac/eclipse_php/weiphp/Application/Common/Common/function.php 第 501 行.
NOTIC: [8] Undefined variable: addons /Users/mac/eclipse_php/weiphp/Application/Common/Common/function.php 第 501 行.
NOTIC: [8] Undefined variable: addons /Users/mac/eclipse_php/weiphp/Application/Common/Common/function.php 第 501 行.
NOTIC: [8] Undefined variable: addons /Users/mac/eclipse_php/weiphp/Application/Common/Common/function.php 第 501 行.
NOTIC: [8] Undefined variable: addons /Users/mac/eclipse_php/weiphp/Application/Common/Common/function.php 第 501 行.
NOTIC: [8] Undefined variable: addons /Users/mac/eclipse_php/weiphp/Application/Common/Common/function.php 第 501 行.
SQL: SELECT * FROM `wp_manager_menu` WHERE `uid` = 0 AND `is_hide` = 0 ORDER BY sort asc, id asc  [ RunTime:0.0006s ]
SQL: SELECT * FROM `wp_manager_menu` WHERE `uid` = 1 AND `is_hide` = 0 ORDER BY sort asc, id asc  [ RunTime:0.0012s ]
NOTIC: [8] Undefined variable: addons /Users/mac/eclipse_php/weiphp/Application/Common/Common/function.php 第 501 行.
NOTIC: [8] Undefined variable: addons /Users/mac/eclipse_php/weiphp/Application/Common/Common/function.php 第 501 行.
NOTIC: [8] Undefined variable: addons /Users/mac/eclipse_php/weiphp/Application/Common/Common/function.php 第 501 行.
NOTIC: [8] Undefined variable: addons /Users/mac/eclipse_php/weiphp/Application/Common/Common/function.php 第 501 行.
NOTIC: [8] Undefined variable: addons /Users/mac/eclipse_php/weiphp/Application/Common/Common/function.php 第 501 行.
NOTIC: [8] Undefined variable: addons /Users/mac/eclipse_php/weiphp/Application/Common/Common/function.php 第 501 行.
NOTIC: [8] Undefined variable: addons /Users/mac/eclipse_php/weiphp/Application/Common/Common/function.php 第 501 行.
NOTIC: [8] Undefined variable: addons /Users/mac/eclipse_php/weiphp/Application/Common/Common/function.php 第 501 行.
NOTIC: [8] Undefined variable: addons /Users/mac/eclipse_php/weiphp/Application/Common/Common/function.php 第 501 行.
NOTIC: [8] Undefined variable: addons /Users/mac/eclipse_php/weiphp/Application/Common/Common/function.php 第 501 行.
NOTIC: [8] Undefined variable: addons /Users/mac/eclipse_php/weiphp/Application/Common/Common/function.php 第 501 行.
NOTIC: [8] Undefined variable: addons /Users/mac/eclipse_php/weiphp/Application/Common/Common/function.php 第 501 行.
NOTIC: [8] Undefined variable: addons /Users/mac/eclipse_php/weiphp/Application/Common/Common/function.php 第 501 行.
NOTIC: [8] Undefined variable: addons /Users/mac/eclipse_php/weiphp/Application/Common/Common/function.php 第 501 行.
NOTIC: [8] Undefined variable: addons /Users/mac/eclipse_php/weiphp/Application/Common/Common/function.php 第 501 行.
NOTIC: [8] Undefined variable: addons /Users/mac/eclipse_php/weiphp/Application/Common/Common/function.php 第 501 行.
NOTIC: [8] Undefined offset: 14 /Users/mac/eclipse_php/weiphp/Application/Common/Model/ManagerMenuModel.class.php 第 94 行.
NOTIC: [8] Undefined offset: 14 /Users/mac/eclipse_php/weiphp/Application/Common/Model/ManagerMenuModel.class.php 第 104 行.
NOTIC: [8] Undefined offset: 60 /Users/mac/eclipse_php/weiphp/Application/Common/Model/ManagerMenuModel.class.php 第 94 行.
NOTIC: [8] Undefined offset: 60 /Users/mac/eclipse_php/weiphp/Application/Common/Model/ManagerMenuModel.class.php 第 104 行.
NOTIC: [8] Undefined variable: addons /Users/mac/eclipse_php/weiphp/Application/Common/Common/function.php 第 501 行.
NOTIC: [8] Undefined index: HTTP_REFERER /Users/mac/eclipse_php/weiphp/Application/Common/Model/ManagerMenuModel.class.php 第 127 行.
NOTIC: [8] Undefined index: side /Users/mac/eclipse_php/weiphp/Application/Common/Model/ManagerMenuModel.class.php 第 167 行.
NOTIC: [8] Undefined index: side /Users/mac/eclipse_php/weiphp/Application/Common/Model/ManagerMenuModel.class.php 第 167 行.
NOTIC: [8] Undefined index: side /Users/mac/eclipse_php/weiphp/Application/Common/Model/ManagerMenuModel.class.php 第 167 行.
NOTIC: [8] Undefined index: side /Users/mac/eclipse_php/weiphp/Application/Common/Model/ManagerMenuModel.class.php 第 167 行.
NOTIC: [8] Undefined index: side /Users/mac/eclipse_php/weiphp/Application/Common/Model/ManagerMenuModel.class.php 第 167 行.
NOTIC: [8] Undefined index: side /Users/mac/eclipse_php/weiphp/Application/Common/Model/ManagerMenuModel.class.php 第 167 行.
NOTIC: [8] Undefined index: side /Users/mac/eclipse_php/weiphp/Application/Common/Model/ManagerMenuModel.class.php 第 167 行.
NOTIC: [8] Undefined index: side /Users/mac/eclipse_php/weiphp/Application/Common/Model/ManagerMenuModel.class.php 第 167 行.
NOTIC: [8] Undefined index: side /Users/mac/eclipse_php/weiphp/Application/Common/Model/ManagerMenuModel.class.php 第 167 行.
NOTIC: [8] Undefined index: side /Users/mac/eclipse_php/weiphp/Application/Common/Model/ManagerMenuModel.class.php 第 167 行.
NOTIC: [8] Undefined index: side /Users/mac/eclipse_php/weiphp/Application/Common/Model/ManagerMenuModel.class.php 第 167 行.
NOTIC: [8] Undefined index: side /Users/mac/eclipse_php/weiphp/Application/Common/Model/ManagerMenuModel.class.php 第 167 行.
NOTIC: [8] Undefined index: side /Users/mac/eclipse_php/weiphp/Application/Common/Model/ManagerMenuModel.class.php 第 167 行.
NOTIC: [8] Undefined index: side /Users/mac/eclipse_php/weiphp/Application/Common/Model/ManagerMenuModel.class.php 第 167 行.
NOTIC: [8] Undefined index: side /Users/mac/eclipse_php/weiphp/Application/Common/Model/ManagerMenuModel.class.php 第 167 行.
NOTIC: [8] Undefined index: side /Users/mac/eclipse_php/weiphp/Application/Common/Model/ManagerMenuModel.class.php 第 167 行.
NOTIC: [8] Undefined index: side /Users/mac/eclipse_php/weiphp/Application/Common/Model/ManagerMenuModel.class.php 第 167 行.
NOTIC: [8] Undefined index: side /Users/mac/eclipse_php/weiphp/Application/Common/Model/ManagerMenuModel.class.php 第 167 行.
NOTIC: [8] Undefined index: side /Users/mac/eclipse_php/weiphp/Application/Common/Model/ManagerMenuModel.class.php 第 167 行.
NOTIC: [8] Undefined index: side /Users/mac/eclipse_php/weiphp/Application/Common/Model/ManagerMenuModel.class.php 第 167 行.
NOTIC: [8] Undefined index: side /Users/mac/eclipse_php/weiphp/Application/Common/Model/ManagerMenuModel.class.php 第 167 行.
NOTIC: [8] Undefined index: side /Users/mac/eclipse_php/weiphp/Application/Common/Model/ManagerMenuModel.class.php 第 167 行.
NOTIC: [8] Undefined index: side /Users/mac/eclipse_php/weiphp/Application/Common/Model/ManagerMenuModel.class.php 第 167 行.
NOTIC: [8] Undefined index: side /Users/mac/eclipse_php/weiphp/Application/Common/Model/ManagerMenuModel.class.php 第 167 行.
NOTIC: [8] Undefined index: side /Users/mac/eclipse_php/weiphp/Application/Common/Model/ManagerMenuModel.class.php 第 167 行.
NOTIC: [8] Undefined index: side /Users/mac/eclipse_php/weiphp/Application/Common/Model/ManagerMenuModel.class.php 第 167 行.
NOTIC: [8] Undefined index: side /Users/mac/eclipse_php/weiphp/Application/Common/Model/ManagerMenuModel.class.php 第 167 行.
NOTIC: [8] Undefined index: side /Users/mac/eclipse_php/weiphp/Application/Common/Model/ManagerMenuModel.class.php 第 167 行.
NOTIC: [8] Undefined index: side /Users/mac/eclipse_php/weiphp/Application/Common/Model/ManagerMenuModel.class.php 第 167 行.
NOTIC: [8] Undefined index: side /Users/mac/eclipse_php/weiphp/Application/Common/Model/ManagerMenuModel.class.php 第 167 行.
NOTIC: [8] Undefined index: side /Users/mac/eclipse_php/weiphp/Application/Common/Model/ManagerMenuModel.class.php 第 167 行.
NOTIC: [8] Undefined index: side /Users/mac/eclipse_php/weiphp/Application/Common/Model/ManagerMenuModel.class.php 第 167 行.
NOTIC: [8] Undefined index: side /Users/mac/eclipse_php/weiphp/Application/Common/Model/ManagerMenuModel.class.php 第 167 行.
NOTIC: [8] Undefined index: side /Users/mac/eclipse_php/weiphp/Application/Common/Model/ManagerMenuModel.class.php 第 167 行.
NOTIC: [8] Undefined index: side /Users/mac/eclipse_php/weiphp/Application/Common/Model/ManagerMenuModel.class.php 第 167 行.
NOTIC: [8] Undefined index: side /Users/mac/eclipse_php/weiphp/Application/Common/Model/ManagerMenuModel.class.php 第 167 行.
NOTIC: [8] Undefined index: side /Users/mac/eclipse_php/weiphp/Application/Common/Model/ManagerMenuModel.class.php 第 167 行.
NOTIC: [8] Undefined index: side /Users/mac/eclipse_php/weiphp/Application/Common/Model/ManagerMenuModel.class.php 第 167 行.
NOTIC: [8] Undefined index: side /Users/mac/eclipse_php/weiphp/Application/Common/Model/ManagerMenuModel.class.php 第 167 行.
NOTIC: [8] Undefined index: side /Users/mac/eclipse_php/weiphp/Application/Common/Model/ManagerMenuModel.class.php 第 167 行.
NOTIC: [8] Undefined index: side /Users/mac/eclipse_php/weiphp/Application/Common/Model/ManagerMenuModel.class.php 第 167 行.
NOTIC: [8] Undefined index: side /Users/mac/eclipse_php/weiphp/Application/Common/Model/ManagerMenuModel.class.php 第 167 行.
NOTIC: [8] Undefined index: side /Users/mac/eclipse_php/weiphp/Application/Common/Model/ManagerMenuModel.class.php 第 167 行.
NOTIC: [8] Undefined index: side /Users/mac/eclipse_php/weiphp/Application/Common/Model/ManagerMenuModel.class.php 第 167 行.
NOTIC: [8] Undefined index: side /Users/mac/eclipse_php/weiphp/Application/Common/Model/ManagerMenuModel.class.php 第 167 行.
NOTIC: [8] Undefined offset: 14 /Users/mac/eclipse_php/weiphp/Application/Common/Model/ManagerMenuModel.class.php 第 173 行.
SQL: SELECT * FROM `wp_public_link` WHERE `uid` = 0  [ RunTime:0.0006s ]
NOTIC: [2] Invalid argument supplied for foreach() /Users/mac/eclipse_php/weiphp/Application/Common/Model/PublicModel.class.php 第 46 行.
NOTIC: [8] Undefined variable: res /Users/mac/eclipse_php/weiphp/Application/Common/Model/PublicModel.class.php 第 50 行.
INFO: [ app_end ] --START--
INFO: Run Behavior\ShowPageTraceBehavior [ RunTime:0.000814s ]
INFO: Run Behavior\CronRunBehavior [ RunTime:0.000982s ]
INFO: [ app_end ] --END-- [ RunTime:0.002652s ]

